[2020-06-25 18:28:52,194] INFO in _internal:  * Running on http://127.0.0.1:5000/ (Press CTRL+C to quit)
[2020-06-25 18:28:52,203] INFO in _internal:  * Restarting with stat
[2020-06-25 18:28:54,897] WARNING in _internal:  * Debugger is active!
[2020-06-25 18:28:54,924] INFO in _internal:  * Debugger PIN: 581-626-461
[2020-06-25 18:32:20,623] INFO in _internal: 127.0.0.1 - - [25/Jun/2020 18:32:20] "GET /api HTTP/1.1" 308 -
[2020-06-25 18:32:20,831] INFO in _internal: 127.0.0.1 - - [25/Jun/2020 18:32:20] "GET /api/ HTTP/1.1" 200 -
[2020-06-25 18:32:21,115] INFO in _internal: 127.0.0.1 - - [25/Jun/2020 18:32:21] "GET /swaggerui/droid-sans.css HTTP/1.1" 200 -
[2020-06-25 18:32:21,119] INFO in _internal: 127.0.0.1 - - [25/Jun/2020 18:32:21] "GET /swaggerui/swagger-ui-bundle.js HTTP/1.1" 200 -
[2020-06-25 18:32:21,127] INFO in _internal: 127.0.0.1 - - [25/Jun/2020 18:32:21] "GET /swaggerui/swagger-ui.css HTTP/1.1" 200 -
[2020-06-25 18:32:21,173] INFO in _internal: 127.0.0.1 - - [25/Jun/2020 18:32:21] "GET /swaggerui/swagger-ui-standalone-preset.js HTTP/1.1" 200 -
[2020-06-25 18:32:21,924] INFO in _internal: 127.0.0.1 - - [25/Jun/2020 18:32:21] "GET /swaggerui/favicon-16x16.png HTTP/1.1" 200 -
[2020-06-25 18:32:22,919] INFO in _internal: 127.0.0.1 - - [25/Jun/2020 18:32:22] "GET /api/swagger.json HTTP/1.1" 200 -
[2020-06-25 18:32:56,163] INFO in _internal: 127.0.0.1 - - [25/Jun/2020 18:32:56] "GET /api/api/posts/ HTTP/1.1" 200 -
[2020-06-25 18:32:59,719] INFO in _internal: 127.0.0.1 - - [25/Jun/2020 18:32:59] "GET /api/api/posts/ HTTP/1.1" 200 -
[2020-06-25 22:29:15,591] INFO in _internal: 127.0.0.1 - - [25/Jun/2020 22:29:15] "GET /api/api/posts/ HTTP/1.1" 200 -
[2020-06-25 22:37:07,746] INFO in _internal: 127.0.0.1 - - [25/Jun/2020 22:37:07] "GET /api/api/posts/ HTTP/1.1" 200 -
[2020-06-25 22:41:26,768] DEBUG in app: encrypted_credentials: gAAAAABe9VJHAAECAwQFBgcICQoLDA0OD7chTie6dAlctSlII61cYL-CsF8NzPoC7r116XtRzSTTy2KeJ0KpDeb3mZO4a9AUtrXn9MV8gW4LvXzutk2K92H5HQ19sTuClQiEjKn5-UWIDn2Sf0hRwjIzrs30AC9srT4dZgDxJCAyEYPYEex6Eg9ArdnRpiWVE2eGX7Ol39yk
[2020-06-25 22:41:28,781] DEBUG in app: credentials: {'sys': 'blog', 'usr': 'administrador', 'psw': '12345', 'grp': '2', 'tme': 'Thu Jun 25 2020 22:41:26 '}, verified: True
[2020-06-25 22:41:28,782] DEBUG in app: 
[2020-06-25 22:41:28,789] INFO in _internal: 127.0.0.1 - - [25/Jun/2020 22:41:28] "GET /api/api/get_token/gAAAAABe9VJHAAECAwQFBgcICQoLDA0OD7chTie6dAlctSlII61cYL-CsF8NzPoC7r116XtRzSTTy2KeJ0KpDeb3mZO4a9AUtrXn9MV8gW4LvXzutk2K92H5HQ19sTuClQiEjKn5-UWIDn2Sf0hRwjIzrs30AC9srT4dZgDxJCAyEYPYEex6Eg9ArdnRpiWVE2eGX7Ol39yk HTTP/1.1" 200 -
[2020-06-25 22:41:38,549] DEBUG in app: encrypted_credentials: gAAAAABe9VJTAAECAwQFBgcICQoLDA0OD7chTie6dAlctSlII61cYL-CsF8NzPoC7r116XtRzSTTy2KeJ0KpDeb3mZO4a9AUtrXn9MV8gW4LvXzutk2K92H5HQ19sTuClQiEjKn5-UWIQ781qi_3wzkg49QfL27A_F8pdnNNag1Zg8sdi40fZwFBBuc7A7Vx8cku9H76LEmy
[2020-06-25 22:41:38,560] DEBUG in app: credentials: {'sys': 'blog', 'usr': 'administrador', 'psw': '12345', 'grp': '2', 'tme': 'Thu Jun 25 2020 22:41:38 '}, verified: True
[2020-06-25 22:41:38,586] DEBUG in app: 
[2020-06-25 22:41:38,589] INFO in _internal: 127.0.0.1 - - [25/Jun/2020 22:41:38] "GET /api/api/get_token/gAAAAABe9VJTAAECAwQFBgcICQoLDA0OD7chTie6dAlctSlII61cYL-CsF8NzPoC7r116XtRzSTTy2KeJ0KpDeb3mZO4a9AUtrXn9MV8gW4LvXzutk2K92H5HQ19sTuClQiEjKn5-UWIQ781qi_3wzkg49QfL27A_F8pdnNNag1Zg8sdi40fZwFBBuc7A7Vx8cku9H76LEmy HTTP/1.1" 200 -
[2020-06-25 22:46:45,302] INFO in _internal: 127.0.0.1 - - [25/Jun/2020 22:46:45] "GET /api/api/posts/ HTTP/1.1" 200 -
[2020-06-25 22:46:58,260] DEBUG in app: encrypted_credentials: gAAAAABe9VOSAAECAwQFBgcICQoLDA0OD7chTie6dAlctSlII61cYL-CsF8NzPoC7r116XtRzSTTy2KeJ0KpDeb3mZO4a9AUtrXn9MV8gW4LvXzutk2K92H5HQ19sTuClQiEjKn5-UWIpaoKgIU4uPxtFtJcKdFMpt8kZ--OOBxPKsPMfD-eDk_KVvkBRnnyBI-Ta7oLERsR
[2020-06-25 22:46:58,276] DEBUG in app: credentials: {'sys': 'blog', 'usr': 'administrador', 'psw': '12345', 'grp': '2', 'tme': 'Thu Jun 25 2020 22:46:58 '}, verified: True
[2020-06-25 22:46:58,280] DEBUG in app: 
[2020-06-25 22:46:58,291] INFO in _internal: 127.0.0.1 - - [25/Jun/2020 22:46:58] "GET /api/api/get_token/gAAAAABe9VOSAAECAwQFBgcICQoLDA0OD7chTie6dAlctSlII61cYL-CsF8NzPoC7r116XtRzSTTy2KeJ0KpDeb3mZO4a9AUtrXn9MV8gW4LvXzutk2K92H5HQ19sTuClQiEjKn5-UWIpaoKgIU4uPxtFtJcKdFMpt8kZ--OOBxPKsPMfD-eDk_KVvkBRnnyBI-Ta7oLERsR HTTP/1.1" 200 -
[2020-06-25 22:47:22,228] DEBUG in app: ***authentication***
[2020-06-25 22:47:22,235] DEBUG in app: token:eyJ0eXAiOiJKV1QiLCJhbGciOiJIUzI1NiJ9.eyJleHAiOjE1OTMyMjI0MTgsImlhdCI6MTU5MzEzNjAxOCwic3lzIjoiYmxvZyIsInVzciI6ImFkbWluaXN0cmFkb3IiLCJwc3ciOiIxMjM0NSIsImdycCI6IjIifQ.W55VdhCj84qxlDhOPPsy37yQFYknHPciaOVHDDjNygg
[2020-06-25 22:47:22,268] DEBUG in app: ***authentication end***
[2020-06-25 22:47:22,430] INFO in _internal: 127.0.0.1 - - [25/Jun/2020 22:47:22] "POST /api/api/add_post/ HTTP/1.1" 200 -
[2020-06-25 22:47:43,380] INFO in _internal: 127.0.0.1 - - [25/Jun/2020 22:47:43] "GET /api/api/posts/ HTTP/1.1" 200 -
[2020-06-25 22:47:44,127] INFO in _internal: 127.0.0.1 - - [25/Jun/2020 22:47:44] "GET /api/api/files/20200625224722_post.jpeg HTTP/1.1" 200 -
[2020-06-26 06:57:29,076] INFO in _internal:  * Running on http://127.0.0.1:5000/ (Press CTRL+C to quit)
[2020-06-26 06:57:29,135] INFO in _internal:  * Restarting with stat
[2020-06-26 06:57:31,757] WARNING in _internal:  * Debugger is active!
[2020-06-26 06:57:31,872] INFO in _internal:  * Debugger PIN: 581-626-461
[2020-06-26 07:01:20,371] INFO in _internal: 127.0.0.1 - - [26/Jun/2020 07:01:20] "GET /api/api/posts/ HTTP/1.1" 200 -
[2020-06-26 07:01:20,575] INFO in _internal: 127.0.0.1 - - [26/Jun/2020 07:01:20] "GET /api/api/files/20200625224722_post.jpeg HTTP/1.1" 200 -
[2020-06-26 07:01:40,406] INFO in _internal: 127.0.0.1 - - [26/Jun/2020 07:01:40] "GET /api/ HTTP/1.1" 200 -
[2020-06-26 07:01:40,786] INFO in _internal: 127.0.0.1 - - [26/Jun/2020 07:01:40] "GET /swaggerui/droid-sans.css HTTP/1.1" 200 -
[2020-06-26 07:01:40,826] INFO in _internal: 127.0.0.1 - - [26/Jun/2020 07:01:40] "GET /swaggerui/swagger-ui-bundle.js HTTP/1.1" 200 -
[2020-06-26 07:01:40,839] INFO in _internal: 127.0.0.1 - - [26/Jun/2020 07:01:40] "GET /swaggerui/swagger-ui.css HTTP/1.1" 200 -
[2020-06-26 07:01:40,842] INFO in _internal: 127.0.0.1 - - [26/Jun/2020 07:01:40] "GET /swaggerui/swagger-ui-standalone-preset.js HTTP/1.1" 200 -
[2020-06-26 07:01:41,593] INFO in _internal: 127.0.0.1 - - [26/Jun/2020 07:01:41] "GET /swaggerui/favicon-16x16.png HTTP/1.1" 200 -
[2020-06-26 07:01:43,102] INFO in _internal: 127.0.0.1 - - [26/Jun/2020 07:01:43] "GET /api/swagger.json HTTP/1.1" 200 -
[2020-06-26 07:51:22,305] INFO in _internal: 127.0.0.1 - - [26/Jun/2020 07:51:22] "GET /api/api/posts/ HTTP/1.1" 200 -
[2020-06-26 07:51:22,611] INFO in _internal: 127.0.0.1 - - [26/Jun/2020 07:51:22] "GET /api/api/files/20200625224722_post.jpeg HTTP/1.1" 200 -
[2020-06-26 07:51:50,571] INFO in _internal: 127.0.0.1 - - [26/Jun/2020 07:51:50] "GET /api/api/posts/ HTTP/1.1" 200 -
[2020-06-26 07:51:50,817] INFO in _internal: 127.0.0.1 - - [26/Jun/2020 07:51:50] "GET /api/api/files/20200625224722_post.jpeg HTTP/1.1" 200 -
[2020-06-26 07:53:26,054] INFO in _internal: 127.0.0.1 - - [26/Jun/2020 07:53:26] "GET /api/api/posts/ HTTP/1.1" 200 -
[2020-06-26 07:53:26,241] INFO in _internal: 127.0.0.1 - - [26/Jun/2020 07:53:26] "GET /api/api/files/20200625224722_post.jpeg HTTP/1.1" 304 -
[2020-06-26 07:53:55,110] INFO in _internal: 127.0.0.1 - - [26/Jun/2020 07:53:55] "GET /api/api/posts/ HTTP/1.1" 200 -
[2020-06-26 07:53:55,233] INFO in _internal: 127.0.0.1 - - [26/Jun/2020 07:53:55] "GET /api/api/files/20200625224722_post.jpeg HTTP/1.1" 304 -
[2020-06-26 07:55:20,860] INFO in _internal: 127.0.0.1 - - [26/Jun/2020 07:55:20] "GET /api/api/posts/ HTTP/1.1" 200 -
[2020-06-26 07:55:21,177] INFO in _internal: 127.0.0.1 - - [26/Jun/2020 07:55:21] "GET /api/api/files/20200625224722_post.jpeg HTTP/1.1" 304 -
[2020-06-26 07:56:01,114] DEBUG in app: encrypted_credentials: gAAAAABe9dRBAAECAwQFBgcICQoLDA0OD7chTie6dAlctSlII61cYL-CsF8NzPoC7r116XtRzSTTy2KeJ0KpDeb3mZO4a9AUtrXn9MV8gW4LvXzutk2K92GLnV8g9FJzzO-IMRrRfJyEVrpQc9HFIkurChNoEkjyw3j8Xd6_OWxKnNyr4YcLT-53YzWSOGnJswOzjDNjiQcv
[2020-06-26 07:56:02,713] DEBUG in app: credentials: {'sys': 'blog', 'usr': 'administrador', 'psw': '12345', 'grp': '2', 'tme': 'Fri Jun 26 2020 07:56:00 '}, verified: True
[2020-06-26 07:56:02,714] DEBUG in app: 
[2020-06-26 07:56:02,717] INFO in _internal: 127.0.0.1 - - [26/Jun/2020 07:56:02] "GET /api/api/get_token/gAAAAABe9dRBAAECAwQFBgcICQoLDA0OD7chTie6dAlctSlII61cYL-CsF8NzPoC7r116XtRzSTTy2KeJ0KpDeb3mZO4a9AUtrXn9MV8gW4LvXzutk2K92GLnV8g9FJzzO-IMRrRfJyEVrpQc9HFIkurChNoEkjyw3j8Xd6_OWxKnNyr4YcLT-53YzWSOGnJswOzjDNjiQcv HTTP/1.1" 200 -
[2020-06-26 07:57:44,121] INFO in _internal: 127.0.0.1 - - [26/Jun/2020 07:57:44] "GET /api/api/posts/ HTTP/1.1" 200 -
[2020-06-26 07:57:44,751] INFO in _internal: 127.0.0.1 - - [26/Jun/2020 07:57:44] "GET /api/api/files/20200625224722_post.jpeg HTTP/1.1" 304 -
[2020-06-26 07:57:51,713] INFO in _internal: 127.0.0.1 - - [26/Jun/2020 07:57:51] "GET /api/api/posts/ HTTP/1.1" 200 -
[2020-06-26 07:57:51,999] INFO in _internal: 127.0.0.1 - - [26/Jun/2020 07:57:51] "GET /api/api/files/20200625224722_post.jpeg HTTP/1.1" 200 -
[2020-06-26 07:58:53,684] INFO in _internal: 127.0.0.1 - - [26/Jun/2020 07:58:53] "GET /api/api/posts/ HTTP/1.1" 200 -
[2020-06-26 07:58:53,882] INFO in _internal: 127.0.0.1 - - [26/Jun/2020 07:58:53] "GET /api/api/files/20200625224722_post.jpeg HTTP/1.1" 304 -
[2020-06-26 07:59:25,704] INFO in _internal: 127.0.0.1 - - [26/Jun/2020 07:59:25] "GET /api/api/posts/ HTTP/1.1" 200 -
[2020-06-26 07:59:25,934] INFO in _internal: 127.0.0.1 - - [26/Jun/2020 07:59:25] "GET /api/api/files/20200625224722_post.jpeg HTTP/1.1" 304 -
[2020-06-26 07:59:36,278] DEBUG in app: encrypted_credentials: gAAAAABe9dUYAAECAwQFBgcICQoLDA0OD7chTie6dAlctSlII61cYL-CsF8NzPoC7r116XtRzSTTy2KeJ0KpDeb3mZO4a9AUtrXn9MV8gW4LvXzutk2K92GLnV8g9FJzzO-IMRrRfJyEOPPllXsyjCMslcvCA1ycKI0IWn_0lcTxKLsWiPqeW0vBWVUtWXRXa39ubyv4YDxT
[2020-06-26 07:59:36,290] DEBUG in app: credentials: {'sys': 'blog', 'usr': 'administrador', 'psw': '12345', 'grp': '2', 'tme': 'Fri Jun 26 2020 07:59:36 '}, verified: True
[2020-06-26 07:59:36,291] DEBUG in app: 
[2020-06-26 07:59:36,295] INFO in _internal: 127.0.0.1 - - [26/Jun/2020 07:59:36] "GET /api/api/get_token/gAAAAABe9dUYAAECAwQFBgcICQoLDA0OD7chTie6dAlctSlII61cYL-CsF8NzPoC7r116XtRzSTTy2KeJ0KpDeb3mZO4a9AUtrXn9MV8gW4LvXzutk2K92GLnV8g9FJzzO-IMRrRfJyEOPPllXsyjCMslcvCA1ycKI0IWn_0lcTxKLsWiPqeW0vBWVUtWXRXa39ubyv4YDxT HTTP/1.1" 200 -
[2020-06-26 08:08:13,608] INFO in _internal: 127.0.0.1 - - [26/Jun/2020 08:08:13] "GET /api/api/posts/ HTTP/1.1" 200 -
[2020-06-26 08:08:14,800] INFO in _internal: 127.0.0.1 - - [26/Jun/2020 08:08:14] "GET /api/api/files/20200625224722_post.jpeg HTTP/1.1" 200 -
[2020-06-26 08:47:22,494] INFO in _internal: 127.0.0.1 - - [26/Jun/2020 08:47:22] "GET /api/api/posts/ HTTP/1.1" 200 -
[2020-06-26 08:47:22,998] INFO in _internal: 127.0.0.1 - - [26/Jun/2020 08:47:22] "GET /api/api/files/20200625224722_post.jpeg HTTP/1.1" 200 -
[2020-06-26 08:49:57,018] INFO in _internal: 127.0.0.1 - - [26/Jun/2020 08:49:57] "GET /api/api/posts/ HTTP/1.1" 200 -
[2020-06-26 08:49:57,505] INFO in _internal: 127.0.0.1 - - [26/Jun/2020 08:49:57] "GET /api/api/files/20200625224722_post.jpeg HTTP/1.1" 304 -
[2020-06-26 08:56:34,154] INFO in _internal: 127.0.0.1 - - [26/Jun/2020 08:56:34] "GET /api/api/posts/ HTTP/1.1" 200 -
[2020-06-26 08:56:34,758] INFO in _internal: 127.0.0.1 - - [26/Jun/2020 08:56:34] "GET /api/api/files/20200625224722_post.jpeg HTTP/1.1" 304 -
[2020-06-26 08:56:52,872] INFO in _internal: 127.0.0.1 - - [26/Jun/2020 08:56:52] "GET /api/api/posts/ HTTP/1.1" 200 -
[2020-06-26 08:56:53,561] INFO in _internal: 127.0.0.1 - - [26/Jun/2020 08:56:53] "GET /api/api/files/20200625224722_post.jpeg HTTP/1.1" 304 -
[2020-06-26 09:02:21,796] INFO in _internal: 127.0.0.1 - - [26/Jun/2020 09:02:21] "GET /api/api/posts/ HTTP/1.1" 200 -
[2020-06-26 09:02:22,324] INFO in _internal: 127.0.0.1 - - [26/Jun/2020 09:02:22] "GET /api/api/files/20200625224722_post.jpeg HTTP/1.1" 304 -
[2020-06-26 09:02:34,019] INFO in _internal: 127.0.0.1 - - [26/Jun/2020 09:02:34] "GET /api/api/posts/ HTTP/1.1" 200 -
[2020-06-26 09:02:34,392] INFO in _internal: 127.0.0.1 - - [26/Jun/2020 09:02:34] "GET /api/api/files/20200625224722_post.jpeg HTTP/1.1" 304 -
[2020-06-26 09:04:18,134] INFO in _internal: 127.0.0.1 - - [26/Jun/2020 09:04:18] "GET /api/api/posts/ HTTP/1.1" 200 -
[2020-06-26 09:04:18,660] INFO in _internal: 127.0.0.1 - - [26/Jun/2020 09:04:18] "GET /api/api/files/20200625224722_post.jpeg HTTP/1.1" 304 -
[2020-06-26 09:04:33,821] INFO in _internal: 127.0.0.1 - - [26/Jun/2020 09:04:33] "GET /api/api/posts/ HTTP/1.1" 200 -
[2020-06-26 09:04:34,452] INFO in _internal: 127.0.0.1 - - [26/Jun/2020 09:04:34] "GET /api/api/files/20200625224722_post.jpeg HTTP/1.1" 304 -
[2020-06-26 09:44:59,685] INFO in _internal: 127.0.0.1 - - [26/Jun/2020 09:44:59] "GET /api/api/posts/ HTTP/1.1" 200 -
[2020-06-26 09:45:00,365] INFO in _internal: 127.0.0.1 - - [26/Jun/2020 09:45:00] "GET /api/api/files/20200625224722_post.jpeg HTTP/1.1" 304 -
[2020-06-26 09:46:37,394] INFO in _internal: 127.0.0.1 - - [26/Jun/2020 09:46:37] "GET /api/api/posts/ HTTP/1.1" 200 -
[2020-06-26 09:46:38,194] INFO in _internal: 127.0.0.1 - - [26/Jun/2020 09:46:38] "GET /api/api/files/20200625224722_post.jpeg HTTP/1.1" 304 -
[2020-06-26 10:03:42,484] INFO in _internal: 127.0.0.1 - - [26/Jun/2020 10:03:42] "GET /api/api/posts/ HTTP/1.1" 200 -
[2020-06-26 10:03:43,064] INFO in _internal: 127.0.0.1 - - [26/Jun/2020 10:03:43] "GET /api/api/files/20200625224722_post.jpeg HTTP/1.1" 304 -
[2020-06-26 10:15:22,552] INFO in _internal: 127.0.0.1 - - [26/Jun/2020 10:15:22] "GET /api/api/posts/ HTTP/1.1" 200 -
[2020-06-26 10:15:24,051] INFO in _internal: 127.0.0.1 - - [26/Jun/2020 10:15:24] "GET /api/api/files/20200625224722_post.jpeg HTTP/1.1" 200 -
[2020-06-26 10:17:41,072] INFO in _internal: 127.0.0.1 - - [26/Jun/2020 10:17:41] "GET /api/api/posts/ HTTP/1.1" 200 -
[2020-06-26 10:18:31,921] INFO in _internal: 127.0.0.1 - - [26/Jun/2020 10:18:31] "GET /api/api/posts/ HTTP/1.1" 200 -
[2020-06-26 10:18:38,882] INFO in _internal: 127.0.0.1 - - [26/Jun/2020 10:18:38] "GET /api/api/posts/ HTTP/1.1" 200 -
[2020-06-26 10:18:41,301] INFO in _internal: 127.0.0.1 - - [26/Jun/2020 10:18:41] "GET /api/api/files/20200625224722_post.jpeg HTTP/1.1" 304 -
[2020-06-26 10:20:29,820] INFO in _internal: 127.0.0.1 - - [26/Jun/2020 10:20:29] "GET /api/api/posts/ HTTP/1.1" 200 -
[2020-06-26 10:20:32,513] INFO in _internal: 127.0.0.1 - - [26/Jun/2020 10:20:32] "GET /api/api/posts/ HTTP/1.1" 200 -
[2020-06-26 10:20:33,630] INFO in _internal: 127.0.0.1 - - [26/Jun/2020 10:20:33] "GET /api/api/files/20200625224722_post.jpeg HTTP/1.1" 304 -
[2020-06-26 10:21:41,974] INFO in _internal: 127.0.0.1 - - [26/Jun/2020 10:21:41] "GET /api/api/posts/ HTTP/1.1" 200 -
[2020-06-26 10:21:45,368] INFO in _internal: 127.0.0.1 - - [26/Jun/2020 10:21:45] "GET /api/api/posts/ HTTP/1.1" 200 -
[2020-06-26 10:21:46,405] INFO in _internal: 127.0.0.1 - - [26/Jun/2020 10:21:46] "GET /api/api/files/20200625224722_post.jpeg HTTP/1.1" 304 -
[2020-06-26 10:24:43,605] INFO in _internal: 127.0.0.1 - - [26/Jun/2020 10:24:43] "GET /api/api/posts/ HTTP/1.1" 200 -
[2020-06-26 10:24:46,944] INFO in _internal: 127.0.0.1 - - [26/Jun/2020 10:24:46] "GET /api/api/posts/ HTTP/1.1" 200 -
[2020-06-26 10:24:47,590] INFO in _internal: 127.0.0.1 - - [26/Jun/2020 10:24:47] "GET /api/api/files/20200625224722_post.jpeg HTTP/1.1" 304 -
[2020-06-26 10:28:41,680] INFO in _internal: 127.0.0.1 - - [26/Jun/2020 10:28:41] "GET /api/api/posts/ HTTP/1.1" 200 -
[2020-06-26 10:28:49,440] INFO in _internal: 127.0.0.1 - - [26/Jun/2020 10:28:49] "GET /api/api/posts/ HTTP/1.1" 200 -
[2020-06-26 10:28:51,002] INFO in _internal: 127.0.0.1 - - [26/Jun/2020 10:28:51] "GET /api/api/files/20200625224722_post.jpeg HTTP/1.1" 304 -
[2020-06-26 10:29:55,794] INFO in _internal: 127.0.0.1 - - [26/Jun/2020 10:29:55] "GET /api/api/posts/ HTTP/1.1" 200 -
[2020-06-26 10:29:59,494] INFO in _internal: 127.0.0.1 - - [26/Jun/2020 10:29:59] "GET /api/api/posts/ HTTP/1.1" 200 -
[2020-06-26 10:29:59,943] INFO in _internal: 127.0.0.1 - - [26/Jun/2020 10:29:59] "GET /api/api/files/20200625224722_post.jpeg HTTP/1.1" 304 -
[2020-06-26 10:34:10,966] INFO in _internal: 127.0.0.1 - - [26/Jun/2020 10:34:10] "GET /api/api/posts/ HTTP/1.1" 200 -
[2020-06-26 10:34:14,889] INFO in _internal: 127.0.0.1 - - [26/Jun/2020 10:34:14] "GET /api/api/posts/ HTTP/1.1" 200 -
[2020-06-26 10:34:16,513] INFO in _internal: 127.0.0.1 - - [26/Jun/2020 10:34:16] "GET /api/api/files/20200625224722_post.jpeg HTTP/1.1" 304 -
[2020-06-26 10:34:35,513] INFO in _internal: 127.0.0.1 - - [26/Jun/2020 10:34:35] "OPTIONS /add_post HTTP/1.1" 404 -
[2020-06-26 10:37:43,920] INFO in _internal: 127.0.0.1 - - [26/Jun/2020 10:37:43] "GET /api/api/posts/ HTTP/1.1" 200 -
[2020-06-26 10:37:47,762] INFO in _internal: 127.0.0.1 - - [26/Jun/2020 10:37:47] "GET /api/api/posts/ HTTP/1.1" 200 -
[2020-06-26 10:37:48,176] INFO in _internal: 127.0.0.1 - - [26/Jun/2020 10:37:48] "GET /api/api/files/20200625224722_post.jpeg HTTP/1.1" 304 -
[2020-06-26 10:39:05,241] INFO in _internal: 127.0.0.1 - - [26/Jun/2020 10:39:05] "GET /api/api/posts/ HTTP/1.1" 200 -
[2020-06-26 10:39:08,301] INFO in _internal: 127.0.0.1 - - [26/Jun/2020 10:39:08] "GET /api/api/posts/ HTTP/1.1" 200 -
[2020-06-26 10:39:08,936] INFO in _internal: 127.0.0.1 - - [26/Jun/2020 10:39:08] "GET /api/api/files/20200625224722_post.jpeg HTTP/1.1" 304 -
[2020-06-26 10:39:16,494] INFO in _internal: 127.0.0.1 - - [26/Jun/2020 10:39:16] "POST /add_post HTTP/1.1" 404 -
[2020-06-26 10:40:04,517] INFO in _internal: 127.0.0.1 - - [26/Jun/2020 10:40:04] "GET /api/api/posts/ HTTP/1.1" 200 -
[2020-06-26 10:40:11,223] INFO in _internal: 127.0.0.1 - - [26/Jun/2020 10:40:11] "GET /api/api/posts/ HTTP/1.1" 200 -
[2020-06-26 10:40:12,763] INFO in _internal: 127.0.0.1 - - [26/Jun/2020 10:40:12] "GET /api/api/files/20200625224722_post.jpeg HTTP/1.1" 200 -
[2020-06-26 10:40:26,531] INFO in _internal: 127.0.0.1 - - [26/Jun/2020 10:40:26] "POST /api/api/add_post HTTP/1.1" 500 -
[2020-06-26 10:41:46,019] INFO in _internal: 127.0.0.1 - - [26/Jun/2020 10:41:46] "GET /api/api/posts/ HTTP/1.1" 200 -
[2020-06-26 10:41:53,052] INFO in _internal: 127.0.0.1 - - [26/Jun/2020 10:41:53] "GET /api/api/posts/ HTTP/1.1" 200 -
[2020-06-26 10:41:55,052] INFO in _internal: 127.0.0.1 - - [26/Jun/2020 10:41:55] "GET /api/api/files/20200625224722_post.jpeg HTTP/1.1" 304 -
[2020-06-26 10:45:17,559] INFO in _internal: 127.0.0.1 - - [26/Jun/2020 10:45:17] "GET /api/api/posts/ HTTP/1.1" 200 -
[2020-06-26 10:45:24,057] INFO in _internal: 127.0.0.1 - - [26/Jun/2020 10:45:24] "GET /api/api/posts/ HTTP/1.1" 200 -
[2020-06-26 10:45:25,884] INFO in _internal: 127.0.0.1 - - [26/Jun/2020 10:45:25] "GET /api/api/files/20200625224722_post.jpeg HTTP/1.1" 304 -
[2020-06-26 10:45:29,775] INFO in _internal: 127.0.0.1 - - [26/Jun/2020 10:45:29] "POST /api/api/get_token/ HTTP/1.1" 404 -
[2020-06-26 11:01:51,774] INFO in _internal: 127.0.0.1 - - [26/Jun/2020 11:01:51] "GET /api/api/posts/ HTTP/1.1" 200 -
[2020-06-26 11:01:57,082] INFO in _internal: 127.0.0.1 - - [26/Jun/2020 11:01:57] "GET /api/api/posts/ HTTP/1.1" 200 -
[2020-06-26 11:01:57,883] INFO in _internal: 127.0.0.1 - - [26/Jun/2020 11:01:57] "GET /api/api/files/20200625224722_post.jpeg HTTP/1.1" 200 -
[2020-06-26 11:02:18,067] DEBUG in app: encrypted_credentials: gAAAAABe9f_qAAECAwQFBgcICQoLDA0OD7chTie6dAlctSlII61cYL-CsF8NzPoC7r116XtRzSTTy2KeJ0KpDeb3mZO4a9AUtrXn9MV8gW4LvXzutk2K92GLnV8g9FJzzO-IMRrRfJyER48lHAjiwQSwJTIEvt6rkdknhWRBj6KT0WkhkmZjoBCl7YCZmoIFBY0BRrihv8i0
[2020-06-26 11:02:21,302] DEBUG in app: credentials: {'sys': 'blog', 'usr': 'administrador', 'psw': '12345', 'grp': '2', 'tme': 'Fri Jun 26 2020 11:02:17 '}, verified: True
[2020-06-26 11:02:21,304] DEBUG in app: 
[2020-06-26 11:02:21,337] INFO in _internal: 127.0.0.1 - - [26/Jun/2020 11:02:21] "GET /api/api/get_token/gAAAAABe9f_qAAECAwQFBgcICQoLDA0OD7chTie6dAlctSlII61cYL-CsF8NzPoC7r116XtRzSTTy2KeJ0KpDeb3mZO4a9AUtrXn9MV8gW4LvXzutk2K92GLnV8g9FJzzO-IMRrRfJyER48lHAjiwQSwJTIEvt6rkdknhWRBj6KT0WkhkmZjoBCl7YCZmoIFBY0BRrihv8i0 HTTP/1.1" 200 -
[2020-06-26 11:03:20,232] INFO in _internal: 127.0.0.1 - - [26/Jun/2020 11:03:20] "GET /api/api/posts/ HTTP/1.1" 200 -
[2020-06-26 11:03:29,367] INFO in _internal: 127.0.0.1 - - [26/Jun/2020 11:03:29] "GET /api/api/posts/ HTTP/1.1" 200 -
[2020-06-26 11:04:33,007] INFO in _internal: 127.0.0.1 - - [26/Jun/2020 11:04:33] "GET /api/api/posts/ HTTP/1.1" 200 -
[2020-06-26 11:04:44,873] INFO in _internal: 127.0.0.1 - - [26/Jun/2020 11:04:44] "POST /api/api/get_token/ HTTP/1.1" 404 -
[2020-06-26 11:06:12,166] INFO in _internal: 127.0.0.1 - - [26/Jun/2020 11:06:12] "GET /api/api/posts/ HTTP/1.1" 200 -
[2020-06-26 11:06:21,601] DEBUG in app: ***authentication***
[2020-06-26 11:06:21,602] DEBUG in app: token:None
[2020-06-26 11:06:21,736] DEBUG in app: authentication error
[2020-06-26 11:06:21,737] DEBUG in app: Traceback (most recent call last):
  File "/home/crypto/Projects/Blog/app/backend/app.py", line 145, in decorated_function
    credentials = auth.decode_auth_token(token)
  File "/home/crypto/Projects/Blog/app/backend/auth.py", line 39, in decode_auth_token
    payload = jwt.decode(auth_token.encode(), config['DEFAULT']['SECRET_KEY'])
AttributeError: 'NoneType' object has no attribute 'encode'

[2020-06-26 11:06:21,799] INFO in _internal: 127.0.0.1 - - [26/Jun/2020 11:06:21] "POST /api/api/add_post/ HTTP/1.1" 400 -
[2020-06-26 11:07:23,958] INFO in _internal: 127.0.0.1 - - [26/Jun/2020 11:07:23] "GET /api/api/posts/ HTTP/1.1" 200 -
[2020-06-26 11:07:35,386] DEBUG in app: ***authentication***
[2020-06-26 11:07:35,387] DEBUG in app: token:None
[2020-06-26 11:07:35,388] DEBUG in app: authentication error
[2020-06-26 11:07:35,389] DEBUG in app: Traceback (most recent call last):
  File "/home/crypto/Projects/Blog/app/backend/app.py", line 145, in decorated_function
    credentials = auth.decode_auth_token(token)
  File "/home/crypto/Projects/Blog/app/backend/auth.py", line 39, in decode_auth_token
    payload = jwt.decode(auth_token.encode(), config['DEFAULT']['SECRET_KEY'])
AttributeError: 'NoneType' object has no attribute 'encode'

[2020-06-26 11:07:35,394] INFO in _internal: 127.0.0.1 - - [26/Jun/2020 11:07:35] "POST /api/api/add_post/ HTTP/1.1" 400 -
[2020-06-26 11:08:14,840] INFO in _internal: 127.0.0.1 - - [26/Jun/2020 11:08:14] "GET /api/api/posts/ HTTP/1.1" 200 -
[2020-06-26 11:08:25,438] INFO in _internal: 127.0.0.1 - - [26/Jun/2020 11:08:25] "POST /api/api/add_post HTTP/1.1" 500 -
[2020-06-26 11:15:50,752] INFO in _internal: 127.0.0.1 - - [26/Jun/2020 11:15:50] "GET /api/api/posts/ HTTP/1.1" 200 -
[2020-06-26 11:16:08,262] INFO in _internal: 127.0.0.1 - - [26/Jun/2020 11:16:08] "POST /api/api/add_post HTTP/1.1" 500 -
[2020-06-26 11:45:08,570] INFO in _internal: 127.0.0.1 - - [26/Jun/2020 11:45:08] "POST /api/api/add_post HTTP/1.1" 500 -
[2020-06-26 11:45:15,268] INFO in _internal: 127.0.0.1 - - [26/Jun/2020 11:45:15] "POST /api/api/add_post HTTP/1.1" 500 -
[2020-06-26 11:45:24,246] INFO in _internal: 127.0.0.1 - - [26/Jun/2020 11:45:24] "GET /api/api/posts/ HTTP/1.1" 200 -
[2020-06-26 11:45:53,993] INFO in _internal: 127.0.0.1 - - [26/Jun/2020 11:45:53] "POST /api/api/add_post HTTP/1.1" 500 -
[2020-06-26 11:46:04,418] INFO in _internal: 127.0.0.1 - - [26/Jun/2020 11:46:04] "POST /api/api/add_post HTTP/1.1" 500 -
[2020-06-26 11:47:04,686] INFO in _internal: 127.0.0.1 - - [26/Jun/2020 11:47:04] "POST /api/api/add_post HTTP/1.1" 500 -
[2020-06-26 11:47:59,212] INFO in _internal: 127.0.0.1 - - [26/Jun/2020 11:47:59] "POST /api/api/add_post HTTP/1.1" 500 -
[2020-06-26 11:49:09,935] INFO in _internal: 127.0.0.1 - - [26/Jun/2020 11:49:09] "GET /api/api/posts/ HTTP/1.1" 200 -
[2020-06-26 11:49:20,306] INFO in _internal: 127.0.0.1 - - [26/Jun/2020 11:49:20] "POST /api/api/add_post HTTP/1.1" 500 -
[2020-06-26 11:51:48,435] INFO in _internal: 127.0.0.1 - - [26/Jun/2020 11:51:48] "GET /api/api/posts/ HTTP/1.1" 200 -
[2020-06-26 11:52:00,288] DEBUG in app: ***authentication***
[2020-06-26 11:52:00,294] DEBUG in app: token:None
[2020-06-26 11:52:00,299] DEBUG in app: authentication error
[2020-06-26 11:52:00,304] DEBUG in app: Traceback (most recent call last):
  File "/home/crypto/Projects/Blog/app/backend/app.py", line 145, in decorated_function
    credentials = auth.decode_auth_token(token)
  File "/home/crypto/Projects/Blog/app/backend/auth.py", line 39, in decode_auth_token
    payload = jwt.decode(auth_token.encode(), config['DEFAULT']['SECRET_KEY'])
AttributeError: 'NoneType' object has no attribute 'encode'

[2020-06-26 11:52:00,317] INFO in _internal: 127.0.0.1 - - [26/Jun/2020 11:52:00] "POST /api/api/add_post/ HTTP/1.1" 400 -
[2020-06-26 11:52:48,265] INFO in _internal: 127.0.0.1 - - [26/Jun/2020 11:52:48] "GET /api/api/posts/ HTTP/1.1" 200 -
[2020-06-26 11:53:12,211] INFO in _internal: 127.0.0.1 - - [26/Jun/2020 11:53:12] "GET /api/api/posts/ HTTP/1.1" 200 -
[2020-06-26 11:53:22,127] DEBUG in app: ***authentication***
[2020-06-26 11:53:22,127] DEBUG in app: token:None
[2020-06-26 11:53:22,128] DEBUG in app: authentication error
[2020-06-26 11:53:22,133] DEBUG in app: Traceback (most recent call last):
  File "/home/crypto/Projects/Blog/app/backend/app.py", line 145, in decorated_function
    credentials = auth.decode_auth_token(token)
  File "/home/crypto/Projects/Blog/app/backend/auth.py", line 39, in decode_auth_token
    payload = jwt.decode(auth_token.encode(), config['DEFAULT']['SECRET_KEY'])
AttributeError: 'NoneType' object has no attribute 'encode'

[2020-06-26 11:53:22,142] INFO in _internal: 127.0.0.1 - - [26/Jun/2020 11:53:22] "POST /api/api/add_post/ HTTP/1.1" 400 -
[2020-06-26 12:02:35,336] INFO in _internal: 127.0.0.1 - - [26/Jun/2020 12:02:35] "GET /api/api/posts/ HTTP/1.1" 200 -
[2020-06-26 12:02:55,718] DEBUG in app: ***authentication***
[2020-06-26 12:02:55,719] DEBUG in app: token:None
[2020-06-26 12:02:55,720] DEBUG in app: authentication error
[2020-06-26 12:02:55,721] DEBUG in app: Traceback (most recent call last):
  File "/home/crypto/Projects/Blog/app/backend/app.py", line 145, in decorated_function
    credentials = auth.decode_auth_token(token)
  File "/home/crypto/Projects/Blog/app/backend/auth.py", line 39, in decode_auth_token
    payload = jwt.decode(auth_token.encode(), config['DEFAULT']['SECRET_KEY'])
AttributeError: 'NoneType' object has no attribute 'encode'

[2020-06-26 12:02:55,725] INFO in _internal: 127.0.0.1 - - [26/Jun/2020 12:02:55] "POST /api/api/add_post/ HTTP/1.1" 400 -
[2020-06-26 12:27:36,620] INFO in _internal: 127.0.0.1 - - [26/Jun/2020 12:27:36] "GET /api/api/posts/ HTTP/1.1" 200 -
[2020-06-26 12:27:48,515] DEBUG in app: ***authentication***
[2020-06-26 12:27:48,534] DEBUG in app: token:None
[2020-06-26 12:27:48,537] DEBUG in app: authentication error
[2020-06-26 12:27:48,542] DEBUG in app: Traceback (most recent call last):
  File "/home/crypto/Projects/Blog/app/backend/app.py", line 145, in decorated_function
    credentials = auth.decode_auth_token(token)
  File "/home/crypto/Projects/Blog/app/backend/auth.py", line 39, in decode_auth_token
    payload = jwt.decode(auth_token.encode(), config['DEFAULT']['SECRET_KEY'])
AttributeError: 'NoneType' object has no attribute 'encode'

[2020-06-26 12:27:48,554] INFO in _internal: 127.0.0.1 - - [26/Jun/2020 12:27:48] "POST /api/api/add_post/ HTTP/1.1" 400 -
[2020-06-26 12:34:28,337] INFO in _internal: 127.0.0.1 - - [26/Jun/2020 12:34:28] "GET /api/api/posts/ HTTP/1.1" 200 -
[2020-06-26 12:34:52,794] INFO in _internal: 127.0.0.1 - - [26/Jun/2020 12:34:52] "POST /api/api/add_post HTTP/1.1" 500 -
[2020-06-26 12:37:26,517] INFO in _internal: 127.0.0.1 - - [26/Jun/2020 12:37:26] "GET /api/api/posts/ HTTP/1.1" 200 -
[2020-06-26 12:37:35,194] INFO in _internal: 127.0.0.1 - - [26/Jun/2020 12:37:35] "POST /api/api/add_post HTTP/1.1" 500 -
[2020-06-26 12:40:42,461] INFO in _internal: 127.0.0.1 - - [26/Jun/2020 12:40:42] "GET /api/api/posts/ HTTP/1.1" 200 -
[2020-06-26 12:41:08,213] INFO in _internal: 127.0.0.1 - - [26/Jun/2020 12:41:08] "POST /api/api/add_post HTTP/1.1" 500 -
[2020-06-26 12:45:45,494] INFO in _internal: 127.0.0.1 - - [26/Jun/2020 12:45:45] "GET /api/api/posts/ HTTP/1.1" 200 -
[2020-06-26 12:48:22,049] INFO in _internal:  * Detected change in '/home/crypto/Projects/Blog/app/backend/app.py', reloading
[2020-06-26 12:48:33,397] INFO in _internal:  * Restarting with stat
[2020-06-26 12:57:00,787] INFO in _internal:  * Running on http://127.0.0.1:5000/ (Press CTRL+C to quit)
[2020-06-26 12:57:00,813] INFO in _internal:  * Restarting with stat
[2020-06-26 12:57:03,133] WARNING in _internal:  * Debugger is active!
[2020-06-26 12:57:03,319] INFO in _internal:  * Debugger PIN: 581-626-461
[2020-06-26 12:57:10,644] INFO in _internal:  * Detected change in '/home/crypto/Projects/Blog/app/backend/app.py', reloading
[2020-06-26 12:57:11,455] INFO in _internal:  * Restarting with stat
[2020-06-26 13:01:10,357] INFO in _internal:  * Running on http://127.0.0.1:5000/ (Press CTRL+C to quit)
[2020-06-26 13:01:10,362] INFO in _internal:  * Restarting with stat
[2020-06-26 13:01:12,700] WARNING in _internal:  * Debugger is active!
[2020-06-26 13:01:12,729] INFO in _internal:  * Debugger PIN: 581-626-461
[2020-06-26 13:01:23,323] INFO in _internal: 127.0.0.1 - - [26/Jun/2020 13:01:23] "GET /api/ HTTP/1.1" 200 -
[2020-06-26 13:01:24,069] INFO in _internal: 127.0.0.1 - - [26/Jun/2020 13:01:24] "GET /swaggerui/droid-sans.css HTTP/1.1" 200 -
[2020-06-26 13:01:24,072] INFO in _internal: 127.0.0.1 - - [26/Jun/2020 13:01:24] "GET /swaggerui/swagger-ui.css HTTP/1.1" 200 -
[2020-06-26 13:01:24,178] INFO in _internal: 127.0.0.1 - - [26/Jun/2020 13:01:24] "GET /swaggerui/swagger-ui-bundle.js HTTP/1.1" 304 -
[2020-06-26 13:01:24,225] INFO in _internal: 127.0.0.1 - - [26/Jun/2020 13:01:24] "GET /swaggerui/swagger-ui-standalone-preset.js HTTP/1.1" 304 -
[2020-06-26 13:01:24,949] INFO in _internal: 127.0.0.1 - - [26/Jun/2020 13:01:24] "GET /swaggerui/favicon-16x16.png HTTP/1.1" 200 -
[2020-06-26 13:01:27,255] INFO in _internal: 127.0.0.1 - - [26/Jun/2020 13:01:27] "GET /api/swagger.json HTTP/1.1" 200 -
[2020-06-26 13:01:40,195] INFO in _internal: 127.0.0.1 - - [26/Jun/2020 13:01:40] "GET /api/api/posts/ HTTP/1.1" 200 -
[2020-06-26 13:02:49,161] INFO in _internal: 127.0.0.1 - - [26/Jun/2020 13:02:49] "POST /api/api/add_post HTTP/1.1" 500 -
[2020-06-26 13:05:06,091] INFO in _internal:  * Detected change in '/home/crypto/Projects/Blog/app/backend/app.py', reloading
[2020-06-26 13:05:06,985] INFO in _internal:  * Restarting with stat
[2020-06-26 13:05:09,790] WARNING in _internal:  * Debugger is active!
[2020-06-26 13:05:09,821] INFO in _internal:  * Debugger PIN: 581-626-461
[2020-06-26 13:05:11,175] INFO in _internal: 127.0.0.1 - - [26/Jun/2020 13:05:11] "POST /api/api/add_post HTTP/1.1" 500 -
[2020-06-26 13:06:33,366] INFO in _internal:  * Detected change in '/home/crypto/Projects/Blog/app/backend/app.py', reloading
[2020-06-26 13:06:33,774] INFO in _internal:  * Restarting with stat
[2020-06-26 13:06:36,430] WARNING in _internal:  * Debugger is active!
[2020-06-26 13:06:36,466] INFO in _internal:  * Debugger PIN: 581-626-461
[2020-06-26 13:06:38,012] INFO in _internal: 127.0.0.1 - - [26/Jun/2020 13:06:38] "POST /api/api/add_post HTTP/1.1" 500 -
[2020-06-26 13:07:04,710] INFO in _internal:  * Detected change in '/home/crypto/Projects/Blog/app/backend/app.py', reloading
[2020-06-26 13:07:05,503] INFO in _internal:  * Restarting with stat
[2020-06-26 13:07:07,985] WARNING in _internal:  * Debugger is active!
[2020-06-26 13:07:08,011] INFO in _internal:  * Debugger PIN: 581-626-461
[2020-06-26 13:07:08,089] INFO in _internal: 127.0.0.1 - - [26/Jun/2020 13:07:08] "POST /api/api/add_post HTTP/1.1" 500 -
[2020-06-26 13:09:53,444] INFO in _internal: 127.0.0.1 - - [26/Jun/2020 13:09:53] "GET /api/api/posts/ HTTP/1.1" 200 -
[2020-06-26 13:10:05,168] INFO in _internal: 127.0.0.1 - - [26/Jun/2020 13:10:05] "POST /api/api/add_post HTTP/1.1" 500 -
[2020-06-26 13:19:34,114] INFO in _internal: 127.0.0.1 - - [26/Jun/2020 13:19:34] "GET /api/api/posts/ HTTP/1.1" 200 -
[2020-06-26 13:19:34,835] INFO in _internal: 127.0.0.1 - - [26/Jun/2020 13:19:34] "GET /api/api/files/20200625224722_post.jpeg HTTP/1.1" 200 -
[2020-06-26 13:46:49,860] INFO in _internal: 127.0.0.1 - - [26/Jun/2020 13:46:49] "POST /api/api/add_post HTTP/1.1" 500 -
[2020-06-26 13:46:57,743] INFO in _internal: 127.0.0.1 - - [26/Jun/2020 13:46:57] "POST /api/api/add_post HTTP/1.1" 500 -
[2020-06-26 13:47:24,801] INFO in _internal: 127.0.0.1 - - [26/Jun/2020 13:47:24] "POST /api/api/add_post HTTP/1.1" 500 -
[2020-06-26 13:50:06,791] INFO in _internal: 127.0.0.1 - - [26/Jun/2020 13:50:06] "GET /api/ HTTP/1.1" 200 -
[2020-06-26 13:50:07,154] INFO in _internal: 127.0.0.1 - - [26/Jun/2020 13:50:07] "GET /swaggerui/swagger-ui.css HTTP/1.1" 200 -
[2020-06-26 13:50:07,155] INFO in _internal: 127.0.0.1 - - [26/Jun/2020 13:50:07] "GET /swaggerui/swagger-ui-standalone-preset.js HTTP/1.1" 200 -
[2020-06-26 13:50:07,163] INFO in _internal: 127.0.0.1 - - [26/Jun/2020 13:50:07] "GET /swaggerui/droid-sans.css HTTP/1.1" 200 -
[2020-06-26 13:50:07,164] INFO in _internal: 127.0.0.1 - - [26/Jun/2020 13:50:07] "GET /swaggerui/swagger-ui-bundle.js HTTP/1.1" 200 -
[2020-06-26 13:50:08,527] INFO in _internal: 127.0.0.1 - - [26/Jun/2020 13:50:08] "GET /api/swagger.json HTTP/1.1" 200 -
[2020-06-26 13:50:08,642] INFO in _internal: 127.0.0.1 - - [26/Jun/2020 13:50:08] "GET /swaggerui/favicon-32x32.png HTTP/1.1" 200 -
[2020-06-26 15:01:08,305] INFO in _internal: 127.0.0.1 - - [26/Jun/2020 15:01:08] "GET /api/api/posts/ HTTP/1.1" 200 -
[2020-06-26 15:01:09,071] INFO in _internal: 127.0.0.1 - - [26/Jun/2020 15:01:09] "GET /api/api/files/20200625224722_post.jpeg HTTP/1.1" 200 -
[2020-06-26 15:01:09,526] INFO in _internal: 127.0.0.1 - - [26/Jun/2020 15:01:09] "POST /api/api/add_post HTTP/1.1" 500 -
[2020-06-26 15:05:45,724] INFO in _internal: 127.0.0.1 - - [26/Jun/2020 15:05:45] "GET /api/api/posts/ HTTP/1.1" 200 -
[2020-06-26 15:05:45,905] INFO in _internal: 127.0.0.1 - - [26/Jun/2020 15:05:45] "GET /api/api/files/20200625224722_post.jpeg HTTP/1.1" 200 -
[2020-06-26 15:06:00,751] INFO in _internal: 127.0.0.1 - - [26/Jun/2020 15:06:00] "GET /api/api/posts/ HTTP/1.1" 200 -
[2020-06-26 15:06:14,458] INFO in _internal: 127.0.0.1 - - [26/Jun/2020 15:06:14] "OPTIONS /api/api/add_post HTTP/1.1" 308 -
[2020-06-26 15:14:26,626] INFO in _internal: 127.0.0.1 - - [26/Jun/2020 15:14:26] "GET /api/api/posts/ HTTP/1.1" 200 -
[2020-06-26 15:14:26,861] INFO in _internal: 127.0.0.1 - - [26/Jun/2020 15:14:26] "GET /api/api/posts/ HTTP/1.1" 200 -
[2020-06-26 15:14:27,336] INFO in _internal: 127.0.0.1 - - [26/Jun/2020 15:14:27] "GET /api/api/files/20200625224722_post.jpeg HTTP/1.1" 304 -
[2020-06-26 15:14:37,330] INFO in _internal: 127.0.0.1 - - [26/Jun/2020 15:14:37] "OPTIONS /api/api/add_post HTTP/1.1" 308 -
[2020-06-26 15:17:51,264] INFO in _internal: 127.0.0.1 - - [26/Jun/2020 15:17:51] "GET /api/api/posts/ HTTP/1.1" 200 -
[2020-06-26 15:23:02,759] INFO in _internal: 127.0.0.1 - - [26/Jun/2020 15:23:02] "GET /api/api/posts/ HTTP/1.1" 200 -
[2020-06-26 15:23:03,952] INFO in _internal: 127.0.0.1 - - [26/Jun/2020 15:23:03] "GET /api/api/files/20200625224722_post.jpeg HTTP/1.1" 200 -
[2020-06-26 15:32:41,911] INFO in _internal: 127.0.0.1 - - [26/Jun/2020 15:32:41] "GET /api/api/posts/ HTTP/1.1" 200 -
[2020-06-26 15:32:42,210] INFO in _internal: 127.0.0.1 - - [26/Jun/2020 15:32:42] "GET /api/api/files/20200625224722_post.jpeg HTTP/1.1" 200 -
[2020-06-26 15:33:01,886] INFO in _internal: 127.0.0.1 - - [26/Jun/2020 15:33:01] "OPTIONS /api/api/add_post HTTP/1.1" 308 -
[2020-06-26 15:33:47,244] INFO in _internal: 127.0.0.1 - - [26/Jun/2020 15:33:47] "GET /api/api/posts/ HTTP/1.1" 200 -
[2020-06-26 15:33:58,241] INFO in _internal: 127.0.0.1 - - [26/Jun/2020 15:33:58] "OPTIONS /api/api/add_post/ HTTP/1.1" 200 -
[2020-06-26 15:33:58,314] DEBUG in app: ***authentication***
[2020-06-26 15:33:58,314] DEBUG in app: token:eyJ0eXAiOiJKV1QiLCJhbGciOiJIUzI1NiJ9.eyJleHAiOjE1OTMyNjY1NDEsImlhdCI6MTU5MzE4MDE0MSwic3lzIjoiYmxvZyIsInVzciI6ImFkbWluaXN0cmFkb3IiLCJwc3ciOiIxMjM0NSIsImdycCI6IjIifQ._XJMTl8q5QcEZSB--VQN1qxwkw2Ah5uzjgsZb-NVRhE
[2020-06-26 15:33:58,431] DEBUG in app: ***authentication end***
[2020-06-26 15:34:00,920] INFO in _internal: 127.0.0.1 - - [26/Jun/2020 15:34:00] "POST /api/api/add_post/ HTTP/1.1" 200 -
[2020-06-26 15:34:24,062] INFO in _internal: 127.0.0.1 - - [26/Jun/2020 15:34:24] "GET /api/api/posts/ HTTP/1.1" 200 -
[2020-06-26 15:34:24,387] INFO in _internal: 127.0.0.1 - - [26/Jun/2020 15:34:24] "GET /api/api/files/20200626153358_post.jpeg HTTP/1.1" 200 -
[2020-06-26 15:43:10,488] INFO in _internal: 127.0.0.1 - - [26/Jun/2020 15:43:10] "GET /api/api/posts/ HTTP/1.1" 200 -
[2020-06-26 15:43:11,374] INFO in _internal: 127.0.0.1 - - [26/Jun/2020 15:43:11] "GET /api/api/posts/ HTTP/1.1" 200 -
[2020-06-26 15:43:11,762] INFO in _internal: 127.0.0.1 - - [26/Jun/2020 15:43:11] "GET /api/api/files/20200626153358_post.jpeg HTTP/1.1" 200 -
[2020-06-26 15:43:11,765] INFO in _internal: 127.0.0.1 - - [26/Jun/2020 15:43:11] "GET /api/api/files/20200625224722_post.jpeg HTTP/1.1" 200 -
[2020-06-26 15:43:36,082] INFO in _internal: 127.0.0.1 - - [26/Jun/2020 15:43:36] "OPTIONS /api/api/add_post/ HTTP/1.1" 200 -
[2020-06-26 15:43:36,129] DEBUG in app: ***authentication***
[2020-06-26 15:43:36,144] DEBUG in app: token:eyJ0eXAiOiJKV1QiLCJhbGciOiJIUzI1NiJ9.eyJleHAiOjE1OTMyNjY1NDEsImlhdCI6MTU5MzE4MDE0MSwic3lzIjoiYmxvZyIsInVzciI6ImFkbWluaXN0cmFkb3IiLCJwc3ciOiIxMjM0NSIsImdycCI6IjIifQ._XJMTl8q5QcEZSB--VQN1qxwkw2Ah5uzjgsZb-NVRhE
[2020-06-26 15:43:36,150] DEBUG in app: ***authentication end***
[2020-06-26 15:43:36,295] INFO in _internal: 127.0.0.1 - - [26/Jun/2020 15:43:36] "POST /api/api/add_post/ HTTP/1.1" 200 -
[2020-06-26 17:39:37,381] INFO in _internal:  * Running on http://127.0.0.1:5000/ (Press CTRL+C to quit)
[2020-06-26 17:39:37,416] INFO in _internal:  * Restarting with stat
[2020-06-26 17:39:40,268] WARNING in _internal:  * Debugger is active!
[2020-06-26 17:39:40,928] INFO in _internal:  * Debugger PIN: 581-626-461
[2020-06-26 17:39:48,815] INFO in _internal: 127.0.0.1 - - [26/Jun/2020 17:39:48] "GET /api/api/posts/ HTTP/1.1" 200 -
[2020-06-26 17:40:05,050] INFO in _internal: 127.0.0.1 - - [26/Jun/2020 17:40:05] "OPTIONS /api/api/add_post/ HTTP/1.1" 200 -
[2020-06-26 17:40:05,140] DEBUG in app: ***authentication***
[2020-06-26 17:40:05,143] DEBUG in app: token:eyJ0eXAiOiJKV1QiLCJhbGciOiJIUzI1NiJ9.eyJleHAiOjE1OTMyNjY1NDEsImlhdCI6MTU5MzE4MDE0MSwic3lzIjoiYmxvZyIsInVzciI6ImFkbWluaXN0cmFkb3IiLCJwc3ciOiIxMjM0NSIsImdycCI6IjIifQ._XJMTl8q5QcEZSB--VQN1qxwkw2Ah5uzjgsZb-NVRhE
[2020-06-26 17:40:05,178] DEBUG in app: ***authentication end***
[2020-06-26 17:40:05,374] INFO in _internal: 127.0.0.1 - - [26/Jun/2020 17:40:05] "POST /api/api/add_post/ HTTP/1.1" 200 -
[2020-06-26 17:40:14,901] INFO in _internal: 127.0.0.1 - - [26/Jun/2020 17:40:14] "GET /api/api/posts/ HTTP/1.1" 200 -
[2020-06-26 17:40:15,347] INFO in _internal: 127.0.0.1 - - [26/Jun/2020 17:40:15] "GET /api/api/files/20200626174005_post.jpeg HTTP/1.1" 200 -
[2020-06-26 17:42:26,397] INFO in _internal: 127.0.0.1 - - [26/Jun/2020 17:42:26] "GET /api/api/posts/ HTTP/1.1" 200 -
[2020-06-26 17:42:30,836] INFO in _internal: 127.0.0.1 - - [26/Jun/2020 17:42:30] "GET /api/api/posts/ HTTP/1.1" 200 -
[2020-06-26 17:42:31,433] INFO in _internal: 127.0.0.1 - - [26/Jun/2020 17:42:31] "GET /api/api/files/20200626174005_post.jpeg HTTP/1.1" 200 -
[2020-06-26 17:43:44,521] INFO in _internal: 127.0.0.1 - - [26/Jun/2020 17:43:44] "GET /api/api/posts/ HTTP/1.1" 200 -
[2020-06-26 17:43:44,996] INFO in _internal: 127.0.0.1 - - [26/Jun/2020 17:43:44] "GET /api/api/posts/ HTTP/1.1" 200 -
[2020-06-26 17:43:45,375] INFO in _internal: 127.0.0.1 - - [26/Jun/2020 17:43:45] "GET /api/api/files/20200626174005_post.jpeg HTTP/1.1" 200 -
[2020-06-26 17:43:55,306] INFO in _internal: 127.0.0.1 - - [26/Jun/2020 17:43:55] "GET /api/api/posts/ HTTP/1.1" 200 -
[2020-06-26 17:44:46,477] INFO in _internal: 127.0.0.1 - - [26/Jun/2020 17:44:46] "GET /api/api/posts/ HTTP/1.1" 200 -
[2020-06-26 17:44:47,134] INFO in _internal: 127.0.0.1 - - [26/Jun/2020 17:44:47] "GET /api/api/files/20200626174005_post.jpeg HTTP/1.1" 200 -
[2020-06-26 17:44:47,590] INFO in _internal: 127.0.0.1 - - [26/Jun/2020 17:44:47] "GET /api/api/posts/ HTTP/1.1" 200 -
[2020-06-28 06:18:14,843] INFO in _internal:  * Running on http://127.0.0.1:5000/ (Press CTRL+C to quit)
[2020-06-28 06:18:14,887] INFO in _internal:  * Restarting with stat
[2020-06-28 06:18:17,483] WARNING in _internal:  * Debugger is active!
[2020-06-28 06:18:19,383] INFO in _internal:  * Debugger PIN: 239-171-407
[2020-06-28 06:22:55,067] INFO in _internal: 127.0.0.1 - - [28/Jun/2020 06:22:55] "GET /api/api/posts/ HTTP/1.1" 200 -
[2020-06-28 06:22:55,258] INFO in _internal: 127.0.0.1 - - [28/Jun/2020 06:22:55] "GET /api/api/files/20200626174005_post.jpeg HTTP/1.1" 304 -
[2020-06-28 06:23:31,633] INFO in _internal: 127.0.0.1 - - [28/Jun/2020 06:23:31] "GET /api/swagger.json HTTP/1.1" 200 -
[2020-06-28 06:24:26,553] INFO in _internal: 127.0.0.1 - - [28/Jun/2020 06:24:26] "GET /api/api/posts/ HTTP/1.1" 200 -
[2020-06-28 06:24:27,194] INFO in _internal: 127.0.0.1 - - [28/Jun/2020 06:24:27] "GET /api/api/files/20200626174005_post.jpeg HTTP/1.1" 200 -
[2020-06-28 06:30:19,933] INFO in _internal: 127.0.0.1 - - [28/Jun/2020 06:30:19] "GET /api/api/posts/ HTTP/1.1" 200 -
[2020-06-28 06:31:50,015] INFO in _internal: 127.0.0.1 - - [28/Jun/2020 06:31:50] "GET /api/api/posts/ HTTP/1.1" 200 -
[2020-06-28 06:32:38,568] DEBUG in app: encrypted_credentials: gAAAAABe-GO2AAECAwQFBgcICQoLDA0OD7chTie6dAlctSlII61cYL-CsF8NzPoC7r116XtRzSTTy2KeJ0KpDeb3mZO4a9AUtrXn9MV8gW4LvXzutk2K92G7Z9NQKjNQKRcNQSOpNGSzVw3uIl7NKvsxXTvmHD_LsOaiX7aJ5uJfbh1Mq8S421_tpiO4_Ekv1x8CNFfj2j62
[2020-06-28 06:32:43,683] DEBUG in app: credentials: {'sys': 'blog', 'usr': 'administrador', 'psw': '12345', 'grp': '2', 'tme': 'Sun Jun 28 2020 06:32:38 '}, verified: True
[2020-06-28 06:32:43,687] DEBUG in app: 
[2020-06-28 06:32:43,692] INFO in _internal: 127.0.0.1 - - [28/Jun/2020 06:32:43] "GET /api/api/get_token/gAAAAABe-GO2AAECAwQFBgcICQoLDA0OD7chTie6dAlctSlII61cYL-CsF8NzPoC7r116XtRzSTTy2KeJ0KpDeb3mZO4a9AUtrXn9MV8gW4LvXzutk2K92G7Z9NQKjNQKRcNQSOpNGSzVw3uIl7NKvsxXTvmHD_LsOaiX7aJ5uJfbh1Mq8S421_tpiO4_Ekv1x8CNFfj2j62 HTTP/1.1" 200 -
[2020-06-28 06:34:55,025] INFO in _internal: 127.0.0.1 - - [28/Jun/2020 06:34:55] "OPTIONS /api/api/add_post/ HTTP/1.1" 200 -
[2020-06-28 06:34:55,146] DEBUG in app: ***authentication***
[2020-06-28 06:34:55,147] DEBUG in app: token:undefined
[2020-06-28 06:34:55,152] INFO in _internal: 127.0.0.1 - - [28/Jun/2020 06:34:55] "POST /api/api/add_post/ HTTP/1.1" 400 -
[2020-06-28 06:46:11,184] INFO in _internal: 127.0.0.1 - - [28/Jun/2020 06:46:11] "GET /api/api/posts/ HTTP/1.1" 200 -
[2020-06-28 06:48:45,062] INFO in _internal: 127.0.0.1 - - [28/Jun/2020 06:48:45] "GET /api/api/posts/ HTTP/1.1" 200 -
[2020-06-28 06:49:11,610] INFO in _internal: 127.0.0.1 - - [28/Jun/2020 06:49:11] "GET /api/api/posts/ HTTP/1.1" 200 -
[2020-06-28 06:49:33,501] DEBUG in app: encrypted_credentials: gAAAAABe-GetAAECAwQFBgcICQoLDA0OD7chTie6dAlctSlII61cYL-CsF8NzPoC7r116XtRzSTTy2KeJ0KpDeb3mZO4a9AUtrXn9MV8gW4LvXzutk2K92G7Z9NQKjNQKRcNQSOpNGSz4_TfeQ0n7TqmsjpKQLykc871-_NpgsZxOoFYDTtXyFOj59NHKaPQDMWd3BWOcz7R
[2020-06-28 06:49:34,260] DEBUG in app: credentials: {'sys': 'blog', 'usr': 'administrador', 'psw': '12345', 'grp': '2', 'tme': 'Sun Jun 28 2020 06:49:33 '}, verified: True
[2020-06-28 06:49:34,261] DEBUG in app: 
[2020-06-28 06:49:34,266] INFO in _internal: 127.0.0.1 - - [28/Jun/2020 06:49:34] "GET /api/api/get_token/gAAAAABe-GetAAECAwQFBgcICQoLDA0OD7chTie6dAlctSlII61cYL-CsF8NzPoC7r116XtRzSTTy2KeJ0KpDeb3mZO4a9AUtrXn9MV8gW4LvXzutk2K92G7Z9NQKjNQKRcNQSOpNGSz4_TfeQ0n7TqmsjpKQLykc871-_NpgsZxOoFYDTtXyFOj59NHKaPQDMWd3BWOcz7R HTTP/1.1" 200 -
[2020-06-28 06:50:10,670] INFO in _internal: 127.0.0.1 - - [28/Jun/2020 06:50:10] "GET /api/api/posts/ HTTP/1.1" 200 -
[2020-06-28 06:52:21,217] INFO in _internal: 127.0.0.1 - - [28/Jun/2020 06:52:21] "GET /api/api/posts/ HTTP/1.1" 200 -
[2020-06-28 06:52:57,674] INFO in _internal: 127.0.0.1 - - [28/Jun/2020 06:52:57] "OPTIONS /api/api/add_post/ HTTP/1.1" 200 -
[2020-06-28 06:52:57,693] DEBUG in app: ***authentication***
[2020-06-28 06:52:57,693] DEBUG in app: token:eyJ0eXAiOiJKV1QiLCJhbGciOiJIUzI1NiJ9.eyJleHAiOjE1OTM0MjQxNzQsImlhdCI6MTU5MzMzNzc3NCwic3lzIjoiYmxvZyIsInVzciI6ImFkbWluaXN0cmFkb3IiLCJwc3ciOiIxMjM0NSIsImdycCI6IjIifQ.-BZdPr15AJ3J6qkR61IxG3FmqzPYeB4P85T5hu3UXQk
[2020-06-28 06:52:57,773] DEBUG in app: ***authentication end***
[2020-06-28 06:52:57,979] INFO in _internal: 127.0.0.1 - - [28/Jun/2020 06:52:57] "POST /api/api/add_post/ HTTP/1.1" 200 -
[2020-06-28 06:53:34,843] INFO in _internal: 127.0.0.1 - - [28/Jun/2020 06:53:34] "GET /api/api/posts/ HTTP/1.1" 200 -
[2020-06-28 06:53:35,351] INFO in _internal: 127.0.0.1 - - [28/Jun/2020 06:53:35] "GET /api/api/files/20200628065257_bonita.jpeg HTTP/1.1" 200 -
[2020-06-28 06:54:01,082] DEBUG in app: encrypted_credentials: gAAAAABe-Gi5AAECAwQFBgcICQoLDA0OD7chTie6dAlctSlII61cYL-CsF8NzPoC7r116XtRzSTTy2KeJ0KpDeb3mZO4a9AUtrXn9MV8gW4LvXzutk2K92G7Z9NQKjNQKRcNQSOpNGSzG5n59QVJAVjZJ_H8qlDdf2mO6JxWDOsc9jshJCyEpa9T-aDUsu7-bf42-h6r0N2H
[2020-06-28 06:54:01,807] DEBUG in app: credentials: {'sys': 'blog', 'usr': 'administrador', 'psw': '12345', 'grp': '2', 'tme': 'Sun Jun 28 2020 06:54:01 '}, verified: True
[2020-06-28 06:54:01,807] DEBUG in app: 
[2020-06-28 06:54:01,811] INFO in _internal: 127.0.0.1 - - [28/Jun/2020 06:54:01] "GET /api/api/get_token/gAAAAABe-Gi5AAECAwQFBgcICQoLDA0OD7chTie6dAlctSlII61cYL-CsF8NzPoC7r116XtRzSTTy2KeJ0KpDeb3mZO4a9AUtrXn9MV8gW4LvXzutk2K92G7Z9NQKjNQKRcNQSOpNGSzG5n59QVJAVjZJ_H8qlDdf2mO6JxWDOsc9jshJCyEpa9T-aDUsu7-bf42-h6r0N2H HTTP/1.1" 200 -
[2020-06-28 06:54:31,051] DEBUG in app: encrypted_credentials: gAAAAABe-GjXAAECAwQFBgcICQoLDA0OD7chTie6dAlctSlII61cYL-CsF8NzPoC7r116XtRzSTTy2KeJ0KpDeb3mZO4a9AUtrXn9MV8gW4LvXzutk2K92G7Z9NQKjNQKRcNQSOpNGSz6_vk72mNqFSnbOOrFnYPwPQD0Bk4E7Y3PwkvKL2duokiYDDPQh9Pv_ERQCqNcSmZ
[2020-06-28 06:54:31,060] DEBUG in app: credentials: {'sys': 'blog', 'usr': 'administrador', 'psw': '12345', 'grp': '2', 'tme': 'Sun Jun 28 2020 06:54:31 '}, verified: True
[2020-06-28 06:54:31,061] DEBUG in app: 
[2020-06-28 06:54:31,064] INFO in _internal: 127.0.0.1 - - [28/Jun/2020 06:54:31] "GET /api/api/get_token/gAAAAABe-GjXAAECAwQFBgcICQoLDA0OD7chTie6dAlctSlII61cYL-CsF8NzPoC7r116XtRzSTTy2KeJ0KpDeb3mZO4a9AUtrXn9MV8gW4LvXzutk2K92G7Z9NQKjNQKRcNQSOpNGSz6_vk72mNqFSnbOOrFnYPwPQD0Bk4E7Y3PwkvKL2duokiYDDPQh9Pv_ERQCqNcSmZ HTTP/1.1" 200 -
[2020-06-28 06:55:02,607] INFO in _internal: 127.0.0.1 - - [28/Jun/2020 06:55:02] "OPTIONS /api/api/add_post/ HTTP/1.1" 200 -
[2020-06-28 06:55:02,625] DEBUG in app: ***authentication***
[2020-06-28 06:55:02,625] DEBUG in app: token:undefined
[2020-06-28 06:55:02,631] INFO in _internal: 127.0.0.1 - - [28/Jun/2020 06:55:02] "POST /api/api/add_post/ HTTP/1.1" 400 -
[2020-06-28 06:55:59,833] INFO in _internal: 127.0.0.1 - - [28/Jun/2020 06:55:59] "GET /api/api/posts/ HTTP/1.1" 200 -
[2020-06-28 06:57:07,075] INFO in _internal: 127.0.0.1 - - [28/Jun/2020 06:57:07] "GET /api/api/posts/ HTTP/1.1" 200 -
[2020-06-28 06:57:48,576] INFO in _internal: 127.0.0.1 - - [28/Jun/2020 06:57:48] "GET /api/api/posts/ HTTP/1.1" 200 -
[2020-06-28 06:57:56,216] DEBUG in app: encrypted_credentials: gAAAAABe-GmkAAECAwQFBgcICQoLDA0OD7chTie6dAlctSlII61cYL-CsF8NzPoC7r116XtRzSTTy2KeJ0KpDeb3mZO4a9AUtrXn9MV8gW4LvXzutk2K92G7Z9NQKjNQKRcNQSOpNGSzZFQgLF_KuvQcDhiqz-8_IZTPKfsPxwnCkDIgJXVxg0Hs-ywFu4EccBLfRj84fEsP
[2020-06-28 06:57:56,225] DEBUG in app: credentials: {'sys': 'blog', 'usr': 'administrador', 'psw': '12345', 'grp': '2', 'tme': 'Sun Jun 28 2020 06:57:56 '}, verified: True
[2020-06-28 06:57:56,227] DEBUG in app: 
[2020-06-28 06:57:56,230] INFO in _internal: 127.0.0.1 - - [28/Jun/2020 06:57:56] "GET /api/api/get_token/gAAAAABe-GmkAAECAwQFBgcICQoLDA0OD7chTie6dAlctSlII61cYL-CsF8NzPoC7r116XtRzSTTy2KeJ0KpDeb3mZO4a9AUtrXn9MV8gW4LvXzutk2K92G7Z9NQKjNQKRcNQSOpNGSzZFQgLF_KuvQcDhiqz-8_IZTPKfsPxwnCkDIgJXVxg0Hs-ywFu4EccBLfRj84fEsP HTTP/1.1" 200 -
[2020-06-28 06:58:13,582] INFO in _internal: 127.0.0.1 - - [28/Jun/2020 06:58:13] "OPTIONS /api/api/add_post/ HTTP/1.1" 200 -
[2020-06-28 06:58:13,602] DEBUG in app: ***authentication***
[2020-06-28 06:58:13,605] DEBUG in app: token:None
[2020-06-28 06:58:13,677] DEBUG in app: authentication error
[2020-06-28 06:58:13,678] DEBUG in app: Traceback (most recent call last):
  File "/home/crypto/Projects/Blog/app/backend/app.py", line 145, in decorated_function
    credentials = auth.decode_auth_token(token)
  File "/home/crypto/Projects/Blog/app/backend/auth.py", line 39, in decode_auth_token
    payload = jwt.decode(auth_token.encode(), config['DEFAULT']['SECRET_KEY'])
AttributeError: 'NoneType' object has no attribute 'encode'

[2020-06-28 06:58:13,687] INFO in _internal: 127.0.0.1 - - [28/Jun/2020 06:58:13] "POST /api/api/add_post/ HTTP/1.1" 400 -
[2020-06-28 06:59:08,131] INFO in _internal: 127.0.0.1 - - [28/Jun/2020 06:59:08] "GET /api/api/posts/ HTTP/1.1" 200 -
[2020-06-28 06:59:25,738] DEBUG in app: encrypted_credentials: gAAAAABe-Gn-AAECAwQFBgcICQoLDA0OD7chTie6dAlctSlII61cYL-CsF8NzPoC7r116XtRzSTTy2KeJ0KpDeb3mZO4a9AUtrXn9MV8gW4LvXzutk2K92G7Z9NQKjNQKRcNQSOpNGSzACUFWCZvx1yH-UTtQG7FILJO79JYixiVW2oERPaPJOfC4bh2IsvUWCt93pT_KB2W
[2020-06-28 06:59:25,746] DEBUG in app: credentials: {'sys': 'blog', 'usr': 'administrador', 'psw': '12345', 'grp': '2', 'tme': 'Sun Jun 28 2020 06:59:25 '}, verified: True
[2020-06-28 06:59:25,748] DEBUG in app: 
[2020-06-28 06:59:25,751] INFO in _internal: 127.0.0.1 - - [28/Jun/2020 06:59:25] "GET /api/api/get_token/gAAAAABe-Gn-AAECAwQFBgcICQoLDA0OD7chTie6dAlctSlII61cYL-CsF8NzPoC7r116XtRzSTTy2KeJ0KpDeb3mZO4a9AUtrXn9MV8gW4LvXzutk2K92G7Z9NQKjNQKRcNQSOpNGSzACUFWCZvx1yH-UTtQG7FILJO79JYixiVW2oERPaPJOfC4bh2IsvUWCt93pT_KB2W HTTP/1.1" 200 -
[2020-06-28 06:59:40,405] INFO in _internal: 127.0.0.1 - - [28/Jun/2020 06:59:40] "OPTIONS /api/api/add_post/ HTTP/1.1" 200 -
[2020-06-28 06:59:40,423] DEBUG in app: ***authentication***
[2020-06-28 06:59:40,424] DEBUG in app: token:None
[2020-06-28 06:59:40,425] DEBUG in app: authentication error
[2020-06-28 06:59:40,426] DEBUG in app: Traceback (most recent call last):
  File "/home/crypto/Projects/Blog/app/backend/app.py", line 145, in decorated_function
    credentials = auth.decode_auth_token(token)
  File "/home/crypto/Projects/Blog/app/backend/auth.py", line 39, in decode_auth_token
    payload = jwt.decode(auth_token.encode(), config['DEFAULT']['SECRET_KEY'])
AttributeError: 'NoneType' object has no attribute 'encode'

[2020-06-28 06:59:40,432] INFO in _internal: 127.0.0.1 - - [28/Jun/2020 06:59:40] "POST /api/api/add_post/ HTTP/1.1" 400 -
[2020-06-28 07:00:15,708] INFO in _internal: 127.0.0.1 - - [28/Jun/2020 07:00:15] "GET /api/api/posts/ HTTP/1.1" 200 -
[2020-06-28 07:00:20,296] DEBUG in app: encrypted_credentials: gAAAAABe-Go0AAECAwQFBgcICQoLDA0OD7chTie6dAlctSlII61cYL-CsF8NzPoC7r116XtRzSTTy2KeJ0KpDeb3mZO4a9AUtrXn9MV8gW4LvXzutk2K92G7Z9NQKjNQKRcNQSOpNGSzYef7qaIUqjA2ROnjIqTxoSf6Fjfp4EF7XX_RkmLh834uYHGpuyJVY0LjFIcX9NLF
[2020-06-28 07:00:20,304] DEBUG in app: credentials: {'sys': 'blog', 'usr': 'administrador', 'psw': '12345', 'grp': '2', 'tme': 'Sun Jun 28 2020 07:00:20 '}, verified: True
[2020-06-28 07:00:20,307] DEBUG in app: 
[2020-06-28 07:00:20,310] INFO in _internal: 127.0.0.1 - - [28/Jun/2020 07:00:20] "GET /api/api/get_token/gAAAAABe-Go0AAECAwQFBgcICQoLDA0OD7chTie6dAlctSlII61cYL-CsF8NzPoC7r116XtRzSTTy2KeJ0KpDeb3mZO4a9AUtrXn9MV8gW4LvXzutk2K92G7Z9NQKjNQKRcNQSOpNGSzYef7qaIUqjA2ROnjIqTxoSf6Fjfp4EF7XX_RkmLh834uYHGpuyJVY0LjFIcX9NLF HTTP/1.1" 200 -
[2020-06-28 07:00:34,464] INFO in _internal: 127.0.0.1 - - [28/Jun/2020 07:00:34] "OPTIONS /api/api/add_post/ HTTP/1.1" 200 -
[2020-06-28 07:00:34,485] DEBUG in app: ***authentication***
[2020-06-28 07:00:34,486] DEBUG in app: token:None
[2020-06-28 07:00:34,487] DEBUG in app: authentication error
[2020-06-28 07:00:34,488] DEBUG in app: Traceback (most recent call last):
  File "/home/crypto/Projects/Blog/app/backend/app.py", line 145, in decorated_function
    credentials = auth.decode_auth_token(token)
  File "/home/crypto/Projects/Blog/app/backend/auth.py", line 39, in decode_auth_token
    payload = jwt.decode(auth_token.encode(), config['DEFAULT']['SECRET_KEY'])
AttributeError: 'NoneType' object has no attribute 'encode'

[2020-06-28 07:00:34,495] INFO in _internal: 127.0.0.1 - - [28/Jun/2020 07:00:34] "POST /api/api/add_post/ HTTP/1.1" 400 -
[2020-06-28 07:01:25,227] INFO in _internal: 127.0.0.1 - - [28/Jun/2020 07:01:25] "GET /api/api/posts/ HTTP/1.1" 200 -
[2020-06-28 07:01:32,100] DEBUG in app: encrypted_credentials: gAAAAABe-Gp8AAECAwQFBgcICQoLDA0OD7chTie6dAlctSlII61cYL-CsF8NzPoC7r116XtRzSTTy2KeJ0KpDeb3mZO4a9AUtrXn9MV8gW4LvXzutk2K92G7Z9NQKjNQKRcNQSOpNGSz-sr8qQQUmY7qmnEUKwHHWygFgo2De_Gggeqb-l7EBwD1e5BzyEyrz5sa4SEp3Uir
[2020-06-28 07:01:32,108] DEBUG in app: credentials: {'sys': 'blog', 'usr': 'administrador', 'psw': '12345', 'grp': '2', 'tme': 'Sun Jun 28 2020 07:01:32 '}, verified: True
[2020-06-28 07:01:32,109] DEBUG in app: 
[2020-06-28 07:01:32,111] INFO in _internal: 127.0.0.1 - - [28/Jun/2020 07:01:32] "GET /api/api/get_token/gAAAAABe-Gp8AAECAwQFBgcICQoLDA0OD7chTie6dAlctSlII61cYL-CsF8NzPoC7r116XtRzSTTy2KeJ0KpDeb3mZO4a9AUtrXn9MV8gW4LvXzutk2K92G7Z9NQKjNQKRcNQSOpNGSz-sr8qQQUmY7qmnEUKwHHWygFgo2De_Gggeqb-l7EBwD1e5BzyEyrz5sa4SEp3Uir HTTP/1.1" 200 -
[2020-06-28 07:01:47,278] INFO in _internal: 127.0.0.1 - - [28/Jun/2020 07:01:47] "OPTIONS /api/api/add_post/ HTTP/1.1" 200 -
[2020-06-28 07:01:47,298] DEBUG in app: ***authentication***
[2020-06-28 07:01:47,299] DEBUG in app: token:None
[2020-06-28 07:01:47,301] DEBUG in app: authentication error
[2020-06-28 07:01:47,302] DEBUG in app: Traceback (most recent call last):
  File "/home/crypto/Projects/Blog/app/backend/app.py", line 145, in decorated_function
    credentials = auth.decode_auth_token(token)
  File "/home/crypto/Projects/Blog/app/backend/auth.py", line 39, in decode_auth_token
    payload = jwt.decode(auth_token.encode(), config['DEFAULT']['SECRET_KEY'])
AttributeError: 'NoneType' object has no attribute 'encode'

[2020-06-28 07:01:47,306] INFO in _internal: 127.0.0.1 - - [28/Jun/2020 07:01:47] "POST /api/api/add_post/ HTTP/1.1" 400 -
[2020-06-28 07:05:30,855] INFO in _internal: 127.0.0.1 - - [28/Jun/2020 07:05:30] "GET /api/api/posts/ HTTP/1.1" 200 -
[2020-06-28 07:05:35,538] DEBUG in app: encrypted_credentials: gAAAAABe-GtwAAECAwQFBgcICQoLDA0OD7chTie6dAlctSlII61cYL-CsF8NzPoC7r116XtRzSTTy2KeJ0KpDeb3mZO4a9AUtrXn9MV8gW4LvXzutk2K92G7Z9NQKjNQKRcNQSOpNGSz2Ead4-lLjDZe1tH2HsZIcso7nAWi82JtnQrbPyhymRwiGFrqgU57c9BkoRAZGvzp
[2020-06-28 07:05:36,542] DEBUG in app: credentials: {'sys': 'blog', 'usr': 'administrador', 'psw': '12345', 'grp': '2', 'tme': 'Sun Jun 28 2020 07:05:35 '}, verified: True
[2020-06-28 07:05:36,549] DEBUG in app: 
[2020-06-28 07:05:36,555] INFO in _internal: 127.0.0.1 - - [28/Jun/2020 07:05:36] "GET /api/api/get_token/gAAAAABe-GtwAAECAwQFBgcICQoLDA0OD7chTie6dAlctSlII61cYL-CsF8NzPoC7r116XtRzSTTy2KeJ0KpDeb3mZO4a9AUtrXn9MV8gW4LvXzutk2K92G7Z9NQKjNQKRcNQSOpNGSz2Ead4-lLjDZe1tH2HsZIcso7nAWi82JtnQrbPyhymRwiGFrqgU57c9BkoRAZGvzp HTTP/1.1" 200 -
[2020-06-28 07:06:11,882] INFO in _internal: 127.0.0.1 - - [28/Jun/2020 07:06:11] "OPTIONS /api/api/add_post/ HTTP/1.1" 200 -
[2020-06-28 07:06:11,903] DEBUG in app: ***authentication***
[2020-06-28 07:06:11,906] DEBUG in app: token:None
[2020-06-28 07:06:11,911] DEBUG in app: authentication error
[2020-06-28 07:06:11,914] DEBUG in app: Traceback (most recent call last):
  File "/home/crypto/Projects/Blog/app/backend/app.py", line 145, in decorated_function
    credentials = auth.decode_auth_token(token)
  File "/home/crypto/Projects/Blog/app/backend/auth.py", line 39, in decode_auth_token
    payload = jwt.decode(auth_token.encode(), config['DEFAULT']['SECRET_KEY'])
AttributeError: 'NoneType' object has no attribute 'encode'

[2020-06-28 07:06:11,922] INFO in _internal: 127.0.0.1 - - [28/Jun/2020 07:06:11] "POST /api/api/add_post/ HTTP/1.1" 400 -
[2020-06-28 07:08:54,540] INFO in _internal: 127.0.0.1 - - [28/Jun/2020 07:08:54] "GET /api/api/posts/ HTTP/1.1" 200 -
[2020-06-28 07:09:20,607] INFO in _internal: 127.0.0.1 - - [28/Jun/2020 07:09:20] "OPTIONS /api/api/add_post/ HTTP/1.1" 200 -
[2020-06-28 07:09:20,624] DEBUG in app: ***authentication***
[2020-06-28 07:09:20,627] DEBUG in app: token:None
[2020-06-28 07:09:20,631] DEBUG in app: authentication error
[2020-06-28 07:09:20,635] DEBUG in app: Traceback (most recent call last):
  File "/home/crypto/Projects/Blog/app/backend/app.py", line 145, in decorated_function
    credentials = auth.decode_auth_token(token)
  File "/home/crypto/Projects/Blog/app/backend/auth.py", line 39, in decode_auth_token
    payload = jwt.decode(auth_token.encode(), config['DEFAULT']['SECRET_KEY'])
AttributeError: 'NoneType' object has no attribute 'encode'

[2020-06-28 07:09:20,640] INFO in _internal: 127.0.0.1 - - [28/Jun/2020 07:09:20] "POST /api/api/add_post/ HTTP/1.1" 400 -
[2020-06-28 07:10:21,775] INFO in _internal: 127.0.0.1 - - [28/Jun/2020 07:10:21] "GET /api/api/posts/ HTTP/1.1" 200 -
[2020-06-28 07:10:34,876] DEBUG in app: encrypted_credentials: gAAAAABe-GybAAECAwQFBgcICQoLDA0OD7chTie6dAlctSlII61cYL-CsF8NzPoC7r116XtRzSTTy2KeJ0KpDeb3mZO4a9AUtrXn9MV8gW4LvXzutk2K92G7Z9NQKjNQKRcNQSOpNGSz32tU3K1qgb7QCyAla86QLyb9vr84oc_V6AdPrA6cj1NoiaTo8uB10Sna3g3Qz1Z7
[2020-06-28 07:10:34,884] DEBUG in app: credentials: {'sys': 'blog', 'usr': 'administrador', 'psw': '12345', 'grp': '2', 'tme': 'Sun Jun 28 2020 07:10:34 '}, verified: True
[2020-06-28 07:10:34,886] DEBUG in app: 
[2020-06-28 07:10:34,888] INFO in _internal: 127.0.0.1 - - [28/Jun/2020 07:10:34] "GET /api/api/get_token/gAAAAABe-GybAAECAwQFBgcICQoLDA0OD7chTie6dAlctSlII61cYL-CsF8NzPoC7r116XtRzSTTy2KeJ0KpDeb3mZO4a9AUtrXn9MV8gW4LvXzutk2K92G7Z9NQKjNQKRcNQSOpNGSz32tU3K1qgb7QCyAla86QLyb9vr84oc_V6AdPrA6cj1NoiaTo8uB10Sna3g3Qz1Z7 HTTP/1.1" 200 -
[2020-06-28 07:11:01,375] INFO in _internal: 127.0.0.1 - - [28/Jun/2020 07:11:01] "GET /api/api/posts/ HTTP/1.1" 200 -
[2020-06-28 07:11:08,872] DEBUG in app: encrypted_credentials: gAAAAABe-Gy9AAECAwQFBgcICQoLDA0OD7chTie6dAlctSlII61cYL-CsF8NzPoC7r116XtRzSTTy2KeJ0KpDeb3mZO4a9AUtrXn9MV8gW4LvXzutk2K92G7Z9NQKjNQKRcNQSOpNGSzrrORwPua0diJg-UxJ4OK5mrF7xwURWBmSfAY2zjdFq7yYDAJzTOPmLJkxXC-9Hm2
[2020-06-28 07:11:08,881] DEBUG in app: credentials: {'sys': 'blog', 'usr': 'administrador', 'psw': '12345', 'grp': '2', 'tme': 'Sun Jun 28 2020 07:11:08 '}, verified: True
[2020-06-28 07:11:08,881] DEBUG in app: 
[2020-06-28 07:11:08,884] INFO in _internal: 127.0.0.1 - - [28/Jun/2020 07:11:08] "GET /api/api/get_token/gAAAAABe-Gy9AAECAwQFBgcICQoLDA0OD7chTie6dAlctSlII61cYL-CsF8NzPoC7r116XtRzSTTy2KeJ0KpDeb3mZO4a9AUtrXn9MV8gW4LvXzutk2K92G7Z9NQKjNQKRcNQSOpNGSzrrORwPua0diJg-UxJ4OK5mrF7xwURWBmSfAY2zjdFq7yYDAJzTOPmLJkxXC-9Hm2 HTTP/1.1" 200 -
[2020-06-28 07:11:21,955] INFO in _internal: 127.0.0.1 - - [28/Jun/2020 07:11:21] "OPTIONS /api/api/add_post/ HTTP/1.1" 200 -
[2020-06-28 07:11:21,979] DEBUG in app: ***authentication***
[2020-06-28 07:11:21,979] DEBUG in app: token:None
[2020-06-28 07:11:21,980] DEBUG in app: authentication error
[2020-06-28 07:11:21,982] DEBUG in app: Traceback (most recent call last):
  File "/home/crypto/Projects/Blog/app/backend/app.py", line 145, in decorated_function
    credentials = auth.decode_auth_token(token)
  File "/home/crypto/Projects/Blog/app/backend/auth.py", line 39, in decode_auth_token
    payload = jwt.decode(auth_token.encode(), config['DEFAULT']['SECRET_KEY'])
AttributeError: 'NoneType' object has no attribute 'encode'

[2020-06-28 07:11:21,985] INFO in _internal: 127.0.0.1 - - [28/Jun/2020 07:11:21] "POST /api/api/add_post/ HTTP/1.1" 400 -
[2020-06-28 07:11:54,890] INFO in _internal: 127.0.0.1 - - [28/Jun/2020 07:11:54] "GET /api/api/posts/ HTTP/1.1" 200 -
[2020-06-28 07:12:03,519] DEBUG in app: encrypted_credentials: gAAAAABe-GzzAAECAwQFBgcICQoLDA0OD7chTie6dAlctSlII61cYL-CsF8NzPoC7r116XtRzSTTy2KeJ0KpDeb3mZO4a9AUtrXn9MV8gW4LvXzutk2K92G7Z9NQKjNQKRcNQSOpNGSzi_GzqucGXZwBlCiFhzx715toGmPpYIRi5vVvd7wLaUEefK9UWcbgNY1NypHN7MKV
[2020-06-28 07:12:03,528] DEBUG in app: credentials: {'sys': 'blog', 'usr': 'administrador', 'psw': '12345', 'grp': '2', 'tme': 'Sun Jun 28 2020 07:12:03 '}, verified: True
[2020-06-28 07:12:03,528] DEBUG in app: 
[2020-06-28 07:12:03,530] INFO in _internal: 127.0.0.1 - - [28/Jun/2020 07:12:03] "GET /api/api/get_token/gAAAAABe-GzzAAECAwQFBgcICQoLDA0OD7chTie6dAlctSlII61cYL-CsF8NzPoC7r116XtRzSTTy2KeJ0KpDeb3mZO4a9AUtrXn9MV8gW4LvXzutk2K92G7Z9NQKjNQKRcNQSOpNGSzi_GzqucGXZwBlCiFhzx715toGmPpYIRi5vVvd7wLaUEefK9UWcbgNY1NypHN7MKV HTTP/1.1" 200 -
[2020-06-28 07:12:19,942] INFO in _internal: 127.0.0.1 - - [28/Jun/2020 07:12:19] "OPTIONS /api/api/add_post/ HTTP/1.1" 200 -
[2020-06-28 07:12:19,961] DEBUG in app: ***authentication***
[2020-06-28 07:12:19,962] DEBUG in app: token:None
[2020-06-28 07:12:19,963] DEBUG in app: authentication error
[2020-06-28 07:12:19,964] DEBUG in app: Traceback (most recent call last):
  File "/home/crypto/Projects/Blog/app/backend/app.py", line 145, in decorated_function
    credentials = auth.decode_auth_token(token)
  File "/home/crypto/Projects/Blog/app/backend/auth.py", line 39, in decode_auth_token
    payload = jwt.decode(auth_token.encode(), config['DEFAULT']['SECRET_KEY'])
AttributeError: 'NoneType' object has no attribute 'encode'

[2020-06-28 07:12:19,979] INFO in _internal: 127.0.0.1 - - [28/Jun/2020 07:12:19] "POST /api/api/add_post/ HTTP/1.1" 400 -
[2020-06-28 07:13:34,649] INFO in _internal: 127.0.0.1 - - [28/Jun/2020 07:13:34] "GET /api/api/posts/ HTTP/1.1" 200 -
[2020-06-28 07:13:48,430] DEBUG in app: encrypted_credentials: gAAAAABe-G1cAAECAwQFBgcICQoLDA0OD7chTie6dAlctSlII61cYL-CsF8NzPoC7r116XtRzSTTy2KeJ0KpDeb3mZO4a9AUtrXn9MV8gW4LvXzutk2K92G7Z9NQKjNQKRcNQSOpNGSzb4J7IjEJMmrOwjbUhNyFqxc5QzRRx4tAvSMWDcSsrOVZuwhk-ldG_llm88EQaRdP
[2020-06-28 07:13:48,438] DEBUG in app: credentials: {'sys': 'blog', 'usr': 'administrador', 'psw': '12345', 'grp': '2', 'tme': 'Sun Jun 28 2020 07:13:48 '}, verified: True
[2020-06-28 07:13:48,439] DEBUG in app: 
[2020-06-28 07:13:48,441] INFO in _internal: 127.0.0.1 - - [28/Jun/2020 07:13:48] "GET /api/api/get_token/gAAAAABe-G1cAAECAwQFBgcICQoLDA0OD7chTie6dAlctSlII61cYL-CsF8NzPoC7r116XtRzSTTy2KeJ0KpDeb3mZO4a9AUtrXn9MV8gW4LvXzutk2K92G7Z9NQKjNQKRcNQSOpNGSzb4J7IjEJMmrOwjbUhNyFqxc5QzRRx4tAvSMWDcSsrOVZuwhk-ldG_llm88EQaRdP HTTP/1.1" 200 -
[2020-06-28 07:14:21,411] INFO in _internal: 127.0.0.1 - - [28/Jun/2020 07:14:21] "OPTIONS /api/api/add_post/ HTTP/1.1" 200 -
[2020-06-28 07:14:21,437] DEBUG in app: ***authentication***
[2020-06-28 07:14:21,438] DEBUG in app: token:eyJ0eXAiOiJKV1QiLCJhbGciOiJIUzI1NiJ9.eyJleHAiOjE1OTMyNjY1NDEsImlhdCI6MTU5MzE4MDE0MSwic3lzIjoiYmxvZyIsInVzciI6ImFkbWluaXN0cmFkb3IiLCJwc3ciOiIxMjM0NSIsImdycCI6IjIifQ._XJMTl8q5QcEZSB--VQN1qxwkw2Ah5uzjgsZb-NVRhE
[2020-06-28 07:14:21,443] INFO in _internal: 127.0.0.1 - - [28/Jun/2020 07:14:21] "POST /api/api/add_post/ HTTP/1.1" 400 -
[2020-06-28 07:21:34,348] INFO in _internal: 127.0.0.1 - - [28/Jun/2020 07:21:34] "GET /api/api/posts/ HTTP/1.1" 200 -
[2020-06-28 07:21:43,156] DEBUG in app: encrypted_credentials: gAAAAABe-G83AAECAwQFBgcICQoLDA0OD7chTie6dAlctSlII61cYL-CsF8NzPoC7r116XtRzSTTy2KeJ0KpDeb3mZO4a9AUtrXn9MV8gW4LvXzutk2K92G7Z9NQKjNQKRcNQSOpNGSzWrhCFqgvHQohn-CegRbxlnJRqDzrUYHN9MS75qlG0oP1BK-MHzAFR-tmJopAMT3K
[2020-06-28 07:21:43,164] DEBUG in app: credentials: {'sys': 'blog', 'usr': 'administrador', 'psw': '12345', 'grp': '2', 'tme': 'Sun Jun 28 2020 07:21:43 '}, verified: True
[2020-06-28 07:21:43,166] DEBUG in app: 
[2020-06-28 07:21:43,169] INFO in _internal: 127.0.0.1 - - [28/Jun/2020 07:21:43] "GET /api/api/get_token/gAAAAABe-G83AAECAwQFBgcICQoLDA0OD7chTie6dAlctSlII61cYL-CsF8NzPoC7r116XtRzSTTy2KeJ0KpDeb3mZO4a9AUtrXn9MV8gW4LvXzutk2K92G7Z9NQKjNQKRcNQSOpNGSzWrhCFqgvHQohn-CegRbxlnJRqDzrUYHN9MS75qlG0oP1BK-MHzAFR-tmJopAMT3K HTTP/1.1" 200 -
[2020-06-28 07:21:58,997] INFO in _internal: 127.0.0.1 - - [28/Jun/2020 07:21:58] "OPTIONS /api/api/add_post/ HTTP/1.1" 200 -
[2020-06-28 07:21:59,024] DEBUG in app: ***authentication***
[2020-06-28 07:21:59,027] DEBUG in app: token:None
[2020-06-28 07:21:59,031] DEBUG in app: authentication error
[2020-06-28 07:21:59,038] DEBUG in app: Traceback (most recent call last):
  File "/home/crypto/Projects/Blog/app/backend/app.py", line 145, in decorated_function
    credentials = auth.decode_auth_token(token)
  File "/home/crypto/Projects/Blog/app/backend/auth.py", line 39, in decode_auth_token
    payload = jwt.decode(auth_token.encode(), config['DEFAULT']['SECRET_KEY'])
AttributeError: 'NoneType' object has no attribute 'encode'

[2020-06-28 07:21:59,045] INFO in _internal: 127.0.0.1 - - [28/Jun/2020 07:21:59] "POST /api/api/add_post/ HTTP/1.1" 400 -
[2020-06-28 07:22:49,801] DEBUG in app: encrypted_credentials: gAAAAABe-G96AAECAwQFBgcICQoLDA0OD7chTie6dAlctSlII61cYL-CsF8NzPoC7r116XtRzSTTy2KeJ0KpDeb3mZO4a9AUtrXn9MV8gW4LvXzutk2K92G7Z9NQKjNQKRcNQSOpNGSzomEhB5MsoQQJwYuniXpwAb6SlJ8dLDnahDps4WhJl0ciZ_rq8_HgnBpPrIsEUCLP
[2020-06-28 07:22:49,810] DEBUG in app: credentials: {'sys': 'blog', 'usr': 'administrador', 'psw': '12345', 'grp': '2', 'tme': 'Sun Jun 28 2020 07:22:49 '}, verified: True
[2020-06-28 07:22:49,810] DEBUG in app: 
[2020-06-28 07:22:49,813] INFO in _internal: 127.0.0.1 - - [28/Jun/2020 07:22:49] "GET /api/api/get_token/gAAAAABe-G96AAECAwQFBgcICQoLDA0OD7chTie6dAlctSlII61cYL-CsF8NzPoC7r116XtRzSTTy2KeJ0KpDeb3mZO4a9AUtrXn9MV8gW4LvXzutk2K92G7Z9NQKjNQKRcNQSOpNGSzomEhB5MsoQQJwYuniXpwAb6SlJ8dLDnahDps4WhJl0ciZ_rq8_HgnBpPrIsEUCLP HTTP/1.1" 200 -
[2020-06-28 07:23:14,164] INFO in _internal: 127.0.0.1 - - [28/Jun/2020 07:23:14] "GET /api/api/posts/ HTTP/1.1" 200 -
[2020-06-28 07:23:21,759] DEBUG in app: encrypted_credentials: gAAAAABe-G-aAAECAwQFBgcICQoLDA0OD7chTie6dAlctSlII61cYL-CsF8NzPoC7r116XtRzSTTy2KeJ0KpDeb3mZO4a9AUtrXn9MV8gW4LvXzutk2K92G7Z9NQKjNQKRcNQSOpNGSzMjmUV2XdPsyaINEmjhU3nI1kgCsDeXGbCa9_V7Ci2IkSZlC2kvJ2xZeuKl_IQ30l
[2020-06-28 07:23:21,767] DEBUG in app: credentials: {'sys': 'blog', 'usr': 'administrador', 'psw': '12345', 'grp': '2', 'tme': 'Sun Jun 28 2020 07:23:21 '}, verified: True
[2020-06-28 07:23:21,769] DEBUG in app: 
[2020-06-28 07:23:21,771] INFO in _internal: 127.0.0.1 - - [28/Jun/2020 07:23:21] "GET /api/api/get_token/gAAAAABe-G-aAAECAwQFBgcICQoLDA0OD7chTie6dAlctSlII61cYL-CsF8NzPoC7r116XtRzSTTy2KeJ0KpDeb3mZO4a9AUtrXn9MV8gW4LvXzutk2K92G7Z9NQKjNQKRcNQSOpNGSzMjmUV2XdPsyaINEmjhU3nI1kgCsDeXGbCa9_V7Ci2IkSZlC2kvJ2xZeuKl_IQ30l HTTP/1.1" 200 -
[2020-06-28 07:23:44,950] INFO in _internal: 127.0.0.1 - - [28/Jun/2020 07:23:44] "OPTIONS /api/api/add_post/ HTTP/1.1" 200 -
[2020-06-28 07:23:44,971] DEBUG in app: ***authentication***
[2020-06-28 07:23:44,972] DEBUG in app: token:None
[2020-06-28 07:23:44,973] DEBUG in app: authentication error
[2020-06-28 07:23:44,974] DEBUG in app: Traceback (most recent call last):
  File "/home/crypto/Projects/Blog/app/backend/app.py", line 145, in decorated_function
    credentials = auth.decode_auth_token(token)
  File "/home/crypto/Projects/Blog/app/backend/auth.py", line 39, in decode_auth_token
    payload = jwt.decode(auth_token.encode(), config['DEFAULT']['SECRET_KEY'])
AttributeError: 'NoneType' object has no attribute 'encode'

[2020-06-28 07:23:44,981] INFO in _internal: 127.0.0.1 - - [28/Jun/2020 07:23:44] "POST /api/api/add_post/ HTTP/1.1" 400 -
[2020-06-28 07:30:34,178] INFO in _internal: 127.0.0.1 - - [28/Jun/2020 07:30:34] "OPTIONS /api/api/add_post/ HTTP/1.1" 200 -
[2020-06-28 07:30:34,197] DEBUG in app: ***authentication***
[2020-06-28 07:30:34,200] DEBUG in app: token:None
[2020-06-28 07:30:34,203] DEBUG in app: authentication error
[2020-06-28 07:30:34,206] DEBUG in app: Traceback (most recent call last):
  File "/home/crypto/Projects/Blog/app/backend/app.py", line 145, in decorated_function
    credentials = auth.decode_auth_token(token)
  File "/home/crypto/Projects/Blog/app/backend/auth.py", line 39, in decode_auth_token
    payload = jwt.decode(auth_token.encode(), config['DEFAULT']['SECRET_KEY'])
AttributeError: 'NoneType' object has no attribute 'encode'

[2020-06-28 07:30:34,211] INFO in _internal: 127.0.0.1 - - [28/Jun/2020 07:30:34] "POST /api/api/add_post/ HTTP/1.1" 400 -
[2020-06-28 07:30:41,323] INFO in _internal: 127.0.0.1 - - [28/Jun/2020 07:30:41] "OPTIONS /api/api/add_post/ HTTP/1.1" 200 -
[2020-06-28 07:30:41,345] DEBUG in app: ***authentication***
[2020-06-28 07:30:41,346] DEBUG in app: token:None
[2020-06-28 07:30:41,347] DEBUG in app: authentication error
[2020-06-28 07:30:41,348] DEBUG in app: Traceback (most recent call last):
  File "/home/crypto/Projects/Blog/app/backend/app.py", line 145, in decorated_function
    credentials = auth.decode_auth_token(token)
  File "/home/crypto/Projects/Blog/app/backend/auth.py", line 39, in decode_auth_token
    payload = jwt.decode(auth_token.encode(), config['DEFAULT']['SECRET_KEY'])
AttributeError: 'NoneType' object has no attribute 'encode'

[2020-06-28 07:30:41,351] INFO in _internal: 127.0.0.1 - - [28/Jun/2020 07:30:41] "POST /api/api/add_post/ HTTP/1.1" 400 -
[2020-06-28 07:31:28,001] INFO in _internal: 127.0.0.1 - - [28/Jun/2020 07:31:28] "OPTIONS /api/api/add_post/ HTTP/1.1" 200 -
[2020-06-28 07:31:28,018] DEBUG in app: ***authentication***
[2020-06-28 07:31:28,022] DEBUG in app: token:None
[2020-06-28 07:31:28,026] DEBUG in app: authentication error
[2020-06-28 07:31:28,029] DEBUG in app: Traceback (most recent call last):
  File "/home/crypto/Projects/Blog/app/backend/app.py", line 145, in decorated_function
    credentials = auth.decode_auth_token(token)
  File "/home/crypto/Projects/Blog/app/backend/auth.py", line 39, in decode_auth_token
    payload = jwt.decode(auth_token.encode(), config['DEFAULT']['SECRET_KEY'])
AttributeError: 'NoneType' object has no attribute 'encode'

[2020-06-28 07:31:28,034] INFO in _internal: 127.0.0.1 - - [28/Jun/2020 07:31:28] "POST /api/api/add_post/ HTTP/1.1" 400 -
[2020-06-28 07:32:33,460] INFO in _internal: 127.0.0.1 - - [28/Jun/2020 07:32:33] "OPTIONS /api/api/add_post/ HTTP/1.1" 200 -
[2020-06-28 07:32:33,481] DEBUG in app: ***authentication***
[2020-06-28 07:32:33,481] DEBUG in app: token:None
[2020-06-28 07:32:33,483] DEBUG in app: authentication error
[2020-06-28 07:32:33,484] DEBUG in app: Traceback (most recent call last):
  File "/home/crypto/Projects/Blog/app/backend/app.py", line 145, in decorated_function
    credentials = auth.decode_auth_token(token)
  File "/home/crypto/Projects/Blog/app/backend/auth.py", line 39, in decode_auth_token
    payload = jwt.decode(auth_token.encode(), config['DEFAULT']['SECRET_KEY'])
AttributeError: 'NoneType' object has no attribute 'encode'

[2020-06-28 07:32:33,500] INFO in _internal: 127.0.0.1 - - [28/Jun/2020 07:32:33] "POST /api/api/add_post/ HTTP/1.1" 400 -
[2020-06-28 07:32:56,795] INFO in _internal: 127.0.0.1 - - [28/Jun/2020 07:32:56] "GET /api/api/posts/ HTTP/1.1" 200 -
[2020-06-28 07:33:01,716] DEBUG in app: encrypted_credentials: gAAAAABe-HHeAAECAwQFBgcICQoLDA0OD7chTie6dAlctSlII61cYL-CsF8NzPoC7r116XtRzSTTy2KeJ0KpDeb3mZO4a9AUtrXn9MV8gW4LvXzutk2K92G7Z9NQKjNQKRcNQSOpNGSzEjWejwd4aO7Ovnn9C-Z00l4vLYhzFRCsrUxoMofy7JvZXt799DEym5qKZc1BWzJW
[2020-06-28 07:33:01,735] DEBUG in app: credentials: {'sys': 'blog', 'usr': 'administrador', 'psw': '12345', 'grp': '2', 'tme': 'Sun Jun 28 2020 07:33:01 '}, verified: True
[2020-06-28 07:33:01,739] DEBUG in app: 
[2020-06-28 07:33:01,743] INFO in _internal: 127.0.0.1 - - [28/Jun/2020 07:33:01] "GET /api/api/get_token/gAAAAABe-HHeAAECAwQFBgcICQoLDA0OD7chTie6dAlctSlII61cYL-CsF8NzPoC7r116XtRzSTTy2KeJ0KpDeb3mZO4a9AUtrXn9MV8gW4LvXzutk2K92G7Z9NQKjNQKRcNQSOpNGSzEjWejwd4aO7Ovnn9C-Z00l4vLYhzFRCsrUxoMofy7JvZXt799DEym5qKZc1BWzJW HTTP/1.1" 200 -
[2020-06-28 07:33:16,322] INFO in _internal: 127.0.0.1 - - [28/Jun/2020 07:33:16] "OPTIONS /api/api/add_post/ HTTP/1.1" 200 -
[2020-06-28 07:33:16,343] DEBUG in app: ***authentication***
[2020-06-28 07:33:16,344] DEBUG in app: token:None
[2020-06-28 07:33:16,345] DEBUG in app: authentication error
[2020-06-28 07:33:16,346] DEBUG in app: Traceback (most recent call last):
  File "/home/crypto/Projects/Blog/app/backend/app.py", line 145, in decorated_function
    credentials = auth.decode_auth_token(token)
  File "/home/crypto/Projects/Blog/app/backend/auth.py", line 39, in decode_auth_token
    payload = jwt.decode(auth_token.encode(), config['DEFAULT']['SECRET_KEY'])
AttributeError: 'NoneType' object has no attribute 'encode'

[2020-06-28 07:33:16,353] INFO in _internal: 127.0.0.1 - - [28/Jun/2020 07:33:16] "POST /api/api/add_post/ HTTP/1.1" 400 -
[2020-06-28 07:34:31,129] INFO in _internal: 127.0.0.1 - - [28/Jun/2020 07:34:31] "GET /api/api/posts/ HTTP/1.1" 200 -
[2020-06-28 07:35:17,996] INFO in _internal: 127.0.0.1 - - [28/Jun/2020 07:35:17] "OPTIONS /api/api/add_post/ HTTP/1.1" 200 -
[2020-06-28 07:35:18,016] DEBUG in app: ***authentication***
[2020-06-28 07:35:18,019] DEBUG in app: token:None
[2020-06-28 07:35:18,022] DEBUG in app: authentication error
[2020-06-28 07:35:18,026] DEBUG in app: Traceback (most recent call last):
  File "/home/crypto/Projects/Blog/app/backend/app.py", line 145, in decorated_function
    credentials = auth.decode_auth_token(token)
  File "/home/crypto/Projects/Blog/app/backend/auth.py", line 39, in decode_auth_token
    payload = jwt.decode(auth_token.encode(), config['DEFAULT']['SECRET_KEY'])
AttributeError: 'NoneType' object has no attribute 'encode'

[2020-06-28 07:35:18,034] INFO in _internal: 127.0.0.1 - - [28/Jun/2020 07:35:18] "POST /api/api/add_post/ HTTP/1.1" 400 -
[2020-06-28 07:36:20,310] INFO in _internal: 127.0.0.1 - - [28/Jun/2020 07:36:20] "GET /api/api/posts/ HTTP/1.1" 200 -
[2020-06-28 07:36:29,206] DEBUG in app: encrypted_credentials: gAAAAABe-HKtAAECAwQFBgcICQoLDA0OD7chTie6dAlctSlII61cYL-CsF8NzPoC7r116XtRzSTTy2KeJ0KpDeb3mZO4a9AUtrXn9MV8gW4LvXzutk2K92G7Z9NQKjNQKRcNQSOpNGSzPMHUnLV5FmQUvT7YNUq-h8WwFo7l1QX-6VzZvx4APSpqBNG83xdWD9Sij6jz6H6l
[2020-06-28 07:36:29,214] DEBUG in app: credentials: {'sys': 'blog', 'usr': 'administrador', 'psw': '12345', 'grp': '2', 'tme': 'Sun Jun 28 2020 07:36:29 '}, verified: True
[2020-06-28 07:36:29,215] DEBUG in app: 
[2020-06-28 07:36:29,218] INFO in _internal: 127.0.0.1 - - [28/Jun/2020 07:36:29] "GET /api/api/get_token/gAAAAABe-HKtAAECAwQFBgcICQoLDA0OD7chTie6dAlctSlII61cYL-CsF8NzPoC7r116XtRzSTTy2KeJ0KpDeb3mZO4a9AUtrXn9MV8gW4LvXzutk2K92G7Z9NQKjNQKRcNQSOpNGSzPMHUnLV5FmQUvT7YNUq-h8WwFo7l1QX-6VzZvx4APSpqBNG83xdWD9Sij6jz6H6l HTTP/1.1" 200 -
[2020-06-28 07:36:44,782] INFO in _internal: 127.0.0.1 - - [28/Jun/2020 07:36:44] "OPTIONS /api/api/add_post/ HTTP/1.1" 200 -
[2020-06-28 07:36:44,804] DEBUG in app: ***authentication***
[2020-06-28 07:36:44,807] DEBUG in app: token:eyJ0eXAiOiJKV1QiLCJhbGciOiJIUzI1NiJ9.eyJleHAiOjE1OTM0MjYxNjksImlhdCI6MTU5MzMzOTc2OSwic3lzIjoiYmxvZyIsInVzciI6ImFkbWluaXN0cmFkb3IiLCJwc3ciOiIxMjM0NSIsImdycCI6IjIifQ.AAQ5fhI3_hfd0mrys51-PqFx-tKT1YtoYyXM6YFw_4E
[2020-06-28 07:36:44,813] DEBUG in app: ***authentication end***
[2020-06-28 07:36:45,026] INFO in _internal: 127.0.0.1 - - [28/Jun/2020 07:36:45] "POST /api/api/add_post/ HTTP/1.1" 200 -
[2020-06-28 07:38:11,864] INFO in _internal: 127.0.0.1 - - [28/Jun/2020 07:38:11] "GET /api/api/posts/ HTTP/1.1" 200 -
[2020-06-28 07:38:12,278] INFO in _internal: 127.0.0.1 - - [28/Jun/2020 07:38:12] "GET /api/api/files/20200628073644_bonita.jpeg HTTP/1.1" 200 -
[2020-06-28 07:38:48,107] INFO in _internal: 127.0.0.1 - - [28/Jun/2020 07:38:48] "OPTIONS /api/api/add_post/ HTTP/1.1" 200 -
[2020-06-28 07:38:48,131] DEBUG in app: ***authentication***
[2020-06-28 07:38:48,134] DEBUG in app: token:None
[2020-06-28 07:38:48,137] DEBUG in app: authentication error
[2020-06-28 07:38:48,141] DEBUG in app: Traceback (most recent call last):
  File "/home/crypto/Projects/Blog/app/backend/app.py", line 145, in decorated_function
    credentials = auth.decode_auth_token(token)
  File "/home/crypto/Projects/Blog/app/backend/auth.py", line 39, in decode_auth_token
    payload = jwt.decode(auth_token.encode(), config['DEFAULT']['SECRET_KEY'])
AttributeError: 'NoneType' object has no attribute 'encode'

[2020-06-28 07:38:48,148] INFO in _internal: 127.0.0.1 - - [28/Jun/2020 07:38:48] "POST /api/api/add_post/ HTTP/1.1" 400 -
[2020-06-28 07:42:29,731] INFO in _internal: 127.0.0.1 - - [28/Jun/2020 07:42:29] "GET /api/api/posts/ HTTP/1.1" 200 -
[2020-06-28 07:44:08,674] INFO in _internal: 127.0.0.1 - - [28/Jun/2020 07:44:08] "GET /api/api/posts/ HTTP/1.1" 200 -
[2020-06-28 07:44:37,920] INFO in _internal: 127.0.0.1 - - [28/Jun/2020 07:44:37] "OPTIONS /api/api/add_post/ HTTP/1.1" 200 -
[2020-06-28 07:44:37,941] DEBUG in app: ***authentication***
[2020-06-28 07:44:37,941] DEBUG in app: token:None
[2020-06-28 07:44:37,943] DEBUG in app: authentication error
[2020-06-28 07:44:37,944] DEBUG in app: Traceback (most recent call last):
  File "/home/crypto/Projects/Blog/app/backend/app.py", line 145, in decorated_function
    credentials = auth.decode_auth_token(token)
  File "/home/crypto/Projects/Blog/app/backend/auth.py", line 39, in decode_auth_token
    payload = jwt.decode(auth_token.encode(), config['DEFAULT']['SECRET_KEY'])
AttributeError: 'NoneType' object has no attribute 'encode'

[2020-06-28 07:44:37,951] INFO in _internal: 127.0.0.1 - - [28/Jun/2020 07:44:37] "POST /api/api/add_post/ HTTP/1.1" 400 -
[2020-06-28 07:49:09,771] INFO in _internal: 127.0.0.1 - - [28/Jun/2020 07:49:09] "GET /api/api/posts/ HTTP/1.1" 200 -
[2020-06-28 07:49:34,962] INFO in _internal: 127.0.0.1 - - [28/Jun/2020 07:49:34] "OPTIONS /api/api/add_post/ HTTP/1.1" 200 -
[2020-06-28 07:49:34,984] DEBUG in app: ***authentication***
[2020-06-28 07:49:34,985] DEBUG in app: token:eyJ0eXAiOiJKV1QiLCJhbGciOiJIUzI1NiJ9.eyJleHAiOjE1OTM0MjYxNjksImlhdCI6MTU5MzMzOTc2OSwic3lzIjoiYmxvZyIsInVzciI6ImFkbWluaXN0cmFkb3IiLCJwc3ciOiIxMjM0NSIsImdycCI6IjIifQ.AAQ5fhI3_hfd0mrys51-PqFx-tKT1YtoYyXM6YFw_4E
[2020-06-28 07:49:34,987] DEBUG in app: ***authentication end***
[2020-06-28 07:49:35,065] INFO in _internal: 127.0.0.1 - - [28/Jun/2020 07:49:35] "POST /api/api/add_post/ HTTP/1.1" 200 -
[2020-06-28 07:49:57,956] INFO in _internal: 127.0.0.1 - - [28/Jun/2020 07:49:57] "GET /api/api/posts/ HTTP/1.1" 200 -
[2020-06-28 07:49:58,342] INFO in _internal: 127.0.0.1 - - [28/Jun/2020 07:49:58] "GET /api/api/files/20200628074934_bonita.jpeg HTTP/1.1" 200 -
[2020-06-28 07:50:37,115] INFO in _internal: 127.0.0.1 - - [28/Jun/2020 07:50:37] "GET /api/api/posts/ HTTP/1.1" 200 -
[2020-06-28 07:50:45,816] DEBUG in app: encrypted_credentials: gAAAAABe-HYGAAECAwQFBgcICQoLDA0OD7chTie6dAlctSlII61cYL-CsF8NzPoC7r116XtRzSTTy2KeJ0KpDeb3mZO4a9AUtrXn9MV8gW4LvXzutk2K92G7Z9NQKjNQKRcNQSOpNGSz6abeD_50wvdYBILs28q2bAg8RgtJ-CbdlaKlneSj7rRwEN3pzN8LlTHj_MRgI6Oq
[2020-06-28 07:50:45,827] DEBUG in app: credentials: {'sys': 'blog', 'usr': 'administrador', 'psw': '12345', 'grp': '2', 'tme': 'Sun Jun 28 2020 07:50:45 '}, verified: True
[2020-06-28 07:50:45,828] DEBUG in app: 
[2020-06-28 07:50:45,831] INFO in _internal: 127.0.0.1 - - [28/Jun/2020 07:50:45] "GET /api/api/get_token/gAAAAABe-HYGAAECAwQFBgcICQoLDA0OD7chTie6dAlctSlII61cYL-CsF8NzPoC7r116XtRzSTTy2KeJ0KpDeb3mZO4a9AUtrXn9MV8gW4LvXzutk2K92G7Z9NQKjNQKRcNQSOpNGSz6abeD_50wvdYBILs28q2bAg8RgtJ-CbdlaKlneSj7rRwEN3pzN8LlTHj_MRgI6Oq HTTP/1.1" 200 -
[2020-06-28 07:51:21,652] INFO in _internal: 127.0.0.1 - - [28/Jun/2020 07:51:21] "OPTIONS /api/api/add_post/ HTTP/1.1" 200 -
[2020-06-28 07:51:21,673] DEBUG in app: ***authentication***
[2020-06-28 07:51:21,677] DEBUG in app: token:eyJ0eXAiOiJKV1QiLCJhbGciOiJIUzI1NiJ9.eyJleHAiOjE1OTM0Mjc4NDUsImlhdCI6MTU5MzM0MTQ0NSwic3lzIjoiYmxvZyIsInVzciI6ImFkbWluaXN0cmFkb3IiLCJwc3ciOiIxMjM0NSIsImdycCI6IjIifQ.YFUVcv4DinSor34NAb-fDmkl8TRy8wegeCqBUCKGLBo
[2020-06-28 07:51:21,682] DEBUG in app: ***authentication end***
[2020-06-28 07:51:21,744] INFO in _internal: 127.0.0.1 - - [28/Jun/2020 07:51:21] "POST /api/api/add_post/ HTTP/1.1" 200 -
[2020-06-28 07:51:51,369] INFO in _internal: 127.0.0.1 - - [28/Jun/2020 07:51:51] "GET /api/api/posts/ HTTP/1.1" 200 -
[2020-06-28 07:51:51,825] INFO in _internal: 127.0.0.1 - - [28/Jun/2020 07:51:51] "GET /api/api/files/20200628075121_bonita.jpeg HTTP/1.1" 200 -
[2020-06-28 07:52:26,991] INFO in _internal: 127.0.0.1 - - [28/Jun/2020 07:52:26] "OPTIONS /api/api/add_post/ HTTP/1.1" 200 -
[2020-06-28 07:52:27,009] DEBUG in app: ***authentication***
[2020-06-28 07:52:27,014] DEBUG in app: token:
[2020-06-28 07:52:27,020] INFO in _internal: 127.0.0.1 - - [28/Jun/2020 07:52:27] "POST /api/api/add_post/ HTTP/1.1" 400 -
[2020-06-28 07:53:00,022] INFO in _internal: 127.0.0.1 - - [28/Jun/2020 07:53:00] "GET /api/api/posts/ HTTP/1.1" 200 -
[2020-06-28 07:53:40,038] INFO in _internal: 127.0.0.1 - - [28/Jun/2020 07:53:40] "GET /api/api/posts/ HTTP/1.1" 200 -
[2020-06-28 07:53:45,232] DEBUG in app: encrypted_credentials: gAAAAABe-Ha5AAECAwQFBgcICQoLDA0OD7chTie6dAlctSlII61cYL-CsF8NzPoC7r116XtRzSTTy2KeJ0KpDeb3mZO4a9AUtrXn9MV8gW4LvXzutk2K92G7Z9NQKjNQKRcNQSOpNGSzvvOImh49tk1RTD52xZYkYPC6WkuZ-tr3-tCS6ndUgEeYnot9_DozqvW5X4RgaElp
[2020-06-28 07:53:45,259] DEBUG in app: credentials: {'sys': 'blog', 'usr': 'administrador', 'psw': '12345', 'grp': '2', 'tme': 'Sun Jun 28 2020 07:53:45 '}, verified: True
[2020-06-28 07:53:45,259] DEBUG in app: 
[2020-06-28 07:53:45,266] INFO in _internal: 127.0.0.1 - - [28/Jun/2020 07:53:45] "GET /api/api/get_token/gAAAAABe-Ha5AAECAwQFBgcICQoLDA0OD7chTie6dAlctSlII61cYL-CsF8NzPoC7r116XtRzSTTy2KeJ0KpDeb3mZO4a9AUtrXn9MV8gW4LvXzutk2K92G7Z9NQKjNQKRcNQSOpNGSzvvOImh49tk1RTD52xZYkYPC6WkuZ-tr3-tCS6ndUgEeYnot9_DozqvW5X4RgaElp HTTP/1.1" 200 -
[2020-06-28 07:54:20,312] INFO in _internal: 127.0.0.1 - - [28/Jun/2020 07:54:20] "OPTIONS /api/api/add_post/ HTTP/1.1" 200 -
[2020-06-28 07:54:20,337] DEBUG in app: ***authentication***
[2020-06-28 07:54:20,340] DEBUG in app: token:eyJ0eXAiOiJKV1QiLCJhbGciOiJIUzI1NiJ9.eyJleHAiOjE1OTM0MjgwMjUsImlhdCI6MTU5MzM0MTYyNSwic3lzIjoiYmxvZyIsInVzciI6ImFkbWluaXN0cmFkb3IiLCJwc3ciOiIxMjM0NSIsImdycCI6IjIifQ.syzd0j_KrjWukxPCN9ysJchOSy2nDMdTxXSBLVbWldA
[2020-06-28 07:54:20,352] DEBUG in app: ***authentication end***
[2020-06-28 07:54:20,407] INFO in _internal: 127.0.0.1 - - [28/Jun/2020 07:54:20] "POST /api/api/add_post/ HTTP/1.1" 200 -
[2020-06-28 07:55:22,604] INFO in _internal: 127.0.0.1 - - [28/Jun/2020 07:55:22] "GET /api/api/posts/ HTTP/1.1" 200 -
[2020-06-28 07:55:23,063] INFO in _internal: 127.0.0.1 - - [28/Jun/2020 07:55:23] "GET /api/api/files/20200628075420_bonita.jpeg HTTP/1.1" 200 -
[2020-06-28 07:59:26,057] INFO in _internal: 127.0.0.1 - - [28/Jun/2020 07:59:26] "GET /api/api/posts/ HTTP/1.1" 200 -
[2020-06-28 08:16:33,281] INFO in _internal: 127.0.0.1 - - [28/Jun/2020 08:16:33] "GET /api/api/posts/ HTTP/1.1" 200 -
[2020-06-28 08:21:15,619] INFO in _internal: 127.0.0.1 - - [28/Jun/2020 08:21:15] "GET /api/api/posts/ HTTP/1.1" 200 -
[2020-06-28 08:21:49,771] DEBUG in app: encrypted_credentials: gAAAAABe-H1OAAECAwQFBgcICQoLDA0OD7chTie6dAlctSlII61cYL-CsF8NzPoC7r116XtRzSTTy2KeJ0KpDeb3mZO4a9AUtrXn9MV8gW4LvXzutk2K92G7Z9NQKjNQKRcNQSOpNGSzxjeriDN3Dn3aVVd44gzHVRcD5LQRLl16I1nCdK_DDzPwsucOmYU_-w8zOvucwX5W
[2020-06-28 08:21:49,778] DEBUG in app: credentials: {'sys': 'blog', 'usr': 'administrador', 'psw': '12345', 'grp': '2', 'tme': 'Sun Jun 28 2020 08:21:49 '}, verified: True
[2020-06-28 08:21:49,779] DEBUG in app: 
[2020-06-28 08:21:49,781] INFO in _internal: 127.0.0.1 - - [28/Jun/2020 08:21:49] "GET /api/api/get_token/gAAAAABe-H1OAAECAwQFBgcICQoLDA0OD7chTie6dAlctSlII61cYL-CsF8NzPoC7r116XtRzSTTy2KeJ0KpDeb3mZO4a9AUtrXn9MV8gW4LvXzutk2K92G7Z9NQKjNQKRcNQSOpNGSzxjeriDN3Dn3aVVd44gzHVRcD5LQRLl16I1nCdK_DDzPwsucOmYU_-w8zOvucwX5W HTTP/1.1" 200 -
[2020-06-28 08:24:12,332] INFO in _internal: 127.0.0.1 - - [28/Jun/2020 08:24:12] "GET /api/api/posts/ HTTP/1.1" 200 -
[2020-06-28 08:24:54,629] INFO in _internal: 127.0.0.1 - - [28/Jun/2020 08:24:54] "GET /api/api/posts/ HTTP/1.1" 200 -
[2020-06-28 08:25:07,095] INFO in _internal: 127.0.0.1 - - [28/Jun/2020 08:25:07] "GET /api/api/posts/ HTTP/1.1" 200 -
[2020-06-28 08:25:14,471] DEBUG in app: encrypted_credentials: gAAAAABe-H4aAAECAwQFBgcICQoLDA0OD7chTie6dAlctSlII61cYL-CsF8NzPoC7r116XtRzSTTy2KeJ0KpDeb3mZO4a9AUtrXn9MV8gW4LvXzutk2K92G7Z9NQKjNQKRcNQSOpNGSzhgukrZugwwLELHBevrj_XLzgPz6ocltqD9XGIrTiSAj6WKPO1G2keADOAuzear2H
[2020-06-28 08:25:14,479] DEBUG in app: credentials: {'sys': 'blog', 'usr': 'administrador', 'psw': '12345', 'grp': '2', 'tme': 'Sun Jun 28 2020 08:25:14 '}, verified: True
[2020-06-28 08:25:14,481] DEBUG in app: 
[2020-06-28 08:25:14,483] INFO in _internal: 127.0.0.1 - - [28/Jun/2020 08:25:14] "GET /api/api/get_token/gAAAAABe-H4aAAECAwQFBgcICQoLDA0OD7chTie6dAlctSlII61cYL-CsF8NzPoC7r116XtRzSTTy2KeJ0KpDeb3mZO4a9AUtrXn9MV8gW4LvXzutk2K92G7Z9NQKjNQKRcNQSOpNGSzhgukrZugwwLELHBevrj_XLzgPz6ocltqD9XGIrTiSAj6WKPO1G2keADOAuzear2H HTTP/1.1" 200 -
[2020-06-28 08:28:17,330] INFO in _internal: 127.0.0.1 - - [28/Jun/2020 08:28:17] "GET /api/api/posts/ HTTP/1.1" 200 -
[2020-06-28 08:28:50,353] INFO in _internal: 127.0.0.1 - - [28/Jun/2020 08:28:50] "GET /api/api/posts/ HTTP/1.1" 200 -
[2020-06-28 08:28:54,879] DEBUG in app: encrypted_credentials: gAAAAABe-H73AAECAwQFBgcICQoLDA0OD7chTie6dAlctSlII61cYL-CsF8NzPoC7r116XtRzSTTy2KeJ0KpDeb3mZO4a9AUtrXn9MV8gW4LvXzutk2K92G7Z9NQKjNQKRcNQSOpNGSzw5FQ87wSj3jZIcefDdoKTKisg9PzmMa_PeIelY3RYusZU7UVWOTI4H8XSEjrMmTi
[2020-06-28 08:28:54,888] DEBUG in app: credentials: {'sys': 'blog', 'usr': 'administrador', 'psw': '12345', 'grp': '2', 'tme': 'Sun Jun 28 2020 08:28:54 '}, verified: True
[2020-06-28 08:28:54,891] DEBUG in app: 
[2020-06-28 08:28:54,896] INFO in _internal: 127.0.0.1 - - [28/Jun/2020 08:28:54] "GET /api/api/get_token/gAAAAABe-H73AAECAwQFBgcICQoLDA0OD7chTie6dAlctSlII61cYL-CsF8NzPoC7r116XtRzSTTy2KeJ0KpDeb3mZO4a9AUtrXn9MV8gW4LvXzutk2K92G7Z9NQKjNQKRcNQSOpNGSzw5FQ87wSj3jZIcefDdoKTKisg9PzmMa_PeIelY3RYusZU7UVWOTI4H8XSEjrMmTi HTTP/1.1" 200 -
[2020-06-28 08:31:40,179] INFO in _internal: 127.0.0.1 - - [28/Jun/2020 08:31:40] "GET /api/api/posts/ HTTP/1.1" 200 -
[2020-06-28 08:32:21,563] INFO in _internal: 127.0.0.1 - - [28/Jun/2020 08:32:21] "GET /api/api/posts/ HTTP/1.1" 200 -
[2020-06-28 08:32:48,364] DEBUG in app: encrypted_credentials: gAAAAABe-H_gAAECAwQFBgcICQoLDA0OD7chTie6dAlctSlII61cYL-CsF8NzPoC7r116XtRzSTTy2KeJ0KpDeb3mZO4a9AUtrXn9MV8gW4LvXzutk2K92G7Z9NQKjNQKRcNQSOpNGSzE-EsKTgTYKMrP5iRxH5C0dsXFYlH6CR5tLHjclvZ6FaUjT89wYnyElTGHNt2Ih-A
[2020-06-28 08:32:48,372] DEBUG in app: credentials: {'sys': 'blog', 'usr': 'administrador', 'psw': '12345', 'grp': '2', 'tme': 'Sun Jun 28 2020 08:32:48 '}, verified: True
[2020-06-28 08:32:48,372] DEBUG in app: 
[2020-06-28 08:32:48,376] INFO in _internal: 127.0.0.1 - - [28/Jun/2020 08:32:48] "GET /api/api/get_token/gAAAAABe-H_gAAECAwQFBgcICQoLDA0OD7chTie6dAlctSlII61cYL-CsF8NzPoC7r116XtRzSTTy2KeJ0KpDeb3mZO4a9AUtrXn9MV8gW4LvXzutk2K92G7Z9NQKjNQKRcNQSOpNGSzE-EsKTgTYKMrP5iRxH5C0dsXFYlH6CR5tLHjclvZ6FaUjT89wYnyElTGHNt2Ih-A HTTP/1.1" 200 -
[2020-06-28 08:33:55,085] INFO in _internal: 127.0.0.1 - - [28/Jun/2020 08:33:55] "OPTIONS /api/api/add_post/ HTTP/1.1" 200 -
[2020-06-28 08:33:55,106] DEBUG in app: ***authentication***
[2020-06-28 08:33:55,106] DEBUG in app: token:eyJ0eXAiOiJKV1QiLCJhbGciOiJIUzI1NiJ9.eyJleHAiOjE1OTM0MzAzNjgsImlhdCI6MTU5MzM0Mzk2OCwic3lzIjoiYmxvZyIsInVzciI6ImFkbWluaXN0cmFkb3IiLCJwc3ciOiIxMjM0NSIsImdycCI6IjIifQ.zUSTNKTjOPW0vp7UFLq_rtYyx1UetAxqj6tLvLXz5E8
[2020-06-28 08:33:55,112] DEBUG in app: ***authentication end***
[2020-06-28 08:33:55,194] INFO in _internal: 127.0.0.1 - - [28/Jun/2020 08:33:55] "POST /api/api/add_post/ HTTP/1.1" 200 -
[2020-06-28 08:34:04,638] INFO in _internal: 127.0.0.1 - - [28/Jun/2020 08:34:04] "GET /api/api/posts/ HTTP/1.1" 200 -
[2020-06-28 08:34:04,980] INFO in _internal: 127.0.0.1 - - [28/Jun/2020 08:34:04] "GET /api/api/files/20200628083355_post.jpeg HTTP/1.1" 200 -
[2020-06-28 12:40:48,397] INFO in _internal: 127.0.0.1 - - [28/Jun/2020 12:40:48] "GET /api/api/posts/ HTTP/1.1" 200 -
[2020-06-28 12:40:49,605] INFO in _internal: 127.0.0.1 - - [28/Jun/2020 12:40:49] "GET /api/api/files/20200626174005_post.jpeg HTTP/1.1" 200 -
[2020-06-28 12:40:49,692] INFO in _internal: 127.0.0.1 - - [28/Jun/2020 12:40:49] "GET /api/api/files/20200628065257_bonita.jpeg HTTP/1.1" 200 -
[2020-06-28 12:40:49,765] INFO in _internal: 127.0.0.1 - - [28/Jun/2020 12:40:49] "GET /api/api/files/20200628073644_bonita.jpeg HTTP/1.1" 200 -
[2020-06-28 12:40:49,813] INFO in _internal: 127.0.0.1 - - [28/Jun/2020 12:40:49] "GET /api/api/files/20200628074934_bonita.jpeg HTTP/1.1" 200 -
[2020-06-28 12:40:49,839] INFO in _internal: 127.0.0.1 - - [28/Jun/2020 12:40:49] "GET /api/api/files/20200628083355_post.jpeg HTTP/1.1" 200 -
[2020-06-28 12:40:49,868] INFO in _internal: 127.0.0.1 - - [28/Jun/2020 12:40:49] "GET /api/api/files/20200628075121_bonita.jpeg HTTP/1.1" 200 -
[2020-06-28 12:40:49,879] INFO in _internal: 127.0.0.1 - - [28/Jun/2020 12:40:49] "GET /api/api/files/20200628075420_bonita.jpeg HTTP/1.1" 200 -
[2020-06-28 12:40:59,717] INFO in _internal: 127.0.0.1 - - [28/Jun/2020 12:40:59] "GET /api/api/posts/ HTTP/1.1" 200 -
[2020-06-28 12:43:58,617] INFO in _internal: 127.0.0.1 - - [28/Jun/2020 12:43:58] "GET /api/api/posts/ HTTP/1.1" 200 -
[2020-06-28 12:44:45,062] INFO in _internal: 127.0.0.1 - - [28/Jun/2020 12:44:45] "GET /api/api/posts/ HTTP/1.1" 200 -
[2020-06-28 14:58:29,687] INFO in _internal: 127.0.0.1 - - [28/Jun/2020 14:58:29] "GET /api/api/posts/ HTTP/1.1" 200 -
[2020-06-28 15:04:25,412] INFO in _internal: 127.0.0.1 - - [28/Jun/2020 15:04:25] "GET /api/api/posts/ HTTP/1.1" 200 -
[2020-06-28 15:07:13,080] INFO in _internal: 127.0.0.1 - - [28/Jun/2020 15:07:13] "GET /api/api/posts/ HTTP/1.1" 200 -
[2020-06-28 15:08:01,462] INFO in _internal: 127.0.0.1 - - [28/Jun/2020 15:08:01] "GET /api/api/posts/ HTTP/1.1" 200 -
[2020-06-28 15:12:20,880] INFO in _internal: 127.0.0.1 - - [28/Jun/2020 15:12:20] "GET /api/api/posts/ HTTP/1.1" 200 -
[2020-06-28 15:14:06,667] INFO in _internal: 127.0.0.1 - - [28/Jun/2020 15:14:06] "GET /api/api/posts/ HTTP/1.1" 200 -
[2020-06-28 15:14:18,724] INFO in _internal: 127.0.0.1 - - [28/Jun/2020 15:14:18] "GET /api/api/posts/ HTTP/1.1" 200 -
[2020-06-28 15:14:42,458] INFO in _internal: 127.0.0.1 - - [28/Jun/2020 15:14:42] "GET /api/api/posts/ HTTP/1.1" 200 -
[2020-06-28 15:15:03,156] INFO in _internal: 127.0.0.1 - - [28/Jun/2020 15:15:03] "GET /api/api/posts/ HTTP/1.1" 200 -
[2020-06-28 15:16:09,154] INFO in _internal: 127.0.0.1 - - [28/Jun/2020 15:16:09] "GET /api/api/posts/ HTTP/1.1" 200 -
[2020-06-28 15:17:07,679] INFO in _internal: 127.0.0.1 - - [28/Jun/2020 15:17:07] "GET /api/api/posts/ HTTP/1.1" 200 -
[2020-06-28 15:18:43,130] INFO in _internal: 127.0.0.1 - - [28/Jun/2020 15:18:43] "GET /api/api/posts/ HTTP/1.1" 200 -
[2020-06-28 15:19:36,305] INFO in _internal: 127.0.0.1 - - [28/Jun/2020 15:19:36] "GET /api/api/posts/ HTTP/1.1" 200 -
[2020-06-28 15:21:02,107] INFO in _internal: 127.0.0.1 - - [28/Jun/2020 15:21:02] "GET /api/api/posts/ HTTP/1.1" 200 -
[2020-06-28 15:21:25,980] INFO in _internal: 127.0.0.1 - - [28/Jun/2020 15:21:25] "GET /api/api/posts/ HTTP/1.1" 200 -
[2020-06-28 15:21:33,922] INFO in _internal: 127.0.0.1 - - [28/Jun/2020 15:21:33] "GET /api/api/posts/ HTTP/1.1" 200 -
[2020-06-28 16:46:14,492] INFO in _internal:  * Detected change in '/home/crypto/Projects/Blog/app/backend/backend.py', reloading
[2020-06-28 16:46:24,948] INFO in _internal:  * Restarting with stat
[2020-06-28 16:49:01,966] INFO in _internal:  * Running on http://127.0.0.1:5000/ (Press CTRL+C to quit)
[2020-06-28 16:49:01,981] INFO in _internal:  * Restarting with stat
[2020-06-28 16:49:05,093] WARNING in _internal:  * Debugger is active!
[2020-06-28 16:49:05,815] INFO in _internal:  * Debugger PIN: 239-171-407
[2020-06-28 16:49:27,317] INFO in _internal:  * Detected change in '/home/crypto/Projects/Blog/app/backend/backend.py', reloading
[2020-06-28 16:49:27,671] INFO in _internal:  * Restarting with stat
[2020-06-28 16:49:34,448] WARNING in _internal:  * Debugger is active!
[2020-06-28 16:49:34,595] INFO in _internal:  * Debugger PIN: 239-171-407
[2020-06-28 16:49:34,764] INFO in _internal: 127.0.0.1 - - [28/Jun/2020 16:49:34] "GET /api/api/posts/ HTTP/1.1" 200 -
[2020-06-28 16:50:52,026] INFO in _internal: 127.0.0.1 - - [28/Jun/2020 16:50:52] "GET / HTTP/1.1" 404 -
[2020-06-28 16:50:56,055] INFO in _internal: 127.0.0.1 - - [28/Jun/2020 16:50:56] "GET /favicon.ico HTTP/1.1" 404 -
[2020-06-28 16:51:05,544] INFO in _internal: 127.0.0.1 - - [28/Jun/2020 16:51:05] "GET /api HTTP/1.1" 308 -
[2020-06-28 16:51:05,822] INFO in _internal: 127.0.0.1 - - [28/Jun/2020 16:51:05] "GET /api/ HTTP/1.1" 200 -
[2020-06-28 16:51:06,229] INFO in _internal: 127.0.0.1 - - [28/Jun/2020 16:51:06] "GET /swaggerui/swagger-ui.css HTTP/1.1" 200 -
[2020-06-28 16:51:06,245] INFO in _internal: 127.0.0.1 - - [28/Jun/2020 16:51:06] "GET /swaggerui/droid-sans.css HTTP/1.1" 200 -
[2020-06-28 16:51:06,618] INFO in _internal: 127.0.0.1 - - [28/Jun/2020 16:51:06] "GET /swaggerui/swagger-ui-bundle.js HTTP/1.1" 304 -
[2020-06-28 16:51:06,664] INFO in _internal: 127.0.0.1 - - [28/Jun/2020 16:51:06] "GET /swaggerui/swagger-ui-standalone-preset.js HTTP/1.1" 304 -
[2020-06-28 16:51:07,425] INFO in _internal: 127.0.0.1 - - [28/Jun/2020 16:51:07] "GET /swaggerui/favicon-16x16.png HTTP/1.1" 200 -
[2020-06-28 16:51:08,795] INFO in _internal: 127.0.0.1 - - [28/Jun/2020 16:51:08] "GET /api/swagger.json HTTP/1.1" 200 -
[2020-06-28 16:52:53,769] INFO in _internal: 127.0.0.1 - - [28/Jun/2020 16:52:53] "GET /api/api/posts/ HTTP/1.1" 200 -
[2020-06-28 16:53:39,601] INFO in _internal:  * Detected change in '/home/crypto/Projects/Blog/app/backend/backend.py', reloading
[2020-06-28 16:53:40,022] INFO in _internal:  * Restarting with stat
[2020-06-28 16:53:43,735] WARNING in _internal:  * Debugger is active!
[2020-06-28 16:53:43,764] INFO in _internal:  * Debugger PIN: 239-171-407
[2020-06-28 16:53:54,383] INFO in _internal: 127.0.0.1 - - [28/Jun/2020 16:53:54] "GET /api/api/posts/ HTTP/1.1" 200 -
[2020-06-28 16:54:11,089] INFO in _internal: 127.0.0.1 - - [28/Jun/2020 16:54:11] "GET /api/api/posts/ HTTP/1.1" 200 -
[2020-06-28 16:58:40,205] INFO in _internal: 127.0.0.1 - - [28/Jun/2020 16:58:40] "GET /api/api/posts/ HTTP/1.1" 200 -
[2020-06-28 17:06:24,579] INFO in _internal: 127.0.0.1 - - [28/Jun/2020 17:06:24] "GET /api/api/posts/ HTTP/1.1" 200 -
[2020-06-28 17:06:43,073] INFO in _internal: 127.0.0.1 - - [28/Jun/2020 17:06:43] "GET /api/api/posts/ HTTP/1.1" 200 -
[2020-06-28 17:08:21,043] INFO in _internal: 127.0.0.1 - - [28/Jun/2020 17:08:21] "GET /api/api/posts/ HTTP/1.1" 200 -
[2020-06-28 17:08:56,229] INFO in _internal: 127.0.0.1 - - [28/Jun/2020 17:08:56] "GET /api/api/posts/ HTTP/1.1" 200 -
[2020-06-28 17:09:58,832] INFO in _internal: 127.0.0.1 - - [28/Jun/2020 17:09:58] "GET /api/api/posts/ HTTP/1.1" 200 -
[2020-06-28 17:14:37,378] INFO in _internal: 127.0.0.1 - - [28/Jun/2020 17:14:37] "GET /api/api/posts/ HTTP/1.1" 200 -
[2020-06-28 17:17:25,019] INFO in _internal: 127.0.0.1 - - [28/Jun/2020 17:17:25] "GET /api/api/posts/ HTTP/1.1" 200 -
[2020-06-28 17:22:46,940] INFO in _internal: 127.0.0.1 - - [28/Jun/2020 17:22:46] "GET /api/api/posts/ HTTP/1.1" 200 -
[2020-06-28 17:24:26,709] INFO in _internal: 127.0.0.1 - - [28/Jun/2020 17:24:26] "GET /api/api/posts/ HTTP/1.1" 200 -
[2020-06-28 19:19:27,001] INFO in _internal: 127.0.0.1 - - [28/Jun/2020 19:19:27] "GET /api/api/posts/ HTTP/1.1" 200 -
[2020-06-28 19:20:03,222] INFO in _internal: 127.0.0.1 - - [28/Jun/2020 19:20:03] "GET /api/api/posts/ HTTP/1.1" 200 -
[2020-06-28 19:21:22,568] INFO in _internal: 127.0.0.1 - - [28/Jun/2020 19:21:22] "GET /api/api/posts/ HTTP/1.1" 200 -
[2020-06-28 19:26:55,870] INFO in _internal: 127.0.0.1 - - [28/Jun/2020 19:26:55] "GET /api/api/posts/ HTTP/1.1" 200 -
[2020-06-28 19:31:20,511] INFO in _internal: 127.0.0.1 - - [28/Jun/2020 19:31:20] "GET /api/api/posts/ HTTP/1.1" 200 -
[2020-06-28 19:35:38,626] INFO in _internal: 127.0.0.1 - - [28/Jun/2020 19:35:38] "GET /api/api/posts/ HTTP/1.1" 200 -
[2020-06-28 19:35:51,206] INFO in _internal: 127.0.0.1 - - [28/Jun/2020 19:35:51] "GET /api/api/posts/ HTTP/1.1" 200 -
[2020-06-28 19:36:21,741] INFO in _internal: 127.0.0.1 - - [28/Jun/2020 19:36:21] "GET /api/api/posts/ HTTP/1.1" 200 -
[2020-06-28 19:59:38,301] INFO in _internal: 127.0.0.1 - - [28/Jun/2020 19:59:38] "GET /api/api/posts/ HTTP/1.1" 200 -
[2020-06-28 19:59:38,440] INFO in _internal: 127.0.0.1 - - [28/Jun/2020 19:59:38] "GET /api/api/posts/ HTTP/1.1" 200 -
[2020-06-28 19:59:39,156] INFO in _internal: 127.0.0.1 - - [28/Jun/2020 19:59:39] "GET /api/api/files/20200628065257_bonita.jpeg HTTP/1.1" 304 -
[2020-06-28 19:59:39,185] INFO in _internal: 127.0.0.1 - - [28/Jun/2020 19:59:39] "GET /api/api/files/20200628074934_bonita.jpeg HTTP/1.1" 304 -
[2020-06-28 19:59:39,217] INFO in _internal: 127.0.0.1 - - [28/Jun/2020 19:59:39] "GET /api/api/files/20200628073644_bonita.jpeg HTTP/1.1" 304 -
[2020-06-28 19:59:39,267] INFO in _internal: 127.0.0.1 - - [28/Jun/2020 19:59:39] "GET /api/api/files/20200628075121_bonita.jpeg HTTP/1.1" 304 -
[2020-06-28 19:59:39,284] INFO in _internal: 127.0.0.1 - - [28/Jun/2020 19:59:39] "GET /api/api/files/20200626174005_post.jpeg HTTP/1.1" 304 -
[2020-06-28 19:59:39,306] INFO in _internal: 127.0.0.1 - - [28/Jun/2020 19:59:39] "GET /api/api/files/20200628075420_bonita.jpeg HTTP/1.1" 304 -
[2020-06-28 20:02:41,663] INFO in _internal: 127.0.0.1 - - [28/Jun/2020 20:02:41] "GET /api/api/posts/ HTTP/1.1" 200 -
[2020-06-28 20:02:41,774] INFO in _internal: 127.0.0.1 - - [28/Jun/2020 20:02:41] "GET /api/api/posts/ HTTP/1.1" 200 -
[2020-06-28 20:04:07,914] INFO in _internal: 127.0.0.1 - - [28/Jun/2020 20:04:07] "GET /api/api/posts/ HTTP/1.1" 200 -
[2020-06-28 20:04:13,478] INFO in _internal: 127.0.0.1 - - [28/Jun/2020 20:04:13] "GET /api/api/posts/ HTTP/1.1" 200 -
[2020-06-28 20:04:13,635] INFO in _internal: 127.0.0.1 - - [28/Jun/2020 20:04:13] "GET /api/api/posts/ HTTP/1.1" 200 -
[2020-06-28 20:06:42,351] INFO in _internal: 127.0.0.1 - - [28/Jun/2020 20:06:42] "GET /api/api/posts/ HTTP/1.1" 200 -
[2020-06-28 20:10:16,460] INFO in _internal: 127.0.0.1 - - [28/Jun/2020 20:10:16] "GET /api/api/posts/ HTTP/1.1" 200 -
[2020-06-28 20:39:13,482] INFO in _internal: 127.0.0.1 - - [28/Jun/2020 20:39:13] "GET /api/api/posts/ HTTP/1.1" 200 -
[2020-06-28 20:39:14,204] INFO in _internal: 127.0.0.1 - - [28/Jun/2020 20:39:14] "GET /api/api/files/20200628083355_post.jpeg HTTP/1.1" 304 -
[2020-06-28 20:45:59,242] INFO in _internal: 127.0.0.1 - - [28/Jun/2020 20:45:59] "GET /api/api/posts/ HTTP/1.1" 200 -
[2020-06-28 20:46:31,390] INFO in _internal: 127.0.0.1 - - [28/Jun/2020 20:46:31] "GET /api/api/posts/ HTTP/1.1" 200 -
[2020-06-29 00:35:55,496] INFO in _internal: 127.0.0.1 - - [29/Jun/2020 00:35:55] "GET /api/api/posts/ HTTP/1.1" 200 -
[2020-06-29 19:17:31,884] INFO in _internal:  * Running on http://127.0.0.1:5000/ (Press CTRL+C to quit)
[2020-06-29 19:17:31,921] INFO in _internal:  * Restarting with stat
[2020-06-29 19:17:34,570] WARNING in _internal:  * Debugger is active!
[2020-06-29 19:17:36,724] INFO in _internal:  * Debugger PIN: 137-745-981
[2020-06-29 19:19:52,918] INFO in _internal: 127.0.0.1 - - [29/Jun/2020 19:19:52] "GET /api/api/posts/ HTTP/1.1" 200 -
[2020-06-29 19:19:53,094] INFO in _internal: 127.0.0.1 - - [29/Jun/2020 19:19:53] "GET /api/api/files/20200628074934_bonita.jpeg HTTP/1.1" 304 -
[2020-06-29 19:19:53,108] INFO in _internal: 127.0.0.1 - - [29/Jun/2020 19:19:53] "GET /api/api/files/20200628065257_bonita.jpeg HTTP/1.1" 304 -
[2020-06-29 19:19:53,117] INFO in _internal: 127.0.0.1 - - [29/Jun/2020 19:19:53] "GET /api/api/files/20200628073644_bonita.jpeg HTTP/1.1" 304 -
[2020-06-29 19:19:53,206] INFO in _internal: 127.0.0.1 - - [29/Jun/2020 19:19:53] "GET /api/api/files/20200628083355_post.jpeg HTTP/1.1" 304 -
[2020-06-29 19:19:53,242] INFO in _internal: 127.0.0.1 - - [29/Jun/2020 19:19:53] "GET /api/api/files/20200628075121_bonita.jpeg HTTP/1.1" 304 -
[2020-06-29 19:19:53,347] INFO in _internal: 127.0.0.1 - - [29/Jun/2020 19:19:53] "GET /api/api/files/20200628075420_bonita.jpeg HTTP/1.1" 304 -
[2020-06-29 19:19:53,403] INFO in _internal: 127.0.0.1 - - [29/Jun/2020 19:19:53] "GET /api/api/files/20200626174005_post.jpeg HTTP/1.1" 304 -
[2020-06-29 19:20:18,043] DEBUG in app: encrypted_credentials: gAAAAABe-mkiAAECAwQFBgcICQoLDA0OD7chTie6dAlctSlII61cYL-CsF8NzPoC7r116XtRzSTTy2KeJ0KpDeb3mZO4a9AUtrXn9MV8gW4LvXzutk2K92FLEqAUNw9jFQe-T9yr74PrfWH_36k6QzTKfsnjdxwzssx5KMFmaEp1reTI5QegMCTCSaygfslcHCOvTVg6TeSF
[2020-06-29 19:20:19,031] DEBUG in app: credentials: {'sys': 'blog', 'usr': 'administrador', 'psw': '12345', 'grp': '2', 'tme': 'Mon Jun 29 2020 19:20:18 '}, verified: True
[2020-06-29 19:20:19,031] DEBUG in app: 
[2020-06-29 19:20:19,035] INFO in _internal: 127.0.0.1 - - [29/Jun/2020 19:20:19] "GET /api/api/get_token/gAAAAABe-mkiAAECAwQFBgcICQoLDA0OD7chTie6dAlctSlII61cYL-CsF8NzPoC7r116XtRzSTTy2KeJ0KpDeb3mZO4a9AUtrXn9MV8gW4LvXzutk2K92FLEqAUNw9jFQe-T9yr74PrfWH_36k6QzTKfsnjdxwzssx5KMFmaEp1reTI5QegMCTCSaygfslcHCOvTVg6TeSF HTTP/1.1" 200 -
[2020-06-29 23:58:22,911] INFO in _internal: 127.0.0.1 - - [29/Jun/2020 23:58:22] "GET /api/api/posts/ HTTP/1.1" 200 -
[2020-06-29 23:58:23,210] INFO in _internal: 127.0.0.1 - - [29/Jun/2020 23:58:23] "GET /api/api/files/20200628065257_bonita.jpeg HTTP/1.1" 304 -
[2020-06-29 23:58:23,221] INFO in _internal: 127.0.0.1 - - [29/Jun/2020 23:58:23] "GET /api/api/files/20200628074934_bonita.jpeg HTTP/1.1" 304 -
[2020-06-29 23:58:23,252] INFO in _internal: 127.0.0.1 - - [29/Jun/2020 23:58:23] "GET /api/api/files/20200628083355_post.jpeg HTTP/1.1" 304 -
[2020-06-29 23:58:23,284] INFO in _internal: 127.0.0.1 - - [29/Jun/2020 23:58:23] "GET /api/api/files/20200628075121_bonita.jpeg HTTP/1.1" 304 -
[2020-06-29 23:58:23,301] INFO in _internal: 127.0.0.1 - - [29/Jun/2020 23:58:23] "GET /api/api/files/20200628073644_bonita.jpeg HTTP/1.1" 304 -
[2020-06-29 23:58:23,321] INFO in _internal: 127.0.0.1 - - [29/Jun/2020 23:58:23] "GET /api/api/files/20200628075420_bonita.jpeg HTTP/1.1" 304 -
[2020-06-29 23:58:23,337] INFO in _internal: 127.0.0.1 - - [29/Jun/2020 23:58:23] "GET /api/api/files/20200626174005_post.jpeg HTTP/1.1" 304 -
[2020-06-30 00:08:11,413] INFO in _internal: 127.0.0.1 - - [30/Jun/2020 00:08:11] "GET /api/api/posts/ HTTP/1.1" 200 -
[2020-06-30 00:12:18,925] INFO in _internal: 127.0.0.1 - - [30/Jun/2020 00:12:18] "GET /api/api/posts/ HTTP/1.1" 200 -
[2020-06-30 00:14:42,741] DEBUG in app: encrypted_credentials: gAAAAABe-q4jAAECAwQFBgcICQoLDA0OD7chTie6dAlctSlII61cYL-CsF8NzPoC7r116XtRzSTTy2KeJ0KpDeb3mZO4a9AUtrXn9MV8gW4LvXzutk2K92HxpDi0gqAV93Vq0LLjUeUWYf-NhNYGwmE0MB12aMlEwPerBSGiyaiXXcYbYJ3tLF0w6dB2zrqAYdyztlpoQvWQ
[2020-06-30 00:14:43,530] DEBUG in app: credentials: {'sys': 'blog', 'usr': 'administrador', 'psw': '12345', 'grp': '2', 'tme': 'Tue Jun 30 2020 00:14:42 '}, verified: True
[2020-06-30 00:14:43,534] DEBUG in app: 
[2020-06-30 00:14:43,537] INFO in _internal: 127.0.0.1 - - [30/Jun/2020 00:14:43] "GET /api/api/get_token/gAAAAABe-q4jAAECAwQFBgcICQoLDA0OD7chTie6dAlctSlII61cYL-CsF8NzPoC7r116XtRzSTTy2KeJ0KpDeb3mZO4a9AUtrXn9MV8gW4LvXzutk2K92HxpDi0gqAV93Vq0LLjUeUWYf-NhNYGwmE0MB12aMlEwPerBSGiyaiXXcYbYJ3tLF0w6dB2zrqAYdyztlpoQvWQ HTTP/1.1" 200 -
[2020-06-30 00:32:47,692] INFO in _internal: 127.0.0.1 - - [30/Jun/2020 00:32:47] "GET /api/api/posts/ HTTP/1.1" 200 -
[2020-06-30 00:32:48,007] INFO in _internal: 127.0.0.1 - - [30/Jun/2020 00:32:48] "GET /api/api/files/20200628074934_bonita.jpeg HTTP/1.1" 200 -
[2020-06-30 00:32:48,010] INFO in _internal: 127.0.0.1 - - [30/Jun/2020 00:32:48] "GET /api/api/files/20200628075121_bonita.jpeg HTTP/1.1" 200 -
[2020-06-30 00:32:48,011] INFO in _internal: 127.0.0.1 - - [30/Jun/2020 00:32:48] "GET /api/api/files/20200628083355_post.jpeg HTTP/1.1" 200 -
[2020-06-30 00:32:48,012] INFO in _internal: 127.0.0.1 - - [30/Jun/2020 00:32:48] "GET /api/api/files/20200628065257_bonita.jpeg HTTP/1.1" 200 -
[2020-06-30 00:32:48,013] INFO in _internal: 127.0.0.1 - - [30/Jun/2020 00:32:48] "GET /api/api/files/20200628073644_bonita.jpeg HTTP/1.1" 200 -
[2020-06-30 00:32:48,071] INFO in _internal: 127.0.0.1 - - [30/Jun/2020 00:32:48] "GET /api/api/files/20200628075420_bonita.jpeg HTTP/1.1" 200 -
[2020-06-30 00:32:48,085] INFO in _internal: 127.0.0.1 - - [30/Jun/2020 00:32:48] "GET /api/api/files/20200626174005_post.jpeg HTTP/1.1" 200 -
[2020-06-30 00:38:29,975] INFO in _internal: 127.0.0.1 - - [30/Jun/2020 00:38:29] "GET /api/api/posts/ HTTP/1.1" 200 -
[2020-06-30 00:38:30,138] INFO in _internal: 127.0.0.1 - - [30/Jun/2020 00:38:30] "GET /api/api/files/20200628074934_bonita.jpeg HTTP/1.1" 304 -
[2020-06-30 00:38:30,163] INFO in _internal: 127.0.0.1 - - [30/Jun/2020 00:38:30] "GET /api/api/files/20200628065257_bonita.jpeg HTTP/1.1" 304 -
[2020-06-30 00:38:30,188] INFO in _internal: 127.0.0.1 - - [30/Jun/2020 00:38:30] "GET /api/api/files/20200628073644_bonita.jpeg HTTP/1.1" 304 -
[2020-06-30 00:38:30,253] INFO in _internal: 127.0.0.1 - - [30/Jun/2020 00:38:30] "GET /api/api/files/20200628083355_post.jpeg HTTP/1.1" 304 -
[2020-06-30 00:38:30,271] INFO in _internal: 127.0.0.1 - - [30/Jun/2020 00:38:30] "GET /api/api/files/20200628075121_bonita.jpeg HTTP/1.1" 304 -
[2020-06-30 00:38:30,279] INFO in _internal: 127.0.0.1 - - [30/Jun/2020 00:38:30] "GET /api/api/files/20200628075420_bonita.jpeg HTTP/1.1" 304 -
[2020-06-30 00:38:30,299] INFO in _internal: 127.0.0.1 - - [30/Jun/2020 00:38:30] "GET /api/api/files/20200626174005_post.jpeg HTTP/1.1" 304 -
[2020-06-30 00:39:07,900] INFO in _internal: 127.0.0.1 - - [30/Jun/2020 00:39:07] "GET /api/api/posts/ HTTP/1.1" 200 -
[2020-06-30 00:39:08,203] INFO in _internal: 127.0.0.1 - - [30/Jun/2020 00:39:08] "GET /api/api/files/20200628074934_bonita.jpeg HTTP/1.1" 304 -
[2020-06-30 00:39:08,248] INFO in _internal: 127.0.0.1 - - [30/Jun/2020 00:39:08] "GET /api/api/files/20200628065257_bonita.jpeg HTTP/1.1" 304 -
[2020-06-30 00:39:08,265] INFO in _internal: 127.0.0.1 - - [30/Jun/2020 00:39:08] "GET /api/api/files/20200628073644_bonita.jpeg HTTP/1.1" 304 -
[2020-06-30 00:39:08,271] INFO in _internal: 127.0.0.1 - - [30/Jun/2020 00:39:08] "GET /api/api/files/20200628083355_post.jpeg HTTP/1.1" 304 -
[2020-06-30 00:39:08,313] INFO in _internal: 127.0.0.1 - - [30/Jun/2020 00:39:08] "GET /api/api/files/20200628075121_bonita.jpeg HTTP/1.1" 304 -
[2020-06-30 00:39:08,337] INFO in _internal: 127.0.0.1 - - [30/Jun/2020 00:39:08] "GET /api/api/files/20200628075420_bonita.jpeg HTTP/1.1" 304 -
[2020-06-30 00:39:08,346] INFO in _internal: 127.0.0.1 - - [30/Jun/2020 00:39:08] "GET /api/api/files/20200626174005_post.jpeg HTTP/1.1" 304 -
[2020-06-30 00:41:54,228] INFO in _internal: 127.0.0.1 - - [30/Jun/2020 00:41:54] "GET /api/api/posts/ HTTP/1.1" 200 -
[2020-06-30 00:41:54,357] INFO in _internal: 127.0.0.1 - - [30/Jun/2020 00:41:54] "GET /api/api/files/20200628074934_bonita.jpeg HTTP/1.1" 304 -
[2020-06-30 00:41:54,466] INFO in _internal: 127.0.0.1 - - [30/Jun/2020 00:41:54] "GET /api/api/files/20200628073644_bonita.jpeg HTTP/1.1" 304 -
[2020-06-30 00:41:54,487] INFO in _internal: 127.0.0.1 - - [30/Jun/2020 00:41:54] "GET /api/api/files/20200628065257_bonita.jpeg HTTP/1.1" 304 -
[2020-06-30 00:41:54,507] INFO in _internal: 127.0.0.1 - - [30/Jun/2020 00:41:54] "GET /api/api/files/20200628083355_post.jpeg HTTP/1.1" 304 -
[2020-06-30 00:41:54,531] INFO in _internal: 127.0.0.1 - - [30/Jun/2020 00:41:54] "GET /api/api/files/20200628075121_bonita.jpeg HTTP/1.1" 304 -
[2020-06-30 00:41:54,565] INFO in _internal: 127.0.0.1 - - [30/Jun/2020 00:41:54] "GET /api/api/files/20200628075420_bonita.jpeg HTTP/1.1" 304 -
[2020-06-30 00:41:54,617] INFO in _internal: 127.0.0.1 - - [30/Jun/2020 00:41:54] "GET /api/api/files/20200626174005_post.jpeg HTTP/1.1" 304 -
[2020-06-30 00:42:38,960] DEBUG in app: encrypted_credentials: gAAAAABe-rSvAAECAwQFBgcICQoLDA0OD7chTie6dAlctSlII61cYL-CsF8NzPoC7r116XtRzSTTy2KeJ0KpDeb3mZO4a9AUtrXn9MV8gW4LvXzutk2K92HxpDi0gqAV93Vq0LLjUeUWSQS_zUKg1eUM2BNoZ96MIjS0B5McdX4rjfLrug8qiOf4q3r8mTLi9cEeAYWbji-6
[2020-06-30 00:42:39,539] DEBUG in app: credentials: {'sys': 'blog', 'usr': 'administrador', 'psw': '12345', 'grp': '2', 'tme': 'Tue Jun 30 2020 00:42:38 '}, verified: True
[2020-06-30 00:42:39,539] DEBUG in app: 
[2020-06-30 00:42:39,541] INFO in _internal: 127.0.0.1 - - [30/Jun/2020 00:42:39] "GET /api/api/get_token/gAAAAABe-rSvAAECAwQFBgcICQoLDA0OD7chTie6dAlctSlII61cYL-CsF8NzPoC7r116XtRzSTTy2KeJ0KpDeb3mZO4a9AUtrXn9MV8gW4LvXzutk2K92HxpDi0gqAV93Vq0LLjUeUWSQS_zUKg1eUM2BNoZ96MIjS0B5McdX4rjfLrug8qiOf4q3r8mTLi9cEeAYWbji-6 HTTP/1.1" 200 -
[2020-06-30 00:42:47,398] DEBUG in app: encrypted_credentials: gAAAAABe-rS3AAECAwQFBgcICQoLDA0OD7chTie6dAlctSlII61cYL-CsF8NzPoC7r116XtRzSTTy2KeJ0KpDeb3mZO4a9AUtrXn9MV8gW4LvXzutk2K92HxpDi0gqAV93Vq0LLjUeUWQMRkM3rUJsNsrIfNCoTB718ztfCvkSlF2NqzHFaRlZsdZOWHKGHneiXWiYc1mE-d
[2020-06-30 00:42:47,408] DEBUG in app: credentials: {'sys': 'blog', 'usr': 'administrador', 'psw': '12345', 'grp': '2', 'tme': 'Tue Jun 30 2020 00:42:47 '}, verified: True
[2020-06-30 00:42:47,412] DEBUG in app: 
[2020-06-30 00:42:47,417] INFO in _internal: 127.0.0.1 - - [30/Jun/2020 00:42:47] "GET /api/api/get_token/gAAAAABe-rS3AAECAwQFBgcICQoLDA0OD7chTie6dAlctSlII61cYL-CsF8NzPoC7r116XtRzSTTy2KeJ0KpDeb3mZO4a9AUtrXn9MV8gW4LvXzutk2K92HxpDi0gqAV93Vq0LLjUeUWQMRkM3rUJsNsrIfNCoTB718ztfCvkSlF2NqzHFaRlZsdZOWHKGHneiXWiYc1mE-d HTTP/1.1" 200 -
[2020-06-30 00:43:38,191] INFO in _internal: 127.0.0.1 - - [30/Jun/2020 00:43:38] "GET /api/api/posts/ HTTP/1.1" 200 -
[2020-06-30 00:43:38,655] INFO in _internal: 127.0.0.1 - - [30/Jun/2020 00:43:38] "GET /api/api/files/20200628074934_bonita.jpeg HTTP/1.1" 304 -
[2020-06-30 00:43:38,707] INFO in _internal: 127.0.0.1 - - [30/Jun/2020 00:43:38] "GET /api/api/files/20200628065257_bonita.jpeg HTTP/1.1" 304 -
[2020-06-30 00:43:38,759] INFO in _internal: 127.0.0.1 - - [30/Jun/2020 00:43:38] "GET /api/api/files/20200628073644_bonita.jpeg HTTP/1.1" 304 -
[2020-06-30 00:43:38,915] INFO in _internal: 127.0.0.1 - - [30/Jun/2020 00:43:38] "GET /api/api/files/20200628075121_bonita.jpeg HTTP/1.1" 304 -
[2020-06-30 00:43:38,941] INFO in _internal: 127.0.0.1 - - [30/Jun/2020 00:43:38] "GET /api/api/files/20200628083355_post.jpeg HTTP/1.1" 304 -
[2020-06-30 00:43:38,958] INFO in _internal: 127.0.0.1 - - [30/Jun/2020 00:43:38] "GET /api/api/files/20200628075420_bonita.jpeg HTTP/1.1" 304 -
[2020-06-30 00:43:39,000] INFO in _internal: 127.0.0.1 - - [30/Jun/2020 00:43:38] "GET /api/api/files/20200626174005_post.jpeg HTTP/1.1" 304 -
[2020-06-30 01:27:15,071] INFO in _internal: 127.0.0.1 - - [30/Jun/2020 01:27:15] "GET /api/api/posts/ HTTP/1.1" 200 -
[2020-06-30 01:28:41,705] DEBUG in app: encrypted_credentials: gAAAAABe-r95AAECAwQFBgcICQoLDA0OD7chTie6dAlctSlII61cYL-CsF8NzPoC7r116XtRzSTTy2KeJ0KpDeb3mZO4a9AUtrXn9MV8gW4LvXzutk2K92HxpDi0gqAV93Vq0LLjUeUW7NlLO2XtQvBhBYMwpGYcMJheLhC3GgkHQuLGi_F0zihM7Im41MJ5qgJqJjzBKPew
[2020-06-30 01:28:42,407] DEBUG in app: credentials: {'sys': 'blog', 'usr': 'administrador', 'psw': '12345', 'grp': '2', 'tme': 'Tue Jun 30 2020 01:28:41 '}, verified: True
[2020-06-30 01:28:42,407] DEBUG in app: 
[2020-06-30 01:28:42,409] INFO in _internal: 127.0.0.1 - - [30/Jun/2020 01:28:42] "GET /api/api/get_token/gAAAAABe-r95AAECAwQFBgcICQoLDA0OD7chTie6dAlctSlII61cYL-CsF8NzPoC7r116XtRzSTTy2KeJ0KpDeb3mZO4a9AUtrXn9MV8gW4LvXzutk2K92HxpDi0gqAV93Vq0LLjUeUW7NlLO2XtQvBhBYMwpGYcMJheLhC3GgkHQuLGi_F0zihM7Im41MJ5qgJqJjzBKPew HTTP/1.1" 200 -
[2020-06-30 08:13:55,895] INFO in _internal:  * Running on http://127.0.0.1:5000/ (Press CTRL+C to quit)
[2020-06-30 08:13:55,951] INFO in _internal:  * Restarting with stat
[2020-06-30 08:13:58,653] WARNING in _internal:  * Debugger is active!
[2020-06-30 08:14:00,806] INFO in _internal:  * Debugger PIN: 974-346-905
[2020-06-30 08:15:57,973] INFO in _internal: 127.0.0.1 - - [30/Jun/2020 08:15:57] "GET /api/api/posts/ HTTP/1.1" 200 -
[2020-06-30 08:25:44,694] DEBUG in app: encrypted_credentials: gAAAAABe-yE5AAECAwQFBgcICQoLDA0OD7chTie6dAlctSlII61cYL-CsF8NzPoC7r116XtRzSTTy2KeJ0KpDeb3mZO4a9AUtrXn9MV8gW4LvXzutk2K92HxpDi0gqAV93Vq0LLjUeUWlS7dPe1qpnySq8SYwEqqMb6oETaAGqDbIHPvh4HXadrUnAS0cphuy0XPyFXP6_Ld
[2020-06-30 08:25:45,719] DEBUG in app: credentials: {'sys': 'blog', 'usr': 'administrador', 'psw': '12345', 'grp': '2', 'tme': 'Tue Jun 30 2020 08:25:44 '}, verified: True
[2020-06-30 08:25:45,719] DEBUG in app: 
[2020-06-30 08:25:45,722] INFO in _internal: 127.0.0.1 - - [30/Jun/2020 08:25:45] "GET /api/api/get_token/gAAAAABe-yE5AAECAwQFBgcICQoLDA0OD7chTie6dAlctSlII61cYL-CsF8NzPoC7r116XtRzSTTy2KeJ0KpDeb3mZO4a9AUtrXn9MV8gW4LvXzutk2K92HxpDi0gqAV93Vq0LLjUeUWlS7dPe1qpnySq8SYwEqqMb6oETaAGqDbIHPvh4HXadrUnAS0cphuy0XPyFXP6_Ld HTTP/1.1" 200 -
[2020-06-30 08:26:48,866] INFO in _internal: 127.0.0.1 - - [30/Jun/2020 08:26:48] "GET /main.8e4e253f6ed07fa6f4c0.hot-update.js HTTP/1.1" 404 -
[2020-06-30 08:27:52,876] INFO in _internal: 127.0.0.1 - - [30/Jun/2020 08:27:52] "GET /api/api/posts/ HTTP/1.1" 200 -
[2020-06-30 08:37:21,083] INFO in _internal: 127.0.0.1 - - [30/Jun/2020 08:37:21] "GET /api/api/posts/ HTTP/1.1" 200 -
[2020-06-30 08:39:42,492] DEBUG in app: encrypted_credentials: gAAAAABe-yR-AAECAwQFBgcICQoLDA0OD7chTie6dAlctSlII61cYL-CsF8NzPoC7r116XtRzSTTy2KeJ0KpDeb3mZO4a9AUtrXn9MV8gW4LvXzutk2K92HxpDi0gqAV93Vq0LLjUeUWpWESRICQ2xv_BKTJ4RZU1eO1fIaJA8bwTSbMwTdFYrAS8AdlZJ0kzQA_cTPGepSK
[2020-06-30 08:39:42,851] DEBUG in app: credentials: {'sys': 'blog', 'usr': 'administrador', 'psw': '12345', 'grp': '2', 'tme': 'Tue Jun 30 2020 08:39:42 '}, verified: True
[2020-06-30 08:39:42,852] DEBUG in app: 
[2020-06-30 08:39:42,856] INFO in _internal: 127.0.0.1 - - [30/Jun/2020 08:39:42] "GET /api/api/get_token/gAAAAABe-yR-AAECAwQFBgcICQoLDA0OD7chTie6dAlctSlII61cYL-CsF8NzPoC7r116XtRzSTTy2KeJ0KpDeb3mZO4a9AUtrXn9MV8gW4LvXzutk2K92HxpDi0gqAV93Vq0LLjUeUWpWESRICQ2xv_BKTJ4RZU1eO1fIaJA8bwTSbMwTdFYrAS8AdlZJ0kzQA_cTPGepSK HTTP/1.1" 200 -
[2020-06-30 08:40:51,443] INFO in _internal: 127.0.0.1 - - [30/Jun/2020 08:40:51] "GET /api/api/posts/ HTTP/1.1" 200 -
[2020-06-30 08:41:01,183] DEBUG in app: encrypted_credentials: gAAAAABe-yTNAAECAwQFBgcICQoLDA0OD7chTie6dAlctSlII61cYL-CsF8NzPoC7r116XtRzSTTy2KeJ0KpDeb3mZO4a9AUtrXn9MV8gW4LvXzutk2K92HxpDi0gqAV93Vq0LLjUeUWXuJSiU1Afrac-89Z_8Q50NnvkD0lmtSlrlY33qU6Y8kIp5Gt-tdUzGH3Ab07Hmkr
[2020-06-30 08:41:01,191] DEBUG in app: credentials: {'sys': 'blog', 'usr': 'administrador', 'psw': '12345', 'grp': '2', 'tme': 'Tue Jun 30 2020 08:41:01 '}, verified: True
[2020-06-30 08:41:01,193] DEBUG in app: 
[2020-06-30 08:41:01,196] INFO in _internal: 127.0.0.1 - - [30/Jun/2020 08:41:01] "GET /api/api/get_token/gAAAAABe-yTNAAECAwQFBgcICQoLDA0OD7chTie6dAlctSlII61cYL-CsF8NzPoC7r116XtRzSTTy2KeJ0KpDeb3mZO4a9AUtrXn9MV8gW4LvXzutk2K92HxpDi0gqAV93Vq0LLjUeUWXuJSiU1Afrac-89Z_8Q50NnvkD0lmtSlrlY33qU6Y8kIp5Gt-tdUzGH3Ab07Hmkr HTTP/1.1" 200 -
[2020-06-30 08:41:56,736] DEBUG in app: encrypted_credentials: gAAAAABe-yUFAAECAwQFBgcICQoLDA0OD7chTie6dAlctSlII61cYL-CsF8NzPoC7r116XtRzSTTy2KeJ0KpDeb3mZO4a9AUtrXn9MV8gW4LvXzutk2K92HxpDi0gqAV93Vq0LLjUeUWL5JjneeKwfCW6d0KvkrLJtKgByjMiyjKnFCfSDBj7YJdEcKWj7z1UpOFRuH_Ud80
[2020-06-30 08:41:56,745] DEBUG in app: credentials: {'sys': 'blog', 'usr': 'administrador', 'psw': '12345', 'grp': '2', 'tme': 'Tue Jun 30 2020 08:41:56 '}, verified: True
[2020-06-30 08:41:56,745] DEBUG in app: 
[2020-06-30 08:41:56,748] INFO in _internal: 127.0.0.1 - - [30/Jun/2020 08:41:56] "GET /api/api/get_token/gAAAAABe-yUFAAECAwQFBgcICQoLDA0OD7chTie6dAlctSlII61cYL-CsF8NzPoC7r116XtRzSTTy2KeJ0KpDeb3mZO4a9AUtrXn9MV8gW4LvXzutk2K92HxpDi0gqAV93Vq0LLjUeUWL5JjneeKwfCW6d0KvkrLJtKgByjMiyjKnFCfSDBj7YJdEcKWj7z1UpOFRuH_Ud80 HTTP/1.1" 200 -
[2020-06-30 08:42:05,919] INFO in _internal: 127.0.0.1 - - [30/Jun/2020 08:42:05] "GET /api/api/posts/ HTTP/1.1" 200 -
[2020-06-30 08:42:32,832] DEBUG in app: encrypted_credentials: gAAAAABe-yUpAAECAwQFBgcICQoLDA0OD7chTie6dAlctSlII61cYL-CsF8NzPoC7r116XtRzSTTy2KeJ0KpDeb3mZO4a9AUtrXn9MV8gW4LvXzutk2K92HxpDi0gqAV93Vq0LLjUeUWdVWkM0vsRm9UIiR_9SNlNyCIFcSKKk943LhFijmc3z2LKdJkctoYk1ierHdOMIsR
[2020-06-30 08:42:32,840] DEBUG in app: credentials: {'sys': 'blog', 'usr': 'administrador', 'psw': '12345', 'grp': '2', 'tme': 'Tue Jun 30 2020 08:42:32 '}, verified: True
[2020-06-30 08:42:32,842] DEBUG in app: 
[2020-06-30 08:42:32,844] INFO in _internal: 127.0.0.1 - - [30/Jun/2020 08:42:32] "GET /api/api/get_token/gAAAAABe-yUpAAECAwQFBgcICQoLDA0OD7chTie6dAlctSlII61cYL-CsF8NzPoC7r116XtRzSTTy2KeJ0KpDeb3mZO4a9AUtrXn9MV8gW4LvXzutk2K92HxpDi0gqAV93Vq0LLjUeUWdVWkM0vsRm9UIiR_9SNlNyCIFcSKKk943LhFijmc3z2LKdJkctoYk1ierHdOMIsR HTTP/1.1" 200 -
[2020-06-30 08:44:04,839] INFO in _internal: 127.0.0.1 - - [30/Jun/2020 08:44:04] "GET /api/api/posts/ HTTP/1.1" 200 -
[2020-06-30 08:44:21,797] INFO in _internal: 127.0.0.1 - - [30/Jun/2020 08:44:21] "GET /api/api/posts/ HTTP/1.1" 200 -
[2020-06-30 08:44:34,554] DEBUG in app: encrypted_credentials: gAAAAABe-yWjAAECAwQFBgcICQoLDA0OD7chTie6dAlctSlII61cYL-CsF8NzPoC7r116XtRzSTTy2KeJ0KpDeb3mZO4a9AUtrXn9MV8gW4LvXzutk2K92HxpDi0gqAV93Vq0LLjUeUWMAMUdg2eAcq3veFyIqMTYyWJwY2pN4Z_lSWieyWbib-cFsOTTCd6qUDV2DIJEe_r
[2020-06-30 08:44:34,562] DEBUG in app: credentials: {'sys': 'blog', 'usr': 'administrador', 'psw': '12345', 'grp': '2', 'tme': 'Tue Jun 30 2020 08:44:34 '}, verified: True
[2020-06-30 08:44:34,563] DEBUG in app: 
[2020-06-30 08:44:34,566] INFO in _internal: 127.0.0.1 - - [30/Jun/2020 08:44:34] "GET /api/api/get_token/gAAAAABe-yWjAAECAwQFBgcICQoLDA0OD7chTie6dAlctSlII61cYL-CsF8NzPoC7r116XtRzSTTy2KeJ0KpDeb3mZO4a9AUtrXn9MV8gW4LvXzutk2K92HxpDi0gqAV93Vq0LLjUeUWMAMUdg2eAcq3veFyIqMTYyWJwY2pN4Z_lSWieyWbib-cFsOTTCd6qUDV2DIJEe_r HTTP/1.1" 200 -
[2020-06-30 08:45:26,715] INFO in _internal: 127.0.0.1 - - [30/Jun/2020 08:45:26] "GET /api/api/posts/ HTTP/1.1" 200 -
[2020-06-30 08:45:36,532] DEBUG in app: encrypted_credentials: gAAAAABe-yXgAAECAwQFBgcICQoLDA0OD7chTie6dAlctSlII61cYL-CsF8NzPoC7r116XtRzSTTy2KeJ0KpDeb3mZO4a9AUtrXn9MV8gW4LvXzutk2K92HxpDi0gqAV93Vq0LLjUeUWNd-1kd2kVChm1hYqyBDXrsu-vbWc_zqoPJ_NYEqSzj6TLboVjYV2kN2Ob8P5oO5h
[2020-06-30 08:45:36,540] DEBUG in app: credentials: {'sys': 'blog', 'usr': 'administrador', 'psw': '12345', 'grp': '2', 'tme': 'Tue Jun 30 2020 08:45:36 '}, verified: True
[2020-06-30 08:45:36,542] DEBUG in app: 
[2020-06-30 08:45:36,545] INFO in _internal: 127.0.0.1 - - [30/Jun/2020 08:45:36] "GET /api/api/get_token/gAAAAABe-yXgAAECAwQFBgcICQoLDA0OD7chTie6dAlctSlII61cYL-CsF8NzPoC7r116XtRzSTTy2KeJ0KpDeb3mZO4a9AUtrXn9MV8gW4LvXzutk2K92HxpDi0gqAV93Vq0LLjUeUWNd-1kd2kVChm1hYqyBDXrsu-vbWc_zqoPJ_NYEqSzj6TLboVjYV2kN2Ob8P5oO5h HTTP/1.1" 200 -
[2020-06-30 08:46:08,942] DEBUG in app: encrypted_credentials: gAAAAABe-yYBAAECAwQFBgcICQoLDA0OD7chTie6dAlctSlII61cYL-CsF8NzPoC7r116XtRzSTTy2KeJ0KpDeb3mZO4a9AUtrXn9MV8gW4LvXzutk2K92HxpDi0gqAV93Vq0LLjUeUWheAn40g3LDCnT0AA8vMuUqzsSMqK2RQGsCP0PTV3OZjn802mWZAuvl-SfUCqraDR
[2020-06-30 08:46:08,949] DEBUG in app: credentials: {'sys': 'blog', 'usr': 'administrador', 'psw': '12345', 'grp': '2', 'tme': 'Tue Jun 30 2020 08:46:08 '}, verified: True
[2020-06-30 08:46:08,950] DEBUG in app: 
[2020-06-30 08:46:08,952] INFO in _internal: 127.0.0.1 - - [30/Jun/2020 08:46:08] "GET /api/api/get_token/gAAAAABe-yYBAAECAwQFBgcICQoLDA0OD7chTie6dAlctSlII61cYL-CsF8NzPoC7r116XtRzSTTy2KeJ0KpDeb3mZO4a9AUtrXn9MV8gW4LvXzutk2K92HxpDi0gqAV93Vq0LLjUeUWheAn40g3LDCnT0AA8vMuUqzsSMqK2RQGsCP0PTV3OZjn802mWZAuvl-SfUCqraDR HTTP/1.1" 200 -
[2020-06-30 08:46:25,200] INFO in _internal: 127.0.0.1 - - [30/Jun/2020 08:46:25] "GET /api/api/posts/ HTTP/1.1" 200 -
[2020-06-30 08:46:37,918] DEBUG in app: encrypted_credentials: gAAAAABe-yYeAAECAwQFBgcICQoLDA0OD7chTie6dAlctSlII61cYL-CsF8NzPoC7r116XtRzSTTy2KeJ0KpDeb3mZO4a9AUtrXn9MV8gW4LvXzutk2K92HxpDi0gqAV93Vq0LLjUeUWbfJLg-vEtHsicZxk4CgFKSkQefrZosV3Jb1bMRJjf207Eag_KWHXN2PmCxzJ3ZtR
[2020-06-30 08:46:37,927] DEBUG in app: credentials: {'sys': 'blog', 'usr': 'administrador', 'psw': '12345', 'grp': '2', 'tme': 'Tue Jun 30 2020 08:46:37 '}, verified: True
[2020-06-30 08:46:37,929] DEBUG in app: 
[2020-06-30 08:46:37,931] INFO in _internal: 127.0.0.1 - - [30/Jun/2020 08:46:37] "GET /api/api/get_token/gAAAAABe-yYeAAECAwQFBgcICQoLDA0OD7chTie6dAlctSlII61cYL-CsF8NzPoC7r116XtRzSTTy2KeJ0KpDeb3mZO4a9AUtrXn9MV8gW4LvXzutk2K92HxpDi0gqAV93Vq0LLjUeUWbfJLg-vEtHsicZxk4CgFKSkQefrZosV3Jb1bMRJjf207Eag_KWHXN2PmCxzJ3ZtR HTTP/1.1" 200 -
[2020-06-30 08:47:18,546] INFO in _internal: 127.0.0.1 - - [30/Jun/2020 08:47:18] "GET /api/api/posts/ HTTP/1.1" 200 -
[2020-06-30 08:47:33,390] DEBUG in app: encrypted_credentials: gAAAAABe-yZVAAECAwQFBgcICQoLDA0OD7chTie6dAlctSlII61cYL-CsF8NzPoC7r116XtRzSTTy2KeJ0KpDeb3mZO4a9AUtrXn9MV8gW4LvXzutk2K92HxpDi0gqAV93Vq0LLjUeUW6dcoSiH7zxF-VJWqGh_PSW_qcJgWE_7GU-8ASLdS6swmrqt3nedjEYrZBV3_X-2l
[2020-06-30 08:47:33,398] DEBUG in app: credentials: {'sys': 'blog', 'usr': 'administrador', 'psw': '12345', 'grp': '2', 'tme': 'Tue Jun 30 2020 08:47:33 '}, verified: True
[2020-06-30 08:47:33,398] DEBUG in app: 
[2020-06-30 08:47:33,401] INFO in _internal: 127.0.0.1 - - [30/Jun/2020 08:47:33] "GET /api/api/get_token/gAAAAABe-yZVAAECAwQFBgcICQoLDA0OD7chTie6dAlctSlII61cYL-CsF8NzPoC7r116XtRzSTTy2KeJ0KpDeb3mZO4a9AUtrXn9MV8gW4LvXzutk2K92HxpDi0gqAV93Vq0LLjUeUW6dcoSiH7zxF-VJWqGh_PSW_qcJgWE_7GU-8ASLdS6swmrqt3nedjEYrZBV3_X-2l HTTP/1.1" 200 -
[2020-06-30 08:48:42,112] DEBUG in app: encrypted_credentials: gAAAAABe-yaaAAECAwQFBgcICQoLDA0OD7chTie6dAlctSlII61cYL-CsF8NzPoC7r116XtRzSTTy2KeJ0KpDeb3mZO4a9AUtrXn9MV8gW4LvXzutk2K92HxpDi0gqAV93Vq0LLjUeUWYAq-kXT9hnp_3l9RQ9RMYNqBHalhxMvjqxSvF5hi7uN9c3sazRKd7wkEcYM4rW8H
[2020-06-30 08:48:42,120] DEBUG in app: credentials: {'sys': 'blog', 'usr': 'administrador', 'psw': '12345', 'grp': '2', 'tme': 'Tue Jun 30 2020 08:48:42 '}, verified: True
[2020-06-30 08:48:42,121] DEBUG in app: 
[2020-06-30 08:48:42,123] INFO in _internal: 127.0.0.1 - - [30/Jun/2020 08:48:42] "GET /api/api/get_token/gAAAAABe-yaaAAECAwQFBgcICQoLDA0OD7chTie6dAlctSlII61cYL-CsF8NzPoC7r116XtRzSTTy2KeJ0KpDeb3mZO4a9AUtrXn9MV8gW4LvXzutk2K92HxpDi0gqAV93Vq0LLjUeUWYAq-kXT9hnp_3l9RQ9RMYNqBHalhxMvjqxSvF5hi7uN9c3sazRKd7wkEcYM4rW8H HTTP/1.1" 200 -
[2020-06-30 08:48:52,178] DEBUG in app: encrypted_credentials: gAAAAABe-yakAAECAwQFBgcICQoLDA0OD7chTie6dAlctSlII61cYL-CsF8NzPoC7r116XtRzSTTy2KeJ0KpDeb3mZO4a9AUtrXn9MV8gW4LvXzutk2K92HxpDi0gqAV93Vq0LLjUeUWpmT_GyuPmd_G_sZzNBXUUei8HKRbtImuZsxvmxeG94tRy8GIKfnUjWGt5-X6CUkZ
[2020-06-30 08:48:52,186] DEBUG in app: credentials: {'sys': 'blog', 'usr': 'administrador', 'psw': '12345', 'grp': '2', 'tme': 'Tue Jun 30 2020 08:48:52 '}, verified: True
[2020-06-30 08:48:52,188] DEBUG in app: 
[2020-06-30 08:48:52,190] INFO in _internal: 127.0.0.1 - - [30/Jun/2020 08:48:52] "GET /api/api/get_token/gAAAAABe-yakAAECAwQFBgcICQoLDA0OD7chTie6dAlctSlII61cYL-CsF8NzPoC7r116XtRzSTTy2KeJ0KpDeb3mZO4a9AUtrXn9MV8gW4LvXzutk2K92HxpDi0gqAV93Vq0LLjUeUWpmT_GyuPmd_G_sZzNBXUUei8HKRbtImuZsxvmxeG94tRy8GIKfnUjWGt5-X6CUkZ HTTP/1.1" 200 -
[2020-06-30 08:49:54,311] DEBUG in app: encrypted_credentials: gAAAAABe-ybiAAECAwQFBgcICQoLDA0OD7chTie6dAlctSlII61cYL-CsF8NzPoC7r116XtRzSTTy2KeJ0KpDeb3mZO4a9AUtrXn9MV8gW4LvXzutk2K92HxpDi0gqAV93Vq0LLjUeUWscGS-Y_LnnwLfJMO6XC1AJM7rWRy8DCyI8Q-S5n4LMHBXkofX_jCVHDNEtJ8eCqE
[2020-06-30 08:49:54,319] DEBUG in app: credentials: {'sys': 'blog', 'usr': 'administrador', 'psw': '12345', 'grp': '2', 'tme': 'Tue Jun 30 2020 08:49:54 '}, verified: True
[2020-06-30 08:49:54,321] DEBUG in app: 
[2020-06-30 08:49:54,324] INFO in _internal: 127.0.0.1 - - [30/Jun/2020 08:49:54] "GET /api/api/get_token/gAAAAABe-ybiAAECAwQFBgcICQoLDA0OD7chTie6dAlctSlII61cYL-CsF8NzPoC7r116XtRzSTTy2KeJ0KpDeb3mZO4a9AUtrXn9MV8gW4LvXzutk2K92HxpDi0gqAV93Vq0LLjUeUWscGS-Y_LnnwLfJMO6XC1AJM7rWRy8DCyI8Q-S5n4LMHBXkofX_jCVHDNEtJ8eCqE HTTP/1.1" 200 -
[2020-06-30 08:51:13,428] INFO in _internal: 127.0.0.1 - - [30/Jun/2020 08:51:13] "GET /api/api/posts/ HTTP/1.1" 200 -
[2020-06-30 08:51:22,709] DEBUG in app: encrypted_credentials: gAAAAABe-yc7AAECAwQFBgcICQoLDA0OD7chTie6dAlctSlII61cYL-CsF8NzPoC7r116XtRzSTTy2KeJ0KpDeb3mZO4a9AUtrXn9MV8gW4LvXzutk2K92HxpDi0gqAV93Vq0LLjUeUWNt0IT1s-yAhH3MTdaYbIVqE4JE71a0dmWO-X4BTJm_nJyBEQFzdVuDCiAA55G13Q
[2020-06-30 08:51:22,723] DEBUG in app: credentials: {'sys': 'blog', 'usr': 'administrador', 'psw': '12345', 'grp': '2', 'tme': 'Tue Jun 30 2020 08:51:22 '}, verified: True
[2020-06-30 08:51:22,726] DEBUG in app: 
[2020-06-30 08:51:22,733] INFO in _internal: 127.0.0.1 - - [30/Jun/2020 08:51:22] "GET /api/api/get_token/gAAAAABe-yc7AAECAwQFBgcICQoLDA0OD7chTie6dAlctSlII61cYL-CsF8NzPoC7r116XtRzSTTy2KeJ0KpDeb3mZO4a9AUtrXn9MV8gW4LvXzutk2K92HxpDi0gqAV93Vq0LLjUeUWNt0IT1s-yAhH3MTdaYbIVqE4JE71a0dmWO-X4BTJm_nJyBEQFzdVuDCiAA55G13Q HTTP/1.1" 200 -
[2020-06-30 08:53:31,206] INFO in _internal: 127.0.0.1 - - [30/Jun/2020 08:53:31] "GET /api/api/posts/ HTTP/1.1" 200 -
[2020-06-30 08:54:39,900] INFO in _internal: 127.0.0.1 - - [30/Jun/2020 08:54:39] "GET /api/api/posts/ HTTP/1.1" 200 -
[2020-06-30 08:55:55,975] INFO in _internal: 127.0.0.1 - - [30/Jun/2020 08:55:55] "GET /api/api/posts/ HTTP/1.1" 200 -
[2020-06-30 08:57:43,522] DEBUG in app: encrypted_credentials: gAAAAABe-yi3AAECAwQFBgcICQoLDA0OD7chTie6dAlctSlII61cYL-CsF8NzPoC7r116XtRzSTTy2KeJ0KpDeb3mZO4a9AUtrXn9MV8gW4LvXzutk2K92HxpDi0gqAV93Vq0LLjUeUWWPSlqmtCL7-qbMlnJEtEs62ud10h94tA_e1VXm4renPuy5dCQ1KwKEtgQtB_EkBX
[2020-06-30 08:57:44,350] DEBUG in app: credentials: {'sys': 'blog', 'usr': 'administrador', 'psw': '12345', 'grp': '2', 'tme': 'Tue Jun 30 2020 08:57:43 '}, verified: True
[2020-06-30 08:57:44,355] DEBUG in app: 
[2020-06-30 08:57:44,361] INFO in _internal: 127.0.0.1 - - [30/Jun/2020 08:57:44] "GET /api/api/get_token/gAAAAABe-yi3AAECAwQFBgcICQoLDA0OD7chTie6dAlctSlII61cYL-CsF8NzPoC7r116XtRzSTTy2KeJ0KpDeb3mZO4a9AUtrXn9MV8gW4LvXzutk2K92HxpDi0gqAV93Vq0LLjUeUWWPSlqmtCL7-qbMlnJEtEs62ud10h94tA_e1VXm4renPuy5dCQ1KwKEtgQtB_EkBX HTTP/1.1" 200 -
[2020-06-30 08:59:00,174] INFO in _internal: 127.0.0.1 - - [30/Jun/2020 08:59:00] "GET /api/api/posts/ HTTP/1.1" 200 -
[2020-06-30 09:13:50,299] INFO in _internal: 127.0.0.1 - - [30/Jun/2020 09:13:50] "GET /api/api/posts/ HTTP/1.1" 200 -
[2020-06-30 09:15:59,163] INFO in _internal: 127.0.0.1 - - [30/Jun/2020 09:15:59] "GET /api/api/posts/ HTTP/1.1" 200 -
[2020-06-30 09:16:11,790] DEBUG in app: encrypted_credentials: gAAAAABe-y0MAAECAwQFBgcICQoLDA0OD7chTie6dAlctSlII61cYL-CsF8NzPoC7r116XtRzSTTy2KeJ0KpDeb3mZO4a9AUtrXn9MV8gW4LvXzutk2K92HxpDi0gqAV93Vq0LLjUeUWhKmQRqkBZDtT1sQgw6gQYLuEtAMoA4LhADUV3qBe4eCCQbzBlQzLiuBfa6uhlErv
[2020-06-30 09:16:11,799] DEBUG in app: credentials: {'sys': 'blog', 'usr': 'administrador', 'psw': '12345', 'grp': '2', 'tme': 'Tue Jun 30 2020 09:16:11 '}, verified: True
[2020-06-30 09:16:11,800] DEBUG in app: 
[2020-06-30 09:16:11,802] INFO in _internal: 127.0.0.1 - - [30/Jun/2020 09:16:11] "GET /api/api/get_token/gAAAAABe-y0MAAECAwQFBgcICQoLDA0OD7chTie6dAlctSlII61cYL-CsF8NzPoC7r116XtRzSTTy2KeJ0KpDeb3mZO4a9AUtrXn9MV8gW4LvXzutk2K92HxpDi0gqAV93Vq0LLjUeUWhKmQRqkBZDtT1sQgw6gQYLuEtAMoA4LhADUV3qBe4eCCQbzBlQzLiuBfa6uhlErv HTTP/1.1" 200 -
[2020-06-30 09:18:10,323] INFO in _internal: 127.0.0.1 - - [30/Jun/2020 09:18:10] "GET /api/api/posts/ HTTP/1.1" 200 -
[2020-06-30 09:18:33,385] DEBUG in app: encrypted_credentials: gAAAAABe-y2ZAAECAwQFBgcICQoLDA0OD7chTie6dAlctSlII61cYL-CsF8NzPoC7r116XtRzSTTy2KeJ0KpDeb3mZO4a9AUtrXn9MV8gW4LvXzutk2K92HxpDi0gqAV93Vq0LLjUeUWZtaxs02SNSdGSGXw4WpLc7ozp4BBMt3p_uIE2MbSweZKgBxlP2C-jAVn0QasTXak
[2020-06-30 09:18:33,395] DEBUG in app: credentials: {'sys': 'blog', 'usr': 'administrador', 'psw': '12345', 'grp': '2', 'tme': 'Tue Jun 30 2020 09:18:33 '}, verified: True
[2020-06-30 09:18:33,396] DEBUG in app: 
[2020-06-30 09:18:33,399] INFO in _internal: 127.0.0.1 - - [30/Jun/2020 09:18:33] "GET /api/api/get_token/gAAAAABe-y2ZAAECAwQFBgcICQoLDA0OD7chTie6dAlctSlII61cYL-CsF8NzPoC7r116XtRzSTTy2KeJ0KpDeb3mZO4a9AUtrXn9MV8gW4LvXzutk2K92HxpDi0gqAV93Vq0LLjUeUWZtaxs02SNSdGSGXw4WpLc7ozp4BBMt3p_uIE2MbSweZKgBxlP2C-jAVn0QasTXak HTTP/1.1" 200 -
[2020-06-30 09:19:34,528] INFO in _internal: 127.0.0.1 - - [30/Jun/2020 09:19:34] "OPTIONS /api/api/add_post/ HTTP/1.1" 200 -
[2020-06-30 09:19:34,547] DEBUG in app: ***authentication***
[2020-06-30 09:19:34,548] DEBUG in app: token:eyJ0eXAiOiJKV1QiLCJhbGciOiJIUzI1NiJ9.eyJleHAiOjE1OTM2MDU5MTMsImlhdCI6MTU5MzUxOTUxMywic3lzIjoiYmxvZyIsInVzciI6ImFkbWluaXN0cmFkb3IiLCJwc3ciOiIxMjM0NSIsImdycCI6IjIifQ.px4bu7fw5oPkJHoBlVJKxuY5dZRTs_yWBJLZn56r80c
[2020-06-30 09:19:34,549] DEBUG in app: ***authentication end***
[2020-06-30 09:19:35,030] INFO in _internal: 127.0.0.1 - - [30/Jun/2020 09:19:35] "POST /api/api/add_post/ HTTP/1.1" 200 -
[2020-06-30 09:24:43,023] INFO in _internal: 127.0.0.1 - - [30/Jun/2020 09:24:43] "OPTIONS /api/api/add_post/ HTTP/1.1" 200 -
[2020-06-30 09:24:43,108] DEBUG in app: ***authentication***
[2020-06-30 09:24:43,111] DEBUG in app: token:[object Object]
[2020-06-30 09:24:43,182] INFO in _internal: 127.0.0.1 - - [30/Jun/2020 09:24:43] "POST /api/api/add_post/ HTTP/1.1" 400 -
[2020-06-30 09:24:45,600] DEBUG in app: ***authentication***
[2020-06-30 09:24:45,602] DEBUG in app: token:[object Object]
[2020-06-30 09:24:45,607] INFO in _internal: 127.0.0.1 - - [30/Jun/2020 09:24:45] "POST /api/api/add_post/ HTTP/1.1" 400 -
[2020-06-30 09:26:34,098] INFO in _internal: 127.0.0.1 - - [30/Jun/2020 09:26:34] "OPTIONS /api/api/add_post/ HTTP/1.1" 200 -
[2020-06-30 09:26:34,124] DEBUG in app: ***authentication***
[2020-06-30 09:26:34,126] DEBUG in app: token:[object Object]
[2020-06-30 09:26:34,131] INFO in _internal: 127.0.0.1 - - [30/Jun/2020 09:26:34] "POST /api/api/add_post/ HTTP/1.1" 400 -
[2020-06-30 09:26:34,740] INFO in _internal: 127.0.0.1 - - [30/Jun/2020 09:26:34] "GET /api/api/posts/ HTTP/1.1" 200 -
[2020-06-30 09:26:35,481] INFO in _internal: 127.0.0.1 - - [30/Jun/2020 09:26:35] "GET /api/api/files/20200630091934_post.jpeg HTTP/1.1" 200 -
[2020-06-30 09:26:54,646] INFO in _internal: 127.0.0.1 - - [30/Jun/2020 09:26:54] "GET /api/api/posts/ HTTP/1.1" 200 -
[2020-06-30 09:27:15,710] DEBUG in app: encrypted_credentials: gAAAAABe-y-kAAECAwQFBgcICQoLDA0OD7chTie6dAlctSlII61cYL-CsF8NzPoC7r116XtRzSTTy2KeJ0KpDeb3mZO4a9AUtrXn9MV8gW4LvXzutk2K92HxpDi0gqAV93Vq0LLjUeUWzx5VC8sQXO2shuMC4ZRBbLowszegX7PqDLwbSlGv7MfwWOSc6M-3IJ0v7oPPHWZD
[2020-06-30 09:27:16,408] DEBUG in app: credentials: {'sys': 'blog', 'usr': 'administrador', 'psw': '12345', 'grp': '2', 'tme': 'Tue Jun 30 2020 09:27:15 '}, verified: True
[2020-06-30 09:27:16,409] DEBUG in app: 
[2020-06-30 09:27:16,412] INFO in _internal: 127.0.0.1 - - [30/Jun/2020 09:27:16] "GET /api/api/get_token/gAAAAABe-y-kAAECAwQFBgcICQoLDA0OD7chTie6dAlctSlII61cYL-CsF8NzPoC7r116XtRzSTTy2KeJ0KpDeb3mZO4a9AUtrXn9MV8gW4LvXzutk2K92HxpDi0gqAV93Vq0LLjUeUWzx5VC8sQXO2shuMC4ZRBbLowszegX7PqDLwbSlGv7MfwWOSc6M-3IJ0v7oPPHWZD HTTP/1.1" 200 -
[2020-06-30 09:27:42,687] INFO in _internal: 127.0.0.1 - - [30/Jun/2020 09:27:42] "GET /api/api/posts/ HTTP/1.1" 200 -
[2020-06-30 09:27:42,702] INFO in _internal: 127.0.0.1 - - [30/Jun/2020 09:27:42] "OPTIONS /api/api/add_post/ HTTP/1.1" 200 -
[2020-06-30 09:27:42,750] DEBUG in app: ***authentication***
[2020-06-30 09:27:42,753] DEBUG in app: token:eyJ0eXAiOiJKV1QiLCJhbGciOiJIUzI1NiJ9.eyJleHAiOjE1OTM2MDY0MzYsImlhdCI6MTU5MzUyMDAzNiwic3lzIjoiYmxvZyIsInVzciI6ImFkbWluaXN0cmFkb3IiLCJwc3ciOiIxMjM0NSIsImdycCI6IjIifQ.ds-YIc7tS7kGnJofGK-5xuMf8UcIpqPRnLP96Bh4cHQ
[2020-06-30 09:27:42,763] DEBUG in app: ***authentication end***
[2020-06-30 09:27:42,844] INFO in _internal: 127.0.0.1 - - [30/Jun/2020 09:27:42] "POST /api/api/add_post/ HTTP/1.1" 200 -
[2020-06-30 09:31:17,321] INFO in _internal: 127.0.0.1 - - [30/Jun/2020 09:31:17] "GET /api/api/posts/ HTTP/1.1" 200 -
[2020-06-30 09:31:18,393] INFO in _internal: 127.0.0.1 - - [30/Jun/2020 09:31:18] "GET /api/api/files/20200630092742_post.jpeg HTTP/1.1" 200 -
[2020-06-30 09:37:33,876] DEBUG in app: encrypted_credentials: gAAAAABe-zIOAAECAwQFBgcICQoLDA0OD7chTie6dAlctSlII61cYL-CsF8NzPoC7r116XtRzSTTy2KeJ0KpDeb3mZO4a9AUtrXn9MV8gW4LvXzutk2K92HxpDi0gqAV93Vq0LLjUeUW3SRAP5vnmXYkZ2ESfnPIcx55DXmykOELhs_7MQ6NIFzwwhRMvLX_qTSduwziQXlP
[2020-06-30 09:37:33,884] DEBUG in app: credentials: {'sys': 'blog', 'usr': 'administrador', 'psw': '12345', 'grp': '2', 'tme': 'Tue Jun 30 2020 09:37:33 '}, verified: True
[2020-06-30 09:37:33,885] DEBUG in app: 
[2020-06-30 09:37:33,887] INFO in _internal: 127.0.0.1 - - [30/Jun/2020 09:37:33] "GET /api/api/get_token/gAAAAABe-zIOAAECAwQFBgcICQoLDA0OD7chTie6dAlctSlII61cYL-CsF8NzPoC7r116XtRzSTTy2KeJ0KpDeb3mZO4a9AUtrXn9MV8gW4LvXzutk2K92HxpDi0gqAV93Vq0LLjUeUW3SRAP5vnmXYkZ2ESfnPIcx55DXmykOELhs_7MQ6NIFzwwhRMvLX_qTSduwziQXlP HTTP/1.1" 200 -
[2020-06-30 09:38:06,324] INFO in _internal: 127.0.0.1 - - [30/Jun/2020 09:38:06] "OPTIONS /api/api/add_post/ HTTP/1.1" 200 -
[2020-06-30 09:38:06,336] INFO in _internal: 127.0.0.1 - - [30/Jun/2020 09:38:06] "GET /api/api/posts/ HTTP/1.1" 200 -
[2020-06-30 09:38:06,432] DEBUG in app: ***authentication***
[2020-06-30 09:38:06,437] DEBUG in app: token:eyJ0eXAiOiJKV1QiLCJhbGciOiJIUzI1NiJ9.eyJleHAiOjE1OTM2MDcwNTMsImlhdCI6MTU5MzUyMDY1Mywic3lzIjoiYmxvZyIsInVzciI6ImFkbWluaXN0cmFkb3IiLCJwc3ciOiIxMjM0NSIsImdycCI6IjIifQ.CiaderGBpc52boqZ4aMhpyD0pbf0ztD0QZ-r4S-8SNI
[2020-06-30 09:38:06,443] DEBUG in app: ***authentication end***
[2020-06-30 09:38:06,515] INFO in _internal: 127.0.0.1 - - [30/Jun/2020 09:38:06] "POST /api/api/add_post/ HTTP/1.1" 200 -
[2020-06-30 09:38:35,334] INFO in _internal: 127.0.0.1 - - [30/Jun/2020 09:38:35] "GET /api/api/posts/ HTTP/1.1" 200 -
[2020-06-30 09:38:35,945] INFO in _internal: 127.0.0.1 - - [30/Jun/2020 09:38:35] "GET /api/api/files/20200630093806_post.jpeg HTTP/1.1" 200 -
[2020-06-30 09:53:12,449] INFO in _internal: 127.0.0.1 - - [30/Jun/2020 09:53:12] "GET /api/api/posts/ HTTP/1.1" 200 -
[2020-06-30 09:53:27,081] INFO in _internal: 127.0.0.1 - - [30/Jun/2020 09:53:27] "GET /api/api/posts/ HTTP/1.1" 200 -
[2020-06-30 09:56:06,374] INFO in _internal: 127.0.0.1 - - [30/Jun/2020 09:56:06] "GET /api/api/posts/ HTTP/1.1" 200 -
[2020-07-01 10:47:00,489] INFO in _internal: 127.0.0.1 - - [01/Jul/2020 10:47:00] "GET / HTTP/1.1" 404 -
[2020-07-01 10:47:01,161] INFO in _internal: 127.0.0.1 - - [01/Jul/2020 10:47:01] "GET /favicon.ico HTTP/1.1" 404 -
[2020-07-01 10:48:57,041] INFO in _internal:  * Running on http://127.0.0.1:5000/ (Press CTRL+C to quit)
[2020-07-01 10:48:57,046] INFO in _internal:  * Restarting with stat
[2020-07-01 10:48:59,659] WARNING in _internal:  * Debugger is active!
[2020-07-01 10:48:59,806] INFO in _internal:  * Debugger PIN: 974-346-905
[2020-07-01 10:49:09,640] INFO in _internal: 127.0.0.1 - - [01/Jul/2020 10:49:09] "GET / HTTP/1.1" 404 -
[2020-07-01 10:52:22,619] INFO in _internal:  * Running on http://127.0.0.1:5000/ (Press CTRL+C to quit)
[2020-07-01 10:52:22,623] INFO in _internal:  * Restarting with stat
[2020-07-01 10:52:26,801] WARNING in _internal:  * Debugger is active!
[2020-07-01 10:52:26,830] INFO in _internal:  * Debugger PIN: 974-346-905
[2020-07-01 10:52:33,038] INFO in _internal: 127.0.0.1 - - [01/Jul/2020 10:52:33] "GET /api HTTP/1.1" 308 -
[2020-07-01 10:52:33,278] INFO in _internal: 127.0.0.1 - - [01/Jul/2020 10:52:33] "GET /api/ HTTP/1.1" 200 -
[2020-07-01 10:52:33,603] INFO in _internal: 127.0.0.1 - - [01/Jul/2020 10:52:33] "GET /swaggerui/droid-sans.css HTTP/1.1" 200 -
[2020-07-01 10:52:33,650] INFO in _internal: 127.0.0.1 - - [01/Jul/2020 10:52:33] "GET /swaggerui/swagger-ui.css HTTP/1.1" 200 -
[2020-07-01 10:52:33,801] INFO in _internal: 127.0.0.1 - - [01/Jul/2020 10:52:33] "GET /swaggerui/swagger-ui-bundle.js HTTP/1.1" 304 -
[2020-07-01 10:52:33,825] INFO in _internal: 127.0.0.1 - - [01/Jul/2020 10:52:33] "GET /swaggerui/swagger-ui-standalone-preset.js HTTP/1.1" 304 -
[2020-07-01 10:52:34,594] INFO in _internal: 127.0.0.1 - - [01/Jul/2020 10:52:34] "GET /swaggerui/favicon-16x16.png HTTP/1.1" 200 -
[2020-07-01 10:52:34,771] INFO in _internal: 127.0.0.1 - - [01/Jul/2020 10:52:34] "GET /api/swagger.json HTTP/1.1" 200 -
[2020-07-01 10:52:51,364] INFO in _internal: 127.0.0.1 - - [01/Jul/2020 10:52:51] "GET /api/api/posts/ HTTP/1.1" 200 -
[2020-07-01 10:53:28,526] DEBUG in app: encrypted_credentials: gAAAAABe_JVYAAECAwQFBgcICQoLDA0OD7chTie6dAlctSlII61cYL-CsF8NzPoC7r116XtRzSTTy2KeJ0KpDeb3mZO4a9AUtrXn9MV8gW4LvXzutk2K92HxPEp7Co9r4QOGLUY9UmO9sGsgkCiAdiST5ngmcXMMGv4L69BBKArGI7X5J1Ni_5FJ9FNa5anc5h2OEaSF4ENZ
[2020-07-01 10:53:29,197] DEBUG in app: credentials: {'sys': 'blog', 'usr': 'administrador', 'psw': '12345', 'grp': '2', 'tme': 'Wed Jul 01 2020 10:53:28 '}, verified: True
[2020-07-01 10:53:29,199] DEBUG in app: 
[2020-07-01 10:53:29,203] INFO in _internal: 127.0.0.1 - - [01/Jul/2020 10:53:29] "GET /api/api/get_token/gAAAAABe_JVYAAECAwQFBgcICQoLDA0OD7chTie6dAlctSlII61cYL-CsF8NzPoC7r116XtRzSTTy2KeJ0KpDeb3mZO4a9AUtrXn9MV8gW4LvXzutk2K92HxPEp7Co9r4QOGLUY9UmO9sGsgkCiAdiST5ngmcXMMGv4L69BBKArGI7X5J1Ni_5FJ9FNa5anc5h2OEaSF4ENZ HTTP/1.1" 200 -
[2020-07-01 10:54:00,981] INFO in _internal: 127.0.0.1 - - [01/Jul/2020 10:54:00] "GET /api/api/posts/ HTTP/1.1" 200 -
[2020-07-01 10:54:00,997] INFO in _internal: 127.0.0.1 - - [01/Jul/2020 10:54:00] "OPTIONS /api/api/add_post/ HTTP/1.1" 200 -
[2020-07-01 10:54:01,022] DEBUG in app: ***authentication***
[2020-07-01 10:54:01,024] DEBUG in app: token:eyJ0eXAiOiJKV1QiLCJhbGciOiJIUzI1NiJ9.eyJleHAiOjE1OTM2OTgwMDksImlhdCI6MTU5MzYxMTYwOSwic3lzIjoiYmxvZyIsInVzciI6ImFkbWluaXN0cmFkb3IiLCJwc3ciOiIxMjM0NSIsImdycCI6IjIifQ.Pfrq9okoIm4UAzMZvK8pklntNr6NVfVDK7ASlDn-65Y
[2020-07-01 10:54:01,026] DEBUG in app: ***authentication end***
[2020-07-01 10:54:01,066] INFO in _internal: 127.0.0.1 - - [01/Jul/2020 10:54:01] "POST /api/api/add_post/ HTTP/1.1" 200 -
[2020-07-01 10:54:05,283] INFO in _internal: 127.0.0.1 - - [01/Jul/2020 10:54:05] "GET /api/api/posts/ HTTP/1.1" 200 -
[2020-07-01 10:54:05,382] INFO in _internal: 127.0.0.1 - - [01/Jul/2020 10:54:05] "GET /api/api/files/20200701105401_post.jpeg HTTP/1.1" 200 -
[2020-07-01 12:35:12,975] ERROR in app: Exception on /api/api/posts/ [GET]
Traceback (most recent call last):
  File "/home/crypto/Projects/Blog/app/backend/app.py", line 255, in get
    data = posts_table.view()
  File "/home/crypto/Projects/Blog/app/backend/backend.py", line 44, in view
    order by date desc''')
psycopg2.errors.AdminShutdown: terminating connection due to unexpected postmaster exit
server closed the connection unexpectedly
	This probably means the server terminated abnormally
	before or while processing the request.


During handling of the above exception, another exception occurred:

Traceback (most recent call last):
  File "/home/crypto/miniconda3/envs/blog/lib/python3.7/site-packages/flask/app.py", line 1950, in full_dispatch_request
    rv = self.dispatch_request()
  File "/home/crypto/miniconda3/envs/blog/lib/python3.7/site-packages/flask/app.py", line 1936, in dispatch_request
    return self.view_functions[rule.endpoint](**req.view_args)
  File "/home/crypto/miniconda3/envs/blog/lib/python3.7/site-packages/flask_restplus/api.py", line 325, in wrapper
    resp = resource(*args, **kwargs)
  File "/home/crypto/miniconda3/envs/blog/lib/python3.7/site-packages/flask/views.py", line 89, in view
    return self.dispatch_request(*args, **kwargs)
  File "/home/crypto/miniconda3/envs/blog/lib/python3.7/site-packages/flask_restplus/resource.py", line 44, in dispatch_request
    resp = meth(*args, **kwargs)
  File "/home/crypto/Projects/Blog/app/backend/app.py", line 267, in get
    statusCode = "500")
  File "/home/crypto/miniconda3/envs/blog/lib/python3.7/site-packages/flask_restplus/namespace.py", line 141, in abort
    abort(*args, **kwargs)
  File "/home/crypto/miniconda3/envs/blog/lib/python3.7/site-packages/flask_restplus/errors.py", line 31, in abort
    flask.abort(code)
  File "/home/crypto/miniconda3/envs/blog/lib/python3.7/site-packages/werkzeug/exceptions.py", line 772, in abort
    return _aborter(status, *args, **kwargs)
  File "/home/crypto/miniconda3/envs/blog/lib/python3.7/site-packages/werkzeug/exceptions.py", line 753, in __call__
    raise self.mapping[code](*args, **kwargs)
werkzeug.exceptions.InternalServerError: 500 Internal Server Error: The server encountered an internal error and was unable to complete your request. Either the server is overloaded or there is an error in the application.
[2020-07-01 12:35:13,054] INFO in _internal: 127.0.0.1 - - [01/Jul/2020 12:35:13] "GET /api/api/posts/ HTTP/1.1" 500 -
[2020-07-01 12:35:39,877] INFO in _internal: 127.0.0.1 - - [01/Jul/2020 12:35:39] "GET /api/ HTTP/1.1" 200 -
[2020-07-01 12:35:41,172] INFO in _internal: 127.0.0.1 - - [01/Jul/2020 12:35:41] "GET /swaggerui/droid-sans.css HTTP/1.1" 200 -
[2020-07-01 12:35:41,176] INFO in _internal: 127.0.0.1 - - [01/Jul/2020 12:35:41] "GET /swaggerui/swagger-ui.css HTTP/1.1" 304 -
[2020-07-01 12:35:42,016] INFO in _internal: 127.0.0.1 - - [01/Jul/2020 12:35:42] "GET /swaggerui/favicon-16x16.png HTTP/1.1" 200 -
[2020-07-01 12:35:42,510] INFO in _internal: 127.0.0.1 - - [01/Jul/2020 12:35:42] "GET /api/swagger.json HTTP/1.1" 200 -
[2020-07-01 12:35:57,037] ERROR in app: Exception on /api/api/posts/ [GET]
Traceback (most recent call last):
  File "/home/crypto/Projects/Blog/app/backend/app.py", line 255, in get
    data = posts_table.view()
  File "/home/crypto/Projects/Blog/app/backend/backend.py", line 44, in view
    order by date desc''')
psycopg2.InterfaceError: cursor already closed

During handling of the above exception, another exception occurred:

Traceback (most recent call last):
  File "/home/crypto/miniconda3/envs/blog/lib/python3.7/site-packages/flask/app.py", line 1950, in full_dispatch_request
    rv = self.dispatch_request()
  File "/home/crypto/miniconda3/envs/blog/lib/python3.7/site-packages/flask/app.py", line 1936, in dispatch_request
    return self.view_functions[rule.endpoint](**req.view_args)
  File "/home/crypto/miniconda3/envs/blog/lib/python3.7/site-packages/flask_restplus/api.py", line 325, in wrapper
    resp = resource(*args, **kwargs)
  File "/home/crypto/miniconda3/envs/blog/lib/python3.7/site-packages/flask/views.py", line 89, in view
    return self.dispatch_request(*args, **kwargs)
  File "/home/crypto/miniconda3/envs/blog/lib/python3.7/site-packages/flask_restplus/resource.py", line 44, in dispatch_request
    resp = meth(*args, **kwargs)
  File "/home/crypto/Projects/Blog/app/backend/app.py", line 267, in get
    statusCode = "500")
  File "/home/crypto/miniconda3/envs/blog/lib/python3.7/site-packages/flask_restplus/namespace.py", line 141, in abort
    abort(*args, **kwargs)
  File "/home/crypto/miniconda3/envs/blog/lib/python3.7/site-packages/flask_restplus/errors.py", line 31, in abort
    flask.abort(code)
  File "/home/crypto/miniconda3/envs/blog/lib/python3.7/site-packages/werkzeug/exceptions.py", line 772, in abort
    return _aborter(status, *args, **kwargs)
  File "/home/crypto/miniconda3/envs/blog/lib/python3.7/site-packages/werkzeug/exceptions.py", line 753, in __call__
    raise self.mapping[code](*args, **kwargs)
werkzeug.exceptions.InternalServerError: 500 Internal Server Error: The server encountered an internal error and was unable to complete your request. Either the server is overloaded or there is an error in the application.
[2020-07-01 12:35:57,044] INFO in _internal: 127.0.0.1 - - [01/Jul/2020 12:35:57] "GET /api/api/posts/ HTTP/1.1" 500 -
[2020-07-01 12:39:37,152] ERROR in app: Exception on /api/api/posts/ [GET]
Traceback (most recent call last):
  File "/home/crypto/Projects/Blog/app/backend/app.py", line 255, in get
    data = posts_table.view()
  File "/home/crypto/Projects/Blog/app/backend/backend.py", line 44, in view
    order by date desc''')
psycopg2.InterfaceError: cursor already closed

During handling of the above exception, another exception occurred:

Traceback (most recent call last):
  File "/home/crypto/miniconda3/envs/blog/lib/python3.7/site-packages/flask/app.py", line 1950, in full_dispatch_request
    rv = self.dispatch_request()
  File "/home/crypto/miniconda3/envs/blog/lib/python3.7/site-packages/flask/app.py", line 1936, in dispatch_request
    return self.view_functions[rule.endpoint](**req.view_args)
  File "/home/crypto/miniconda3/envs/blog/lib/python3.7/site-packages/flask_restplus/api.py", line 325, in wrapper
    resp = resource(*args, **kwargs)
  File "/home/crypto/miniconda3/envs/blog/lib/python3.7/site-packages/flask/views.py", line 89, in view
    return self.dispatch_request(*args, **kwargs)
  File "/home/crypto/miniconda3/envs/blog/lib/python3.7/site-packages/flask_restplus/resource.py", line 44, in dispatch_request
    resp = meth(*args, **kwargs)
  File "/home/crypto/Projects/Blog/app/backend/app.py", line 267, in get
    statusCode = "500")
  File "/home/crypto/miniconda3/envs/blog/lib/python3.7/site-packages/flask_restplus/namespace.py", line 141, in abort
    abort(*args, **kwargs)
  File "/home/crypto/miniconda3/envs/blog/lib/python3.7/site-packages/flask_restplus/errors.py", line 31, in abort
    flask.abort(code)
  File "/home/crypto/miniconda3/envs/blog/lib/python3.7/site-packages/werkzeug/exceptions.py", line 772, in abort
    return _aborter(status, *args, **kwargs)
  File "/home/crypto/miniconda3/envs/blog/lib/python3.7/site-packages/werkzeug/exceptions.py", line 753, in __call__
    raise self.mapping[code](*args, **kwargs)
werkzeug.exceptions.InternalServerError: 500 Internal Server Error: The server encountered an internal error and was unable to complete your request. Either the server is overloaded or there is an error in the application.
[2020-07-01 12:39:37,158] INFO in _internal: 127.0.0.1 - - [01/Jul/2020 12:39:37] "GET /api/api/posts/ HTTP/1.1" 500 -
[2020-07-01 12:43:06,491] INFO in _internal:  * Detected change in '/home/crypto/Projects/Blog/app/backend/backend.py', reloading
[2020-07-01 12:43:06,874] INFO in _internal:  * Restarting with stat
[2020-07-01 12:43:13,649] WARNING in _internal:  * Debugger is active!
[2020-07-01 12:43:13,689] INFO in _internal:  * Debugger PIN: 974-346-905
[2020-07-01 12:43:44,559] INFO in _internal:  * Detected change in '/home/crypto/Projects/Blog/app/backend/backend.py', reloading
[2020-07-01 12:43:44,987] INFO in _internal:  * Restarting with stat
[2020-07-01 12:43:48,423] WARNING in _internal:  * Debugger is active!
[2020-07-01 12:43:48,453] INFO in _internal:  * Debugger PIN: 974-346-905
[2020-07-01 12:44:14,021] INFO in _internal: 127.0.0.1 - - [01/Jul/2020 12:44:14] "GET /api/api/posts/ HTTP/1.1" 200 -
[2020-07-01 12:44:22,772] INFO in _internal: 127.0.0.1 - - [01/Jul/2020 12:44:22] "GET /api/api/posts/ HTTP/1.1" 200 -
[2020-07-01 15:30:07,751] INFO in _internal:  * Detected change in '/home/crypto/Projects/Blog/app/backend/backend.py', reloading
[2020-07-01 15:30:08,112] INFO in _internal:  * Restarting with stat
[2020-07-01 15:30:11,883] WARNING in _internal:  * Debugger is active!
[2020-07-01 15:30:11,946] INFO in _internal:  * Debugger PIN: 974-346-905
[2020-07-01 16:12:21,223] ERROR in app: Exception on /api/api/posts/ [GET]
Traceback (most recent call last):
  File "/home/crypto/Projects/Blog/app/backend/app.py", line 255, in get
    data = posts_table.view()
  File "/home/crypto/Projects/Blog/app/backend/backend.py", line 44, in view
    order by date desc''')
psycopg2.errors.AdminShutdown: terminating connection due to unexpected postmaster exit
server closed the connection unexpectedly
	This probably means the server terminated abnormally
	before or while processing the request.


During handling of the above exception, another exception occurred:

Traceback (most recent call last):
  File "/home/crypto/miniconda3/envs/blog/lib/python3.7/site-packages/flask/app.py", line 1950, in full_dispatch_request
    rv = self.dispatch_request()
  File "/home/crypto/miniconda3/envs/blog/lib/python3.7/site-packages/flask/app.py", line 1936, in dispatch_request
    return self.view_functions[rule.endpoint](**req.view_args)
  File "/home/crypto/miniconda3/envs/blog/lib/python3.7/site-packages/flask_restplus/api.py", line 325, in wrapper
    resp = resource(*args, **kwargs)
  File "/home/crypto/miniconda3/envs/blog/lib/python3.7/site-packages/flask/views.py", line 89, in view
    return self.dispatch_request(*args, **kwargs)
  File "/home/crypto/miniconda3/envs/blog/lib/python3.7/site-packages/flask_restplus/resource.py", line 44, in dispatch_request
    resp = meth(*args, **kwargs)
  File "/home/crypto/Projects/Blog/app/backend/app.py", line 267, in get
    statusCode = "500")
  File "/home/crypto/miniconda3/envs/blog/lib/python3.7/site-packages/flask_restplus/namespace.py", line 141, in abort
    abort(*args, **kwargs)
  File "/home/crypto/miniconda3/envs/blog/lib/python3.7/site-packages/flask_restplus/errors.py", line 31, in abort
    flask.abort(code)
  File "/home/crypto/miniconda3/envs/blog/lib/python3.7/site-packages/werkzeug/exceptions.py", line 772, in abort
    return _aborter(status, *args, **kwargs)
  File "/home/crypto/miniconda3/envs/blog/lib/python3.7/site-packages/werkzeug/exceptions.py", line 753, in __call__
    raise self.mapping[code](*args, **kwargs)
werkzeug.exceptions.InternalServerError: 500 Internal Server Error: The server encountered an internal error and was unable to complete your request. Either the server is overloaded or there is an error in the application.
[2020-07-01 16:12:21,258] INFO in _internal: 127.0.0.1 - - [01/Jul/2020 16:12:21] "GET /api/api/posts/ HTTP/1.1" 500 -
[2020-07-01 16:13:55,669] INFO in _internal:  * Running on http://127.0.0.1:5000/ (Press CTRL+C to quit)
[2020-07-01 16:13:55,676] INFO in _internal:  * Restarting with stat
[2020-07-01 16:13:58,293] WARNING in _internal:  * Debugger is active!
[2020-07-01 16:13:58,322] INFO in _internal:  * Debugger PIN: 974-346-905
[2020-07-01 16:14:08,912] INFO in _internal: 127.0.0.1 - - [01/Jul/2020 16:14:08] "GET /api/api/posts/ HTTP/1.1" 200 -
[2020-07-03 13:40:46,877] INFO in _internal:  * Running on http://127.0.0.1:5000/ (Press CTRL+C to quit)
[2020-07-03 13:40:46,881] INFO in _internal:  * Restarting with stat
[2020-07-03 13:40:49,605] WARNING in _internal:  * Debugger is active!
[2020-07-03 13:40:51,697] INFO in _internal:  * Debugger PIN: 332-729-110
[2020-07-03 13:40:52,647] INFO in _internal: 127.0.0.1 - - [03/Jul/2020 13:40:52] "GET /api/ HTTP/1.1" 200 -
[2020-07-03 13:40:52,928] INFO in _internal: 127.0.0.1 - - [03/Jul/2020 13:40:52] "GET /swaggerui/droid-sans.css HTTP/1.1" 304 -
[2020-07-03 13:40:52,971] INFO in _internal: 127.0.0.1 - - [03/Jul/2020 13:40:52] "GET /swaggerui/swagger-ui.css HTTP/1.1" 200 -
[2020-07-03 13:40:53,010] INFO in _internal: 127.0.0.1 - - [03/Jul/2020 13:40:53] "GET /swaggerui/swagger-ui-bundle.js HTTP/1.1" 304 -
[2020-07-03 13:40:53,060] INFO in _internal: 127.0.0.1 - - [03/Jul/2020 13:40:53] "GET /swaggerui/swagger-ui-standalone-preset.js HTTP/1.1" 304 -
[2020-07-03 13:40:53,871] INFO in _internal: 127.0.0.1 - - [03/Jul/2020 13:40:53] "GET /swaggerui/favicon-16x16.png HTTP/1.1" 200 -
[2020-07-03 13:40:54,200] INFO in _internal: 127.0.0.1 - - [03/Jul/2020 13:40:54] "GET /api/swagger.json HTTP/1.1" 200 -
[2020-07-03 13:49:20,486] INFO in _internal:  * Running on http://0.0.0.0:5000/ (Press CTRL+C to quit)
[2020-07-03 13:49:20,490] INFO in _internal:  * Restarting with stat
[2020-07-03 13:49:23,106] WARNING in _internal:  * Debugger is active!
[2020-07-03 13:49:23,131] INFO in _internal:  * Debugger PIN: 332-729-110
[2020-07-03 13:49:39,474] INFO in _internal: 127.0.0.1 - - [03/Jul/2020 13:49:39] "GET / HTTP/1.1" 200 -
[2020-07-03 13:49:44,164] INFO in _internal: 127.0.0.1 - - [03/Jul/2020 13:49:44] "GET /api/ HTTP/1.1" 200 -
[2020-07-03 13:49:44,425] INFO in _internal: 127.0.0.1 - - [03/Jul/2020 13:49:44] "GET /swaggerui/droid-sans.css HTTP/1.1" 200 -
[2020-07-03 13:49:46,397] INFO in _internal: 127.0.0.1 - - [03/Jul/2020 13:49:46] "GET /api/swagger.json HTTP/1.1" 200 -
[2020-07-12 21:43:44,117] INFO in _internal:  * Running on http://0.0.0.0:5000/ (Press CTRL+C to quit)
[2020-07-12 21:43:44,124] INFO in _internal:  * Restarting with stat
[2020-07-12 21:43:46,435] WARNING in _internal:  * Debugger is active!
[2020-07-12 21:43:48,231] INFO in _internal:  * Debugger PIN: 169-502-427
[2020-07-12 21:47:29,781] DEBUG in app: encrypted_credentials: gAAAAABfC68iAAECAwQFBgcICQoLDA0OD7chTie6dAlctSlII61cYL-CsF8NzPoC7r116XtRzSTTy2KeJ0KpDeb3mZO4a9AUtrXn9MV8gW4LvXzutk2K92GAOSEth5YQeTPRq1RMD9FCBPo_gokQeOupurPIM-9LdgFEmhH4jPLR_vTPLJXMK8k59wTPJBxiG6D1pltJOl0x
[2020-07-12 21:47:30,504] DEBUG in app: credentials: {'sys': 'blog', 'usr': 'administrador', 'psw': '12345', 'grp': '2', 'tme': 'Sun Jul 12 2020 21:47:29 '}, verified: True
[2020-07-12 21:47:30,505] DEBUG in app: 
[2020-07-12 21:47:47,906] DEBUG in app: ***authentication***
[2020-07-12 21:47:47,909] DEBUG in app: token:eyJ0eXAiOiJKV1QiLCJhbGciOiJIUzI1NiJ9.eyJleHAiOjE1OTQ2ODc2NTAsImlhdCI6MTU5NDYwMTI1MCwic3lzIjoiYmxvZyIsInVzciI6ImFkbWluaXN0cmFkb3IiLCJwc3ciOiIxMjM0NSIsImdycCI6IjIifQ.Fxq0fz8G35V2YybkSoYLhFwb9GyZ7Fu6ejfx5kOEv-k
[2020-07-12 21:47:47,912] DEBUG in app: ***authentication end***
[2020-07-12 21:47:47,941] ERROR in app: Exception on /api/api/add_post/ [POST]
Traceback (most recent call last):
  File "/home/crypto/Projects/Blog/app/backend/app.py", line 240, in post
    now_time)
  File "/home/crypto/Projects/Blog/app/backend/backend.py", line 38, in insert
    ('{title}', '{post}', '{categories}', '{img_filename}', '{image_name}', '{author}', '{date}')''')
psycopg2.errors.StringDataRightTruncation: value too long for type character varying(10)


During handling of the above exception, another exception occurred:

Traceback (most recent call last):
  File "/home/crypto/miniconda3/envs/blog/lib/python3.7/site-packages/flask/app.py", line 1950, in full_dispatch_request
    rv = self.dispatch_request()
  File "/home/crypto/miniconda3/envs/blog/lib/python3.7/site-packages/flask/app.py", line 1936, in dispatch_request
    return self.view_functions[rule.endpoint](**req.view_args)
  File "/home/crypto/miniconda3/envs/blog/lib/python3.7/site-packages/flask_restplus/api.py", line 325, in wrapper
    resp = resource(*args, **kwargs)
  File "/home/crypto/miniconda3/envs/blog/lib/python3.7/site-packages/flask/views.py", line 89, in view
    return self.dispatch_request(*args, **kwargs)
  File "/home/crypto/miniconda3/envs/blog/lib/python3.7/site-packages/flask_restplus/resource.py", line 44, in dispatch_request
    resp = meth(*args, **kwargs)
  File "/home/crypto/miniconda3/envs/blog/lib/python3.7/site-packages/flask_cors/decorator.py", line 128, in wrapped_function
    resp = make_response(f(*args, **kwargs))
  File "/home/crypto/Projects/Blog/app/backend/app.py", line 163, in decorated_function
    return f(self, error, credentials, *args, **kwargs)
  File "/home/crypto/Projects/Blog/app/backend/app.py", line 248, in post
    statusCode = "500")
  File "/home/crypto/miniconda3/envs/blog/lib/python3.7/site-packages/flask_restplus/namespace.py", line 141, in abort
    abort(*args, **kwargs)
  File "/home/crypto/miniconda3/envs/blog/lib/python3.7/site-packages/flask_restplus/errors.py", line 31, in abort
    flask.abort(code)
  File "/home/crypto/miniconda3/envs/blog/lib/python3.7/site-packages/werkzeug/exceptions.py", line 772, in abort
    return _aborter(status, *args, **kwargs)
  File "/home/crypto/miniconda3/envs/blog/lib/python3.7/site-packages/werkzeug/exceptions.py", line 753, in __call__
    raise self.mapping[code](*args, **kwargs)
werkzeug.exceptions.InternalServerError: 500 Internal Server Error: The server encountered an internal error and was unable to complete your request. Either the server is overloaded or there is an error in the application.
[2020-07-12 21:48:09,448] DEBUG in app: ***authentication***
[2020-07-12 21:48:09,452] DEBUG in app: token:eyJ0eXAiOiJKV1QiLCJhbGciOiJIUzI1NiJ9.eyJleHAiOjE1OTQ2ODc2NTAsImlhdCI6MTU5NDYwMTI1MCwic3lzIjoiYmxvZyIsInVzciI6ImFkbWluaXN0cmFkb3IiLCJwc3ciOiIxMjM0NSIsImdycCI6IjIifQ.Fxq0fz8G35V2YybkSoYLhFwb9GyZ7Fu6ejfx5kOEv-k
[2020-07-12 21:48:09,454] DEBUG in app: ***authentication end***
[2020-07-12 21:48:09,485] ERROR in app: Exception on /api/api/add_post/ [POST]
Traceback (most recent call last):
  File "/home/crypto/Projects/Blog/app/backend/app.py", line 240, in post
    now_time)
  File "/home/crypto/Projects/Blog/app/backend/backend.py", line 38, in insert
    ('{title}', '{post}', '{categories}', '{img_filename}', '{image_name}', '{author}', '{date}')''')
psycopg2.errors.InFailedSqlTransaction: current transaction is aborted, commands ignored until end of transaction block


During handling of the above exception, another exception occurred:

Traceback (most recent call last):
  File "/home/crypto/miniconda3/envs/blog/lib/python3.7/site-packages/flask/app.py", line 1950, in full_dispatch_request
    rv = self.dispatch_request()
  File "/home/crypto/miniconda3/envs/blog/lib/python3.7/site-packages/flask/app.py", line 1936, in dispatch_request
    return self.view_functions[rule.endpoint](**req.view_args)
  File "/home/crypto/miniconda3/envs/blog/lib/python3.7/site-packages/flask_restplus/api.py", line 325, in wrapper
    resp = resource(*args, **kwargs)
  File "/home/crypto/miniconda3/envs/blog/lib/python3.7/site-packages/flask/views.py", line 89, in view
    return self.dispatch_request(*args, **kwargs)
  File "/home/crypto/miniconda3/envs/blog/lib/python3.7/site-packages/flask_restplus/resource.py", line 44, in dispatch_request
    resp = meth(*args, **kwargs)
  File "/home/crypto/miniconda3/envs/blog/lib/python3.7/site-packages/flask_cors/decorator.py", line 128, in wrapped_function
    resp = make_response(f(*args, **kwargs))
  File "/home/crypto/Projects/Blog/app/backend/app.py", line 163, in decorated_function
    return f(self, error, credentials, *args, **kwargs)
  File "/home/crypto/Projects/Blog/app/backend/app.py", line 248, in post
    statusCode = "500")
  File "/home/crypto/miniconda3/envs/blog/lib/python3.7/site-packages/flask_restplus/namespace.py", line 141, in abort
    abort(*args, **kwargs)
  File "/home/crypto/miniconda3/envs/blog/lib/python3.7/site-packages/flask_restplus/errors.py", line 31, in abort
    flask.abort(code)
  File "/home/crypto/miniconda3/envs/blog/lib/python3.7/site-packages/werkzeug/exceptions.py", line 772, in abort
    return _aborter(status, *args, **kwargs)
  File "/home/crypto/miniconda3/envs/blog/lib/python3.7/site-packages/werkzeug/exceptions.py", line 753, in __call__
    raise self.mapping[code](*args, **kwargs)
werkzeug.exceptions.InternalServerError: 500 Internal Server Error: The server encountered an internal error and was unable to complete your request. Either the server is overloaded or there is an error in the application.
[2020-07-12 21:49:26,586] DEBUG in app: ***authentication***
[2020-07-12 21:49:26,590] DEBUG in app: token:eyJ0eXAiOiJKV1QiLCJhbGciOiJIUzI1NiJ9.eyJleHAiOjE1OTQ2ODc2NTAsImlhdCI6MTU5NDYwMTI1MCwic3lzIjoiYmxvZyIsInVzciI6ImFkbWluaXN0cmFkb3IiLCJwc3ciOiIxMjM0NSIsImdycCI6IjIifQ.Fxq0fz8G35V2YybkSoYLhFwb9GyZ7Fu6ejfx5kOEv-k
[2020-07-12 21:49:26,594] DEBUG in app: ***authentication end***
[2020-07-12 21:49:26,622] ERROR in app: Exception on /api/api/add_post/ [POST]
Traceback (most recent call last):
  File "/home/crypto/Projects/Blog/app/backend/app.py", line 240, in post
    now_time)
  File "/home/crypto/Projects/Blog/app/backend/backend.py", line 38, in insert
    ('{title}', '{post}', '{categories}', '{img_filename}', '{image_name}', '{author}', '{date}')''')
psycopg2.errors.StringDataRightTruncation: value too long for type character varying(10)


During handling of the above exception, another exception occurred:

Traceback (most recent call last):
  File "/home/crypto/miniconda3/envs/blog/lib/python3.7/site-packages/flask/app.py", line 1950, in full_dispatch_request
    rv = self.dispatch_request()
  File "/home/crypto/miniconda3/envs/blog/lib/python3.7/site-packages/flask/app.py", line 1936, in dispatch_request
    return self.view_functions[rule.endpoint](**req.view_args)
  File "/home/crypto/miniconda3/envs/blog/lib/python3.7/site-packages/flask_restplus/api.py", line 325, in wrapper
    resp = resource(*args, **kwargs)
  File "/home/crypto/miniconda3/envs/blog/lib/python3.7/site-packages/flask/views.py", line 89, in view
    return self.dispatch_request(*args, **kwargs)
  File "/home/crypto/miniconda3/envs/blog/lib/python3.7/site-packages/flask_restplus/resource.py", line 44, in dispatch_request
    resp = meth(*args, **kwargs)
  File "/home/crypto/miniconda3/envs/blog/lib/python3.7/site-packages/flask_cors/decorator.py", line 128, in wrapped_function
    resp = make_response(f(*args, **kwargs))
  File "/home/crypto/Projects/Blog/app/backend/app.py", line 163, in decorated_function
    return f(self, error, credentials, *args, **kwargs)
  File "/home/crypto/Projects/Blog/app/backend/app.py", line 248, in post
    statusCode = "500")
  File "/home/crypto/miniconda3/envs/blog/lib/python3.7/site-packages/flask_restplus/namespace.py", line 141, in abort
    abort(*args, **kwargs)
  File "/home/crypto/miniconda3/envs/blog/lib/python3.7/site-packages/flask_restplus/errors.py", line 31, in abort
    flask.abort(code)
  File "/home/crypto/miniconda3/envs/blog/lib/python3.7/site-packages/werkzeug/exceptions.py", line 772, in abort
    return _aborter(status, *args, **kwargs)
  File "/home/crypto/miniconda3/envs/blog/lib/python3.7/site-packages/werkzeug/exceptions.py", line 753, in __call__
    raise self.mapping[code](*args, **kwargs)
werkzeug.exceptions.InternalServerError: 500 Internal Server Error: The server encountered an internal error and was unable to complete your request. Either the server is overloaded or there is an error in the application.
[2020-07-12 21:51:29,056] DEBUG in app: ***authentication***
[2020-07-12 21:51:29,057] DEBUG in app: token:eyJ0eXAiOiJKV1QiLCJhbGciOiJIUzI1NiJ9.eyJleHAiOjE1OTQ2ODc2NTAsImlhdCI6MTU5NDYwMTI1MCwic3lzIjoiYmxvZyIsInVzciI6ImFkbWluaXN0cmFkb3IiLCJwc3ciOiIxMjM0NSIsImdycCI6IjIifQ.Fxq0fz8G35V2YybkSoYLhFwb9GyZ7Fu6ejfx5kOEv-k
[2020-07-12 21:51:29,061] DEBUG in app: ***authentication end***
[2020-07-12 21:51:29,080] ERROR in app: Exception on /api/api/add_post/ [POST]
Traceback (most recent call last):
  File "/home/crypto/Projects/Blog/app/backend/app.py", line 240, in post
    now_time)
  File "/home/crypto/Projects/Blog/app/backend/backend.py", line 38, in insert
    ('{title}', '{post}', '{categories}', '{img_filename}', '{image_name}', '{author}', '{date}')''')
psycopg2.errors.InFailedSqlTransaction: current transaction is aborted, commands ignored until end of transaction block


During handling of the above exception, another exception occurred:

Traceback (most recent call last):
  File "/home/crypto/miniconda3/envs/blog/lib/python3.7/site-packages/flask/app.py", line 1950, in full_dispatch_request
    rv = self.dispatch_request()
  File "/home/crypto/miniconda3/envs/blog/lib/python3.7/site-packages/flask/app.py", line 1936, in dispatch_request
    return self.view_functions[rule.endpoint](**req.view_args)
  File "/home/crypto/miniconda3/envs/blog/lib/python3.7/site-packages/flask_restplus/api.py", line 325, in wrapper
    resp = resource(*args, **kwargs)
  File "/home/crypto/miniconda3/envs/blog/lib/python3.7/site-packages/flask/views.py", line 89, in view
    return self.dispatch_request(*args, **kwargs)
  File "/home/crypto/miniconda3/envs/blog/lib/python3.7/site-packages/flask_restplus/resource.py", line 44, in dispatch_request
    resp = meth(*args, **kwargs)
  File "/home/crypto/miniconda3/envs/blog/lib/python3.7/site-packages/flask_cors/decorator.py", line 128, in wrapped_function
    resp = make_response(f(*args, **kwargs))
  File "/home/crypto/Projects/Blog/app/backend/app.py", line 163, in decorated_function
    return f(self, error, credentials, *args, **kwargs)
  File "/home/crypto/Projects/Blog/app/backend/app.py", line 248, in post
    statusCode = "500")
  File "/home/crypto/miniconda3/envs/blog/lib/python3.7/site-packages/flask_restplus/namespace.py", line 141, in abort
    abort(*args, **kwargs)
  File "/home/crypto/miniconda3/envs/blog/lib/python3.7/site-packages/flask_restplus/errors.py", line 31, in abort
    flask.abort(code)
  File "/home/crypto/miniconda3/envs/blog/lib/python3.7/site-packages/werkzeug/exceptions.py", line 772, in abort
    return _aborter(status, *args, **kwargs)
  File "/home/crypto/miniconda3/envs/blog/lib/python3.7/site-packages/werkzeug/exceptions.py", line 753, in __call__
    raise self.mapping[code](*args, **kwargs)
werkzeug.exceptions.InternalServerError: 500 Internal Server Error: The server encountered an internal error and was unable to complete your request. Either the server is overloaded or there is an error in the application.
[2020-07-12 21:52:57,385] DEBUG in app: ***authentication***
[2020-07-12 21:52:57,386] DEBUG in app: token:eyJ0eXAiOiJKV1QiLCJhbGciOiJIUzI1NiJ9.eyJleHAiOjE1OTQ2ODc2NTAsImlhdCI6MTU5NDYwMTI1MCwic3lzIjoiYmxvZyIsInVzciI6ImFkbWluaXN0cmFkb3IiLCJwc3ciOiIxMjM0NSIsImdycCI6IjIifQ.Fxq0fz8G35V2YybkSoYLhFwb9GyZ7Fu6ejfx5kOEv-k
[2020-07-12 21:52:57,387] DEBUG in app: ***authentication end***
[2020-07-12 21:52:57,398] ERROR in app: Exception on /api/api/add_post/ [POST]
Traceback (most recent call last):
  File "/home/crypto/Projects/Blog/app/backend/app.py", line 240, in post
    now_time)
  File "/home/crypto/Projects/Blog/app/backend/backend.py", line 38, in insert
    ('{title}', '{post}', '{categories}', '{img_filename}', '{image_name}', '{author}', '{date}')''')
psycopg2.errors.StringDataRightTruncation: value too long for type character varying(10)


During handling of the above exception, another exception occurred:

Traceback (most recent call last):
  File "/home/crypto/miniconda3/envs/blog/lib/python3.7/site-packages/flask/app.py", line 1950, in full_dispatch_request
    rv = self.dispatch_request()
  File "/home/crypto/miniconda3/envs/blog/lib/python3.7/site-packages/flask/app.py", line 1936, in dispatch_request
    return self.view_functions[rule.endpoint](**req.view_args)
  File "/home/crypto/miniconda3/envs/blog/lib/python3.7/site-packages/flask_restplus/api.py", line 325, in wrapper
    resp = resource(*args, **kwargs)
  File "/home/crypto/miniconda3/envs/blog/lib/python3.7/site-packages/flask/views.py", line 89, in view
    return self.dispatch_request(*args, **kwargs)
  File "/home/crypto/miniconda3/envs/blog/lib/python3.7/site-packages/flask_restplus/resource.py", line 44, in dispatch_request
    resp = meth(*args, **kwargs)
  File "/home/crypto/miniconda3/envs/blog/lib/python3.7/site-packages/flask_cors/decorator.py", line 128, in wrapped_function
    resp = make_response(f(*args, **kwargs))
  File "/home/crypto/Projects/Blog/app/backend/app.py", line 163, in decorated_function
    return f(self, error, credentials, *args, **kwargs)
  File "/home/crypto/Projects/Blog/app/backend/app.py", line 248, in post
    statusCode = "500")
  File "/home/crypto/miniconda3/envs/blog/lib/python3.7/site-packages/flask_restplus/namespace.py", line 141, in abort
    abort(*args, **kwargs)
  File "/home/crypto/miniconda3/envs/blog/lib/python3.7/site-packages/flask_restplus/errors.py", line 31, in abort
    flask.abort(code)
  File "/home/crypto/miniconda3/envs/blog/lib/python3.7/site-packages/werkzeug/exceptions.py", line 772, in abort
    return _aborter(status, *args, **kwargs)
  File "/home/crypto/miniconda3/envs/blog/lib/python3.7/site-packages/werkzeug/exceptions.py", line 753, in __call__
    raise self.mapping[code](*args, **kwargs)
werkzeug.exceptions.InternalServerError: 500 Internal Server Error: The server encountered an internal error and was unable to complete your request. Either the server is overloaded or there is an error in the application.
[2020-07-12 21:57:34,405] DEBUG in app: ***authentication***
[2020-07-12 21:57:34,411] DEBUG in app: token:eyJ0eXAiOiJKV1QiLCJhbGciOiJIUzI1NiJ9.eyJleHAiOjE1OTQ2ODc2NTAsImlhdCI6MTU5NDYwMTI1MCwic3lzIjoiYmxvZyIsInVzciI6ImFkbWluaXN0cmFkb3IiLCJwc3ciOiIxMjM0NSIsImdycCI6IjIifQ.Fxq0fz8G35V2YybkSoYLhFwb9GyZ7Fu6ejfx5kOEv-k
[2020-07-12 21:57:34,415] DEBUG in app: ***authentication end***
[2020-07-12 21:57:34,461] ERROR in app: Exception on /api/api/add_post/ [POST]
Traceback (most recent call last):
  File "/home/crypto/Projects/Blog/app/backend/app.py", line 241, in post
    now_time)
  File "/home/crypto/Projects/Blog/app/backend/backend.py", line 38, in insert
    ('{title}', '{post}', '{categories}', '{img_filename}', '{image_name}', '{author}', '{date}')''')
psycopg2.errors.StringDataRightTruncation: value too long for type character varying(10)


During handling of the above exception, another exception occurred:

Traceback (most recent call last):
  File "/home/crypto/miniconda3/envs/blog/lib/python3.7/site-packages/flask/app.py", line 1950, in full_dispatch_request
    rv = self.dispatch_request()
  File "/home/crypto/miniconda3/envs/blog/lib/python3.7/site-packages/flask/app.py", line 1936, in dispatch_request
    return self.view_functions[rule.endpoint](**req.view_args)
  File "/home/crypto/miniconda3/envs/blog/lib/python3.7/site-packages/flask_restplus/api.py", line 325, in wrapper
    resp = resource(*args, **kwargs)
  File "/home/crypto/miniconda3/envs/blog/lib/python3.7/site-packages/flask/views.py", line 89, in view
    return self.dispatch_request(*args, **kwargs)
  File "/home/crypto/miniconda3/envs/blog/lib/python3.7/site-packages/flask_restplus/resource.py", line 44, in dispatch_request
    resp = meth(*args, **kwargs)
  File "/home/crypto/miniconda3/envs/blog/lib/python3.7/site-packages/flask_cors/decorator.py", line 128, in wrapped_function
    resp = make_response(f(*args, **kwargs))
  File "/home/crypto/Projects/Blog/app/backend/app.py", line 163, in decorated_function
    return f(self, error, credentials, *args, **kwargs)
  File "/home/crypto/Projects/Blog/app/backend/app.py", line 250, in post
    statusCode = "500")
  File "/home/crypto/miniconda3/envs/blog/lib/python3.7/site-packages/flask_restplus/namespace.py", line 141, in abort
    abort(*args, **kwargs)
  File "/home/crypto/miniconda3/envs/blog/lib/python3.7/site-packages/flask_restplus/errors.py", line 31, in abort
    flask.abort(code)
  File "/home/crypto/miniconda3/envs/blog/lib/python3.7/site-packages/werkzeug/exceptions.py", line 772, in abort
    return _aborter(status, *args, **kwargs)
  File "/home/crypto/miniconda3/envs/blog/lib/python3.7/site-packages/werkzeug/exceptions.py", line 753, in __call__
    raise self.mapping[code](*args, **kwargs)
werkzeug.exceptions.InternalServerError: 500 Internal Server Error: The server encountered an internal error and was unable to complete your request. Either the server is overloaded or there is an error in the application.
[2020-07-12 21:59:42,202] DEBUG in app: ***authentication***
[2020-07-12 21:59:42,205] DEBUG in app: token:eyJ0eXAiOiJKV1QiLCJhbGciOiJIUzI1NiJ9.eyJleHAiOjE1OTQ2ODc2NTAsImlhdCI6MTU5NDYwMTI1MCwic3lzIjoiYmxvZyIsInVzciI6ImFkbWluaXN0cmFkb3IiLCJwc3ciOiIxMjM0NSIsImdycCI6IjIifQ.Fxq0fz8G35V2YybkSoYLhFwb9GyZ7Fu6ejfx5kOEv-k
[2020-07-12 21:59:42,209] DEBUG in app: ***authentication end***
[2020-07-12 21:59:42,232] ERROR in app: Exception on /api/api/add_post/ [POST]
Traceback (most recent call last):
  File "/home/crypto/Projects/Blog/app/backend/app.py", line 248, in post
    now_time)
  File "/home/crypto/Projects/Blog/app/backend/backend.py", line 38, in insert
    ('{title}', '{post}', '{categories}', '{img_filename}', '{image_name}', '{author}', '{date}')''')
psycopg2.errors.StringDataRightTruncation: value too long for type character varying(10)


During handling of the above exception, another exception occurred:

Traceback (most recent call last):
  File "/home/crypto/miniconda3/envs/blog/lib/python3.7/site-packages/flask/app.py", line 1950, in full_dispatch_request
    rv = self.dispatch_request()
  File "/home/crypto/miniconda3/envs/blog/lib/python3.7/site-packages/flask/app.py", line 1936, in dispatch_request
    return self.view_functions[rule.endpoint](**req.view_args)
  File "/home/crypto/miniconda3/envs/blog/lib/python3.7/site-packages/flask_restplus/api.py", line 325, in wrapper
    resp = resource(*args, **kwargs)
  File "/home/crypto/miniconda3/envs/blog/lib/python3.7/site-packages/flask/views.py", line 89, in view
    return self.dispatch_request(*args, **kwargs)
  File "/home/crypto/miniconda3/envs/blog/lib/python3.7/site-packages/flask_restplus/resource.py", line 44, in dispatch_request
    resp = meth(*args, **kwargs)
  File "/home/crypto/miniconda3/envs/blog/lib/python3.7/site-packages/flask_cors/decorator.py", line 128, in wrapped_function
    resp = make_response(f(*args, **kwargs))
  File "/home/crypto/Projects/Blog/app/backend/app.py", line 163, in decorated_function
    return f(self, error, credentials, *args, **kwargs)
  File "/home/crypto/Projects/Blog/app/backend/app.py", line 257, in post
    statusCode = "500")
  File "/home/crypto/miniconda3/envs/blog/lib/python3.7/site-packages/flask_restplus/namespace.py", line 141, in abort
    abort(*args, **kwargs)
  File "/home/crypto/miniconda3/envs/blog/lib/python3.7/site-packages/flask_restplus/errors.py", line 31, in abort
    flask.abort(code)
  File "/home/crypto/miniconda3/envs/blog/lib/python3.7/site-packages/werkzeug/exceptions.py", line 772, in abort
    return _aborter(status, *args, **kwargs)
  File "/home/crypto/miniconda3/envs/blog/lib/python3.7/site-packages/werkzeug/exceptions.py", line 753, in __call__
    raise self.mapping[code](*args, **kwargs)
werkzeug.exceptions.InternalServerError: 500 Internal Server Error: The server encountered an internal error and was unable to complete your request. Either the server is overloaded or there is an error in the application.
